# x= #alpha_{int} [deg] ,  y= J(#alpha_{int}) [GeV^{2} cm^{-5}]
#     x       y_pdf_median  y_pdf_mean  y_mostlikely  y_chi2_best    CL_lo_PDF   CL_up_PDF
#                                                                 |          68.0% CL         |          95.0% CL          
1.0000e-02 1.11e+16 1.13e+16 8.72e+15 3.14e+15   3.07e+15 4.06e+16   9.66e+14 1.12e+17  
1.2690e-02 1.79e+16 1.82e+16 1.37e+16 5.05e+15   5.00e+15 6.56e+16   1.57e+15 1.79e+17  
1.6103e-02 2.88e+16 2.93e+16 2.20e+16 8.13e+15   8.04e+15 1.06e+17   2.52e+15 2.89e+17  
2.0434e-02 4.56e+16 4.71e+16 3.35e+16 1.31e+16   1.29e+16 1.70e+17   4.03e+15 4.63e+17  
2.5929e-02 7.38e+16 7.58e+16 5.83e+16 2.11e+16   2.05e+16 2.76e+17   6.55e+15 7.68e+17  
3.2903e-02 1.20e+17 1.22e+17 9.17e+16 3.40e+16   3.37e+16 4.41e+17   1.05e+16 1.19e+18  
4.1753e-02 1.91e+17 1.96e+17 6.27e+16 5.47e+16   5.33e+16 7.18e+17   1.69e+16 1.99e+18  
5.2983e-02 3.07e+17 3.15e+17 2.31e+17 8.67e+16   8.57e+16 1.16e+18   2.72e+16 3.20e+18  
6.7234e-02 4.84e+17 5.02e+17 3.58e+17 1.39e+17   1.34e+17 1.83e+18   4.35e+16 5.10e+18  
8.5317e-02 7.78e+17 8.03e+17 2.14e+17 2.14e+17   2.14e+17 2.95e+18   6.98e+16 8.22e+18  
1.0826e-01 1.23e+18 1.27e+18 3.40e+17 3.43e+17   3.39e+17 4.76e+18   1.10e+17 1.32e+19  
1.3738e-01 1.92e+18 2.01e+18 5.40e+17 5.41e+17   5.38e+17 7.62e+18   1.75e+17 2.12e+19  
1.7433e-01 3.01e+18 3.15e+18 6.88e+18 8.67e+17   8.50e+17 1.24e+19   2.68e+17 3.36e+19  
2.2122e-01 4.51e+18 4.93e+18 4.40e+18 1.39e+18   1.29e+18 1.96e+19   4.13e+17 5.51e+19  
2.8072e-01 7.02e+18 7.59e+18 2.40e+18 2.18e+18   1.94e+18 3.17e+19   6.35e+17 8.76e+19  
3.5622e-01 1.06e+19 1.15e+19 5.66e+18 3.47e+18   2.95e+18 5.05e+19   9.44e+17 1.37e+20  
4.5204e-01 1.55e+19 1.70e+19 6.16e+18 5.58e+18   4.02e+18 8.05e+19   1.33e+18 2.20e+20  
5.7362e-01 2.24e+19 2.45e+19 7.61e+18 8.76e+18   5.47e+18 1.30e+20   1.82e+18 3.53e+20  
7.2790e-01 3.14e+19 3.46e+19 1.63e+19 1.43e+19   7.34e+18 2.01e+20   2.26e+18 5.62e+20  
9.2367e-01 4.19e+19 4.74e+19 1.05e+19 2.23e+19   8.89e+18 3.13e+20   2.56e+18 8.83e+20  
1.1721e+00 6.01e+19 6.30e+19 3.86e+19 3.33e+19   1.00e+19 4.77e+20   2.80e+18 1.37e+21  
1.4874e+00 7.72e+19 8.11e+19 5.54e+19 4.84e+19   1.12e+19 7.00e+20   2.72e+18 2.11e+21  
1.8874e+00 9.42e+19 1.02e+20 1.95e+21 6.95e+19   1.20e+19 1.04e+21   3.06e+18 3.23e+21  
2.3950e+00 1.18e+20 1.23e+20 9.98e+19 9.33e+19   1.18e+19 1.51e+21   2.99e+18 4.48e+21  
3.0392e+00 1.38e+20 1.44e+20 1.37e+20 1.19e+20   1.25e+19 2.15e+21   3.03e+18 6.62e+21  
3.8566e+00 1.57e+20 1.63e+20 1.61e+20 1.44e+20   1.27e+19 2.85e+21   3.03e+18 8.67e+21  
4.8939e+00 1.69e+20 1.80e+20 1.75e+20 1.65e+20   1.26e+19 3.60e+21   2.99e+18 1.11e+22  
6.2102e+00 1.76e+20 1.94e+20 2.79e+20 1.81e+20   1.25e+19 4.28e+21   2.98e+18 1.46e+22  
7.8805e+00 1.85e+20 2.04e+20 2.14e+20 1.93e+20   1.21e+19 4.97e+21   3.03e+18 1.71e+22  
1.0000e+01 1.91e+20 2.12e+20 2.55e+20 2.00e+20   1.22e+19 5.30e+21   3.02e+18 2.14e+22  
