# x= #alpha_{int} [deg] ,  y= J(#alpha_{int}) [GeV^{2} cm^{-5}]
#     x       y_pdf_median  y_pdf_mean  y_mostlikely  y_chi2_best    CL_lo_PDF   CL_up_PDF
#                                                                 |          68.0% CL         |          95.0% CL          
1.0000e-02 1.36e+16 1.29e+16 1.63e+16 1.22e+16   9.74e+15 1.75e+16   5.58e+15 2.11e+16  
1.2690e-02 2.17e+16 2.06e+16 2.61e+16 1.95e+16   1.56e+16 2.79e+16   8.97e+15 3.37e+16  
1.6103e-02 3.47e+16 3.29e+16 3.81e+16 3.11e+16   2.48e+16 4.45e+16   1.44e+16 5.35e+16  
2.0434e-02 5.50e+16 5.21e+16 6.56e+16 4.94e+16   3.95e+16 7.04e+16   2.28e+16 8.45e+16  
2.5929e-02 8.65e+16 8.21e+16 8.62e+16 7.79e+16   6.24e+16 1.10e+17   3.64e+16 1.32e+17  
3.2903e-02 1.35e+17 1.28e+17 1.46e+17 1.22e+17   9.80e+16 1.72e+17   5.78e+16 2.04e+17  
4.1753e-02 2.07e+17 1.97e+17 2.44e+17 1.87e+17   1.52e+17 2.61e+17   9.09e+16 3.10e+17  
5.2983e-02 3.12e+17 2.97e+17 3.39e+17 2.82e+17   2.31e+17 3.89e+17   1.42e+17 4.62e+17  
6.7234e-02 4.57e+17 4.36e+17 4.93e+17 4.14e+17   3.43e+17 5.62e+17   2.13e+17 6.68e+17  
8.5317e-02 6.46e+17 6.21e+17 6.76e+17 5.90e+17   4.96e+17 7.86e+17   3.26e+17 9.27e+17  
1.0826e-01 8.77e+17 8.46e+17 8.75e+17 8.03e+17   6.87e+17 1.05e+18   4.72e+17 1.23e+18  
1.3738e-01 1.13e+18 1.10e+18 1.12e+18 1.04e+18   9.09e+17 1.33e+18   6.71e+17 1.55e+18  
1.7433e-01 1.39e+18 1.36e+18 1.47e+18 1.29e+18   1.16e+18 1.61e+18   8.97e+17 1.85e+18  
2.2122e-01 1.62e+18 1.61e+18 1.61e+18 1.51e+18   1.38e+18 1.87e+18   1.14e+18 2.17e+18  
2.8072e-01 1.79e+18 1.79e+18 1.67e+18 1.68e+18   1.56e+18 2.05e+18   1.35e+18 2.32e+18  
3.5622e-01 1.92e+18 1.93e+18 1.90e+18 1.81e+18   1.70e+18 2.20e+18   1.50e+18 2.45e+18  
4.5204e-01 2.05e+18 2.04e+18 2.17e+18 1.97e+18   1.82e+18 2.30e+18   1.62e+18 2.57e+18  
5.7362e-01 2.08e+18 2.08e+18 2.21e+18 1.95e+18   1.85e+18 2.34e+18   1.65e+18 2.60e+18  
7.2790e-01 2.12e+18 2.12e+18 2.02e+18 1.98e+18   1.88e+18 2.39e+18   1.70e+18 2.65e+18  
9.2367e-01 2.14e+18 2.15e+18 2.27e+18 2.00e+18   1.90e+18 2.43e+18   1.72e+18 2.70e+18  
1.1721e+00 2.14e+18 2.15e+18 2.27e+18 2.00e+18   1.90e+18 2.43e+18   1.73e+18 2.66e+18  
1.4874e+00 2.17e+18 2.17e+18 2.13e+18 2.02e+18   1.92e+18 2.44e+18   1.74e+18 2.70e+18  
1.8874e+00 2.16e+18 2.16e+18 2.27e+18 2.01e+18   1.91e+18 2.45e+18   1.74e+18 2.72e+18  
2.3950e+00 2.16e+18 2.16e+18 2.27e+18 2.01e+18   1.91e+18 2.44e+18   1.73e+18 2.69e+18  
3.0392e+00 2.16e+18 2.16e+18 2.12e+18 2.01e+18   1.91e+18 2.44e+18   1.74e+18 2.68e+18  
3.8566e+00 2.16e+18 2.16e+18 2.12e+18 2.01e+18   1.91e+18 2.44e+18   1.73e+18 2.68e+18  
4.8939e+00 2.16e+18 2.16e+18 2.12e+18 2.01e+18   1.91e+18 2.44e+18   1.73e+18 2.68e+18  
6.2102e+00 2.16e+18 2.16e+18 2.12e+18 2.01e+18   1.91e+18 2.44e+18   1.73e+18 2.68e+18  
7.8805e+00 2.16e+18 2.16e+18 2.12e+18 2.01e+18   1.91e+18 2.44e+18   1.73e+18 2.68e+18  
1.0000e+01 2.16e+18 2.16e+18 2.12e+18 2.01e+18   1.91e+18 2.44e+18   1.73e+18 2.68e+18  
