# x= #alpha_{int} [deg] ,  y= J(#alpha_{int}) [GeV^{2} cm^{-5}]
#     x       y_pdf_median  y_pdf_mean  y_mostlikely  y_chi2_best    CL_lo_PDF   CL_up_PDF
#                                                                 |          68.0% CL         |          95.0% CL          
1.0000e-02 1.47e+16 1.56e+16 1.31e+16 1.71e+16   1.18e+16 1.99e+16   9.91e+15 3.72e+16  
1.2690e-02 2.37e+16 2.52e+16 2.11e+16 2.75e+16   1.90e+16 3.21e+16   1.60e+16 6.02e+16  
1.6103e-02 3.81e+16 4.05e+16 3.40e+16 4.43e+16   3.05e+16 5.17e+16   2.57e+16 9.61e+16  
2.0434e-02 6.14e+16 6.52e+16 5.46e+16 7.13e+16   4.92e+16 8.32e+16   4.14e+16 1.56e+17  
2.5929e-02 9.89e+16 1.05e+17 8.79e+16 1.15e+17   7.92e+16 1.34e+17   6.66e+16 2.50e+17  
3.2903e-02 1.59e+17 1.69e+17 1.53e+17 1.85e+17   1.27e+17 2.15e+17   1.07e+17 4.03e+17  
4.1753e-02 2.56e+17 2.72e+17 2.46e+17 2.97e+17   2.05e+17 3.47e+17   1.72e+17 6.49e+17  
5.2983e-02 4.10e+17 4.37e+17 3.62e+17 4.78e+17   3.28e+17 5.57e+17   2.76e+17 1.05e+18  
6.7234e-02 6.53e+17 6.95e+17 5.66e+17 7.64e+17   5.20e+17 8.92e+17   4.38e+17 1.68e+18  
8.5317e-02 1.05e+18 1.12e+18 1.01e+18 1.23e+18   8.34e+17 1.44e+18   7.00e+17 2.72e+18  
1.0826e-01 1.67e+18 1.78e+18 1.62e+18 1.97e+18   1.33e+18 2.31e+18   1.11e+18 4.38e+18  
1.3738e-01 2.64e+18 2.83e+18 2.56e+18 3.15e+18   2.10e+18 3.70e+18   1.74e+18 7.05e+18  
1.7433e-01 4.18e+18 4.48e+18 3.95e+18 5.01e+18   3.32e+18 5.91e+18   2.73e+18 1.13e+19  
2.2122e-01 6.54e+18 7.02e+18 6.20e+18 7.97e+18   5.11e+18 9.42e+18   4.15e+18 1.81e+19  
2.8072e-01 1.01e+19 1.09e+19 9.71e+18 1.26e+19   7.81e+18 1.49e+19   6.40e+18 2.92e+19  
3.5622e-01 1.54e+19 1.66e+19 1.41e+19 1.96e+19   1.17e+19 2.32e+19   9.14e+18 4.66e+19  
4.5204e-01 2.31e+19 2.48e+19 1.93e+19 3.01e+19   1.70e+19 3.59e+19   1.27e+19 7.38e+19  
5.7362e-01 3.38e+19 3.60e+19 2.92e+19 4.54e+19   2.34e+19 5.53e+19   1.75e+19 1.17e+20  
7.2790e-01 4.73e+19 5.05e+19 4.26e+19 6.66e+19   3.08e+19 8.33e+19   2.15e+19 1.83e+20  
9.2367e-01 6.29e+19 6.80e+19 5.88e+19 9.46e+19   3.89e+19 1.22e+20   2.45e+19 2.84e+20  
1.1721e+00 7.98e+19 8.75e+19 7.61e+19 1.29e+20   4.62e+19 1.71e+20   2.73e+19 4.35e+20  
1.4874e+00 9.73e+19 1.07e+20 7.09e+19 1.66e+20   5.25e+19 2.30e+20   2.84e+19 6.52e+20  
1.8874e+00 1.11e+20 1.26e+20 1.09e+20 2.05e+20   5.69e+19 2.94e+20   3.03e+19 9.37e+20  
2.3950e+00 1.24e+20 1.41e+20 1.26e+20 2.29e+20   5.98e+19 3.56e+20   3.12e+19 1.34e+21  
3.0392e+00 1.32e+20 1.54e+20 1.32e+20 2.64e+20   6.20e+19 4.13e+20   3.11e+19 1.82e+21  
3.8566e+00 1.37e+20 1.63e+20 1.39e+20 2.84e+20   6.28e+19 4.55e+20   3.11e+19 2.40e+21  
4.8939e+00 1.41e+20 1.69e+20 9.56e+19 2.96e+20   6.31e+19 4.75e+20   3.17e+19 2.87e+21  
6.2102e+00 1.42e+20 1.74e+20 1.51e+20 3.03e+20   6.37e+19 5.02e+20   3.18e+19 3.34e+21  
7.8805e+00 1.42e+20 1.76e+20 1.38e+20 3.08e+20   6.41e+19 5.10e+20   3.09e+19 3.63e+21  
1.0000e+01 1.44e+20 1.78e+20 9.63e+19 3.10e+20   6.39e+19 5.19e+20   3.10e+19 3.75e+21  
