# x= #alpha_{int} [deg] ,  y= J(#alpha_{int}) [GeV^{2} cm^{-5}]
#     x       y_pdf_median  y_pdf_mean  y_mostlikely  y_chi2_best    CL_lo_PDF   CL_up_PDF
#                                                                 |          68.0% CL         |          95.0% CL          
1.0000e-02 1.59e+16 1.57e+16 1.61e+16 2.14e+16   7.72e+15 3.09e+16   4.33e+15 6.09e+16  
1.2690e-02 2.56e+16 2.52e+16 2.58e+16 3.44e+16   1.24e+16 4.97e+16   6.96e+15 9.71e+16  
1.6103e-02 4.08e+16 4.03e+16 4.16e+16 5.48e+16   2.00e+16 7.88e+16   1.12e+16 1.54e+17  
2.0434e-02 6.48e+16 6.44e+16 4.27e+16 8.74e+16   3.21e+16 1.26e+17   1.80e+16 2.43e+17  
2.5929e-02 1.04e+17 1.02e+17 6.74e+16 1.39e+17   5.16e+16 1.99e+17   2.90e+16 3.77e+17  
3.2903e-02 1.63e+17 1.61e+17 2.11e+17 2.19e+17   8.18e+16 3.10e+17   4.67e+16 5.79e+17  
4.1753e-02 2.58e+17 2.53e+17 2.63e+17 3.41e+17   1.30e+17 4.77e+17   7.44e+16 8.71e+17  
5.2983e-02 3.99e+17 3.91e+17 4.02e+17 5.23e+17   2.05e+17 7.28e+17   1.18e+17 1.27e+18  
6.7234e-02 5.97e+17 5.86e+17 6.04e+17 7.87e+17   3.14e+17 1.08e+18   1.84e+17 1.80e+18  
8.5317e-02 9.06e+17 8.82e+17 9.22e+17 1.16e+18   4.93e+17 1.53e+18   2.91e+17 2.46e+18  
1.0826e-01 1.31e+18 1.27e+18 1.28e+18 1.64e+18   7.49e+17 2.11e+18   4.54e+17 3.17e+18  
1.3738e-01 1.82e+18 1.76e+18 1.26e+18 2.22e+18   1.11e+18 2.75e+18   6.95e+17 3.89e+18  
1.7433e-01 2.43e+18 2.37e+18 3.21e+18 2.90e+18   1.61e+18 3.48e+18   1.04e+18 4.61e+18  
2.2122e-01 3.09e+18 3.02e+18 3.21e+18 3.56e+18   2.22e+18 4.17e+18   1.51e+18 5.38e+18  
2.8072e-01 3.74e+18 3.70e+18 3.85e+18 4.15e+18   2.90e+18 4.71e+18   2.13e+18 5.84e+18  
3.5622e-01 4.30e+18 4.26e+18 4.06e+18 4.63e+18   3.47e+18 5.23e+18   2.73e+18 6.32e+18  
4.5204e-01 4.79e+18 4.74e+18 4.79e+18 4.96e+18   3.98e+18 5.61e+18   3.37e+18 6.70e+18  
5.7362e-01 5.12e+18 5.09e+18 5.40e+18 5.17e+18   4.32e+18 5.93e+18   3.77e+18 6.92e+18  
7.2790e-01 5.35e+18 5.34e+18 5.33e+18 5.32e+18   4.53e+18 6.22e+18   3.98e+18 7.22e+18  
9.2367e-01 5.57e+18 5.56e+18 4.92e+18 5.57e+18   4.71e+18 6.52e+18   4.09e+18 7.58e+18  
1.1721e+00 5.59e+18 5.60e+18 5.61e+18 5.43e+18   4.73e+18 6.64e+18   4.10e+18 7.85e+18  
1.4874e+00 5.63e+18 5.66e+18 5.35e+18 5.47e+18   4.75e+18 6.68e+18   4.13e+18 8.23e+18  
1.8874e+00 5.70e+18 5.75e+18 5.58e+18 5.69e+18   4.79e+18 6.80e+18   4.16e+18 8.46e+18  
2.3950e+00 5.66e+18 5.72e+18 5.51e+18 5.47e+18   4.77e+18 6.80e+18   4.13e+18 8.59e+18  
3.0392e+00 5.65e+18 5.71e+18 5.60e+18 5.49e+18   4.75e+18 6.76e+18   4.12e+18 8.59e+18  
3.8566e+00 5.66e+18 5.72e+18 5.35e+18 5.48e+18   4.75e+18 6.82e+18   4.12e+18 8.68e+18  
4.8939e+00 5.66e+18 5.72e+18 5.50e+18 5.48e+18   4.75e+18 6.81e+18   4.12e+18 8.64e+18  
6.2102e+00 5.66e+18 5.72e+18 5.77e+18 5.48e+18   4.75e+18 6.81e+18   4.12e+18 8.66e+18  
7.8805e+00 5.66e+18 5.72e+18 5.77e+18 5.48e+18   4.75e+18 6.81e+18   4.12e+18 8.66e+18  
1.0000e+01 5.66e+18 5.72e+18 5.77e+18 5.48e+18   4.75e+18 6.81e+18   4.12e+18 8.66e+18  
