# x= #alpha_{int} [deg] ,  y= J(#alpha_{int}) [GeV^{2} cm^{-5}]
#     x       y_pdf_median  y_pdf_mean  y_mostlikely  y_chi2_best    CL_lo_PDF   CL_up_PDF
#                                                                 |          68.0% CL         |          95.0% CL          
1.0000e-02 3.40e+17 3.63e+17 2.00e+17 6.08e+17   1.34e+17 1.38e+18   2.93e+16 5.06e+18  
1.2690e-02 5.34e+17 5.71e+17 2.84e+17 9.39e+17   2.13e+17 2.19e+18   4.74e+16 7.72e+18  
1.6103e-02 7.78e+17 8.88e+17 4.57e+17 1.43e+18   3.25e+17 3.23e+18   7.41e+16 1.15e+19  
2.0434e-02 1.18e+18 1.36e+18 7.09e+17 2.13e+18   5.08e+17 4.84e+18   1.22e+17 1.67e+19  
2.5929e-02 1.74e+18 2.06e+18 1.17e+18 3.08e+18   7.63e+17 7.33e+18   1.96e+17 2.61e+19  
3.2903e-02 2.53e+18 3.03e+18 1.88e+18 4.28e+18   1.06e+18 9.69e+18   3.17e+17 4.35e+19  
4.1753e-02 3.82e+18 4.35e+18 3.07e+18 5.67e+18   1.40e+18 1.32e+19   4.66e+17 6.95e+19  
5.2983e-02 5.44e+18 6.07e+18 6.08e+18 7.14e+18   1.85e+18 1.71e+19   6.19e+17 9.22e+19  
6.7234e-02 7.53e+18 8.19e+18 7.68e+18 8.51e+18   2.51e+18 2.61e+19   8.05e+17 1.03e+20  
8.5317e-02 9.35e+18 1.08e+19 4.05e+18 9.68e+18   3.32e+18 3.96e+19   1.19e+18 1.40e+20  
1.0826e-01 1.11e+19 1.38e+19 4.45e+18 1.05e+19   4.32e+18 5.38e+19   1.60e+18 2.23e+20  
1.3738e-01 1.33e+19 1.72e+19 9.81e+18 1.11e+19   4.66e+18 7.55e+19   2.06e+18 3.51e+20  
1.7433e-01 1.42e+19 2.11e+19 1.06e+19 1.15e+19   4.88e+18 1.16e+20   2.33e+18 5.66e+20  
2.2122e-01 1.68e+19 2.53e+19 1.18e+19 1.17e+19   4.77e+18 1.22e+20   2.40e+18 9.56e+20  
2.8072e-01 1.85e+19 3.01e+19 5.09e+18 1.18e+19   5.09e+18 1.92e+20   2.35e+18 1.50e+21  
3.5622e-01 1.86e+19 3.51e+19 1.27e+19 1.19e+19   5.12e+18 2.96e+20   2.36e+18 2.38e+21  
4.5204e-01 1.98e+19 4.08e+19 1.23e+19 1.19e+19   4.95e+18 4.83e+20   2.43e+18 3.72e+21  
5.7362e-01 1.90e+19 4.69e+19 1.36e+19 1.19e+19   5.03e+18 7.75e+20   2.40e+18 6.00e+21  
7.2790e-01 2.04e+19 5.33e+19 1.29e+19 1.20e+19   4.87e+18 1.17e+21   2.40e+18 8.94e+21  
9.2367e-01 2.04e+19 6.04e+19 1.25e+19 1.20e+19   4.92e+18 1.81e+21   2.46e+18 1.39e+22  
1.1721e+00 1.95e+19 6.75e+19 1.30e+19 1.19e+19   4.85e+18 2.59e+21   2.35e+18 2.22e+22  
1.4874e+00 2.03e+19 7.51e+19 1.39e+19 1.16e+19   5.26e+18 3.97e+21   2.34e+18 3.09e+22  
1.8874e+00 1.94e+19 8.28e+19 1.42e+19 1.18e+19   5.24e+18 6.21e+21   2.35e+18 4.94e+22  
2.3950e+00 1.98e+19 9.03e+19 1.38e+19 1.18e+19   4.95e+18 7.88e+21   2.40e+18 6.89e+22  
3.0392e+00 2.01e+19 9.77e+19 1.25e+19 1.18e+19   5.12e+18 9.40e+21   2.44e+18 9.85e+22  
3.8566e+00 1.96e+19 1.05e+20 1.35e+19 1.18e+19   5.17e+18 1.33e+22   2.34e+18 1.59e+23  
4.8939e+00 2.03e+19 1.11e+20 1.24e+19 1.18e+19   4.86e+18 1.45e+22   2.31e+18 2.17e+23  
6.2102e+00 2.04e+19 1.17e+20 1.31e+19 1.18e+19   5.00e+18 1.79e+22   2.36e+18 2.85e+23  
7.8805e+00 1.98e+19 1.22e+20 1.34e+19 1.18e+19   5.06e+18 1.92e+22   2.34e+18 4.19e+23  
1.0000e+01 2.01e+19 1.25e+20 1.39e+19 1.18e+19   5.13e+18 2.22e+22   2.35e+18 5.06e+23  
