# x= #alpha_{int} [deg] ,  y= J(#alpha_{int}) [GeV^{2} cm^{-5}]
#     x       y_pdf_median  y_pdf_mean  y_mostlikely  y_chi2_best    CL_lo_PDF   CL_up_PDF
#                                                                 |          68.0% CL         |          95.0% CL          
1.0000e-02 7.29e+13 1.31e+01 1.32e+15 7.82e+16   1.12e-28 4.26e+16   9.74e-61 2.30e+18  
1.2690e-02 1.19e+14 1.80e+01 2.07e+15 1.26e+17   9.85e-29 6.87e+16   1.01e-60 3.68e+18  
1.6103e-02 1.91e+14 2.46e+01 3.25e+15 2.03e+17   5.47e-29 1.18e+17   1.05e-60 5.88e+18  
2.0434e-02 3.07e+14 3.36e+01 4.11e+16 3.26e+17   5.30e-29 1.75e+17   1.09e-60 9.41e+18  
2.5929e-02 4.84e+14 4.59e+01 8.03e+15 5.25e+17   6.52e-29 2.97e+17   1.13e-60 1.50e+19  
3.2903e-02 7.51e+14 6.22e+01 1.13e+16 8.46e+17   1.08e-28 4.52e+17   1.13e-60 2.36e+19  
4.1753e-02 1.19e+15 8.40e+01 1.77e+16 1.36e+18   1.08e-28 7.83e+17   1.17e-60 3.77e+19  
5.2983e-02 1.85e+15 1.13e+02 2.78e+16 2.19e+18   9.07e-29 1.27e+18   9.98e-61 6.03e+19  
6.7234e-02 2.82e+15 1.49e+02 4.36e+16 3.53e+18   5.84e-29 1.94e+18   1.04e-60 9.75e+19  
8.5317e-02 4.36e+15 1.97e+02 6.83e+16 5.69e+18   5.60e-29 3.04e+18   1.07e-60 1.56e+20  
1.0826e-01 6.73e+15 2.57e+02 1.07e+17 9.16e+18   6.86e-29 4.65e+18   1.11e-60 2.48e+20  
1.3738e-01 1.06e+16 3.31e+02 1.67e+17 1.47e+19   8.42e-29 6.58e+18   1.15e-60 3.95e+20  
1.7433e-01 1.72e+16 4.23e+02 2.33e+17 2.37e+19   9.92e-29 1.00e+19   1.18e-60 6.15e+20  
2.2122e-01 2.45e+16 5.34e+02 3.62e+17 3.82e+19   9.19e-29 1.51e+19   1.22e-60 9.61e+20  
2.8072e-01 3.37e+16 6.62e+02 5.59e+17 6.14e+19   5.77e-29 2.33e+19   1.26e-60 1.49e+21  
3.5622e-01 4.51e+16 8.09e+02 8.60e+17 9.87e+19   5.44e-29 3.50e+19   1.31e-60 2.30e+21  
4.5204e-01 5.62e+16 9.76e+02 1.31e+18 1.59e+20   6.56e-29 4.91e+19   1.35e-60 3.59e+21  
5.7362e-01 6.00e+16 1.16e+03 1.97e+18 2.54e+20   7.89e-29 6.78e+19   1.40e-60 5.41e+21  
7.2790e-01 7.53e+16 1.36e+03 2.90e+18 4.07e+20   9.41e-29 9.59e+19   4.73e-61 8.18e+21  
9.2367e-01 9.17e+16 1.57e+03 4.18e+18 6.51e+20   1.08e-28 1.23e+20   4.86e-61 1.25e+22  
1.1721e+00 1.04e+17 1.44e+03 6.34e+18 1.04e+21   6.11e-29 1.33e+20   4.82e-61 1.43e+22  
1.4874e+00 1.23e+17 1.62e+03 8.73e+18 1.61e+21   4.39e-29 1.71e+20   5.21e-61 2.18e+22  
1.8874e+00 1.36e+17 1.80e+03 1.35e+19 2.52e+21   4.44e-29 2.27e+20   5.38e-61 3.35e+22  
2.3950e+00 7.51e+16 1.97e+03 2.18e+18 3.67e+21   5.26e-29 3.00e+20   5.55e-61 4.48e+22  
3.0392e+00 9.22e+16 2.13e+03 3.29e+18 5.49e+21   6.33e-29 4.14e+20   5.73e-61 6.45e+22  
3.8566e+00 1.02e+17 2.29e+03 5.29e+19 8.39e+21   7.65e-29 4.16e+20   5.03e-61 9.91e+22  
4.8939e+00 1.19e+17 2.43e+03 8.21e+18 1.25e+22   4.23e-29 4.84e+20   5.18e-61 1.28e+23  
6.2102e+00 1.28e+17 2.55e+03 1.14e+19 1.76e+22   4.91e-29 4.84e+20   5.30e-61 1.87e+23  
7.8805e+00 1.27e+17 2.65e+03 1.57e+19 2.41e+22   4.71e-29 6.06e+20   5.43e-61 2.16e+23  
1.0000e+01 7.63e+16 2.72e+03 2.16e+18 3.05e+22   5.30e-29 6.95e+20   5.54e-61 2.78e+23  
