# x= #alpha_{int} [deg] ,  y= J(#alpha_{int}) [GeV^{2} cm^{-5}]
#     x       y_pdf_median  y_pdf_mean  y_mostlikely  y_chi2_best    CL_lo_PDF   CL_up_PDF
#                                                                 |          68.0% CL         |          95.0% CL          
1.0000e-02 7.10e+15 1.02e+16 4.64e+15 1.14e+14   1.00e+15 1.30e+17   1.14e+14 2.05e+18  
1.2690e-02 1.16e+16 1.63e+16 7.66e+15 1.84e+14   1.63e+15 2.16e+17   1.86e+14 3.15e+18  
1.6103e-02 1.83e+16 2.61e+16 1.21e+16 2.97e+14   2.60e+15 3.36e+17   2.97e+14 4.84e+18  
2.0434e-02 3.02e+16 4.16e+16 7.61e+15 4.77e+14   4.06e+15 5.19e+17   4.64e+14 7.29e+18  
2.5929e-02 4.81e+16 6.59e+16 1.24e+16 7.67e+14   6.63e+15 8.31e+17   7.63e+14 1.06e+19  
3.2903e-02 7.59e+16 1.04e+17 5.24e+16 1.23e+15   1.07e+16 1.29e+18   1.21e+15 1.49e+19  
4.1753e-02 1.23e+17 1.62e+17 3.19e+16 1.98e+15   1.71e+16 2.03e+18   1.97e+15 2.20e+19  
5.2983e-02 1.93e+17 2.51e+17 1.32e+17 3.17e+15   2.87e+16 3.13e+18   3.04e+15 2.87e+19  
6.7234e-02 2.94e+17 3.81e+17 8.22e+16 5.00e+15   4.42e+16 4.83e+18   4.83e+15 3.48e+19  
8.5317e-02 4.44e+17 5.76e+17 1.35e+17 7.99e+15   7.34e+16 7.02e+18   7.67e+15 4.12e+19  
1.0826e-01 6.78e+17 8.51e+17 5.85e+17 1.26e+16   1.16e+17 9.39e+18   1.23e+16 4.85e+19  
1.3738e-01 1.09e+18 1.23e+18 1.83e+19 1.98e+16   1.79e+17 1.16e+19   1.97e+16 5.25e+19  
1.7433e-01 1.67e+18 1.76e+18 9.90e+17 3.08e+16   2.95e+17 1.44e+19   3.15e+16 5.53e+19  
2.2122e-01 2.53e+18 2.45e+18 1.85e+19 4.71e+16   4.65e+17 1.74e+19   4.78e+16 5.84e+19  
2.8072e-01 3.76e+18 3.35e+18 3.73e+18 7.07e+16   7.02e+17 1.92e+19   6.92e+16 6.27e+19  
3.5622e-01 5.04e+18 4.46e+18 2.32e+19 1.02e+17   1.03e+18 1.97e+19   1.03e+17 6.83e+19  
4.5204e-01 6.45e+18 5.80e+18 6.14e+18 1.43e+17   1.56e+18 2.11e+19   1.42e+17 7.23e+19  
5.7362e-01 8.68e+18 7.38e+18 2.27e+19 1.91e+17   1.88e+18 2.33e+19   1.95e+17 9.29e+19  
7.2790e-01 1.15e+19 9.56e+18 2.38e+19 2.41e+17   2.90e+18 2.76e+19   2.45e+17 1.18e+20  
9.2367e-01 1.40e+19 1.17e+19 2.34e+19 2.88e+17   3.71e+18 3.86e+19   3.01e+17 1.40e+20  
1.1721e+00 1.71e+19 1.39e+19 1.92e+19 3.27e+17   4.24e+18 4.93e+19   4.12e+17 1.62e+20  
1.4874e+00 1.92e+19 1.62e+19 1.99e+19 3.53e+17   4.45e+18 6.11e+19   4.70e+17 2.00e+20  
1.8874e+00 2.03e+19 1.87e+19 2.31e+19 3.62e+17   5.08e+18 7.59e+19   4.94e+17 2.64e+20  
2.3950e+00 2.29e+19 2.10e+19 2.34e+19 3.62e+17   5.17e+18 8.76e+19   4.85e+17 3.63e+20  
3.0392e+00 2.28e+19 2.33e+19 2.00e+19 3.62e+17   5.32e+18 1.15e+20   4.86e+17 4.05e+20  
3.8566e+00 2.37e+19 2.55e+19 1.91e+19 3.62e+17   5.40e+18 1.38e+20   5.09e+17 6.25e+20  
4.8939e+00 2.46e+19 2.74e+19 2.39e+19 3.62e+17   5.23e+18 1.66e+20   4.92e+17 9.54e+20  
6.2102e+00 2.40e+19 2.90e+19 2.24e+19 3.62e+17   5.22e+18 1.92e+20   4.98e+17 1.35e+21  
7.8805e+00 2.47e+19 3.03e+19 2.39e+19 3.62e+17   5.39e+18 2.05e+20   4.94e+17 1.77e+21  
1.0000e+01 2.41e+19 3.14e+19 1.98e+19 3.62e+17   5.38e+18 2.26e+20   5.06e+17 2.39e+21  
