# x= #alpha_{int} [deg] ,  y= J(#alpha_{int}) [GeV^{2} cm^{-5}]
#     x       y_pdf_median  y_pdf_mean  y_mostlikely  y_chi2_best    CL_lo_PDF   CL_up_PDF
#                                                                 |          68.0% CL         |          95.0% CL          
1.0000e-02 2.01e+12 2.04e-07 4.33e+13 1.92e+15   1.08e-45 1.06e+16   1.05e-66 6.23e+17  
1.2690e-02 3.12e+12 2.62e-07 6.76e+13 3.09e+15   9.55e-46 1.70e+16   1.10e-66 9.94e+17  
1.6103e-02 4.84e+12 3.37e-07 1.06e+14 4.97e+15   1.11e-45 2.74e+16   1.15e-66 1.59e+18  
2.0434e-02 7.90e+12 4.33e-07 1.65e+14 7.94e+15   1.01e-45 4.33e+16   1.21e-66 2.53e+18  
2.5929e-02 1.23e+13 5.56e-07 2.57e+14 1.29e+16   1.09e-45 6.96e+16   1.27e-66 4.03e+18  
3.2903e-02 1.72e+13 7.11e-07 1.06e+17 2.07e+16   5.43e-46 1.13e+17   1.49e-66 6.60e+18  
4.1753e-02 2.66e+13 9.08e-07 1.67e+17 3.32e+16   6.30e-46 1.79e+17   1.56e-66 1.05e+19  
5.2983e-02 4.14e+13 1.16e-06 1.47e+16 5.32e+16   7.32e-46 2.83e+17   1.64e-66 1.68e+19  
6.7234e-02 6.10e+13 1.46e-06 2.30e+16 8.39e+16   8.14e-46 4.55e+17   1.72e-66 2.68e+19  
8.5317e-02 9.46e+13 1.84e-06 3.62e+16 1.35e+17   9.45e-46 7.19e+17   1.36e-66 4.27e+19  
1.0826e-01 1.43e+14 2.30e-06 5.68e+16 2.12e+17   1.07e-45 1.14e+18   1.43e-66 6.81e+19  
1.3738e-01 1.94e+14 2.87e-06 1.65e+18 3.33e+17   9.84e-46 1.92e+18   1.50e-66 1.11e+20  
1.7433e-01 1.27e+14 3.54e-06 2.60e+18 5.15e+17   1.14e-45 2.92e+18   1.57e-66 1.61e+20  
2.2122e-01 6.10e+13 4.33e-06 4.11e+18 7.92e+17   1.05e-45 4.39e+18   1.65e-66 2.57e+20  
2.8072e-01 8.89e+13 5.24e-06 6.48e+18 1.19e+18   1.21e-45 6.93e+18   1.72e-66 3.95e+20  
3.5622e-01 9.12e+13 6.26e-06 1.02e+19 1.72e+18   1.05e-45 1.06e+19   1.62e-66 6.51e+20  
4.5204e-01 1.28e+14 7.40e-06 4.45e+16 2.40e+18   1.02e-45 1.55e+19   1.69e-66 9.98e+20  
5.7362e-01 1.66e+14 8.66e-06 1.32e+18 3.20e+18   1.01e-45 1.86e+19   1.78e-66 1.53e+21  
7.2790e-01 2.05e+14 1.00e-05 1.07e+17 4.07e+18   1.16e-45 2.73e+19   1.86e-66 2.24e+21  
9.2367e-01 1.31e+14 1.14e-05 1.66e+17 4.91e+18   1.23e-45 4.08e+19   1.95e-66 3.24e+21  
1.1721e+00 7.85e+13 1.29e-05 2.55e+17 5.59e+18   2.70e-46 5.85e+19   2.04e-66 4.85e+21  
1.4874e+00 8.59e+13 1.44e-05 3.91e+17 6.13e+18   3.01e-46 8.01e+19   2.13e-66 7.21e+21  
1.8874e+00 8.60e+13 1.60e-05 5.95e+17 6.49e+18   3.33e-46 1.05e+20   2.23e-66 9.53e+21  
2.3950e+00 1.17e+14 1.75e-05 1.80e+19 6.69e+18   3.81e-46 1.28e+20   2.33e-66 1.31e+22  
3.0392e+00 1.52e+14 1.89e-05 2.66e+19 6.80e+18   4.23e-46 1.66e+20   2.42e-66 1.71e+22  
3.8566e+00 1.89e+14 2.03e-05 3.88e+19 6.81e+18   4.77e-46 2.27e+20   2.52e-66 2.15e+22  
4.8939e+00 1.53e+14 2.16e-05 5.40e+19 6.81e+18   5.30e-46 2.51e+20   2.61e-66 2.88e+22  
6.2102e+00 1.91e+14 2.27e-05 7.12e+19 6.81e+18   5.78e-46 3.10e+20   2.38e-66 2.77e+22  
7.8805e+00 1.32e+14 2.36e-05 9.26e+19 6.81e+18   6.28e-46 3.54e+20   2.45e-66 5.07e+22  
1.0000e+01 7.14e+13 2.44e-05 1.12e+20 6.81e+18   6.68e-46 3.86e+20   2.49e-66 6.11e+22  
