# x= #alpha_{int} [deg] ,  y= J(#alpha_{int}) [GeV^{2} cm^{-5}]
#     x       y_pdf_median  y_pdf_mean  y_mostlikely  y_chi2_best    CL_lo_PDF   CL_up_PDF
#                                                                 |          68.0% CL         |          95.0% CL          
1.0000e-02 8.16e+16 1.18e+17 7.36e+16 3.79e+16   3.96e+16 4.95e+17   1.71e+16 9.91e+17  
1.2690e-02 1.31e+17 1.90e+17 1.18e+17 6.10e+16   6.32e+16 7.95e+17   2.72e+16 1.59e+18  
1.6103e-02 2.13e+17 3.05e+17 1.91e+17 9.80e+16   1.02e+17 1.32e+18   4.35e+16 2.67e+18  
2.0434e-02 3.36e+17 4.90e+17 3.19e+17 1.57e+17   1.56e+17 2.11e+18   7.22e+16 4.28e+18  
2.5929e-02 5.57e+17 7.85e+17 5.02e+17 2.53e+17   2.53e+17 3.37e+18   1.13e+17 6.85e+18  
3.2903e-02 8.71e+17 1.26e+18 1.05e+19 4.01e+17   3.92e+17 5.34e+18   1.83e+17 1.09e+19  
4.1753e-02 1.38e+18 2.00e+18 1.69e+19 6.35e+17   6.22e+17 8.55e+18   3.04e+17 1.75e+19  
5.2983e-02 2.22e+18 3.17e+18 2.67e+19 1.00e+18   9.83e+17 1.41e+19   4.76e+17 2.78e+19  
6.7234e-02 3.58e+18 4.98e+18 4.47e+19 1.54e+18   1.49e+18 2.22e+19   7.31e+17 4.65e+19  
8.5317e-02 5.69e+18 7.82e+18 7.17e+19 2.41e+18   2.35e+18 3.55e+19   9.88e+17 7.46e+19  
1.0826e-01 8.65e+18 1.21e+19 8.51e+18 3.62e+18   3.33e+18 5.85e+19   1.28e+18 1.21e+20  
1.3738e-01 1.44e+19 1.85e+19 1.34e+19 5.35e+18   4.53e+18 9.38e+19   1.65e+18 1.93e+20  
1.7433e-01 2.33e+19 2.80e+19 2.04e+19 7.68e+18   6.05e+18 1.48e+20   1.86e+18 3.14e+20  
2.2122e-01 3.73e+19 4.16e+19 2.82e+19 1.05e+19   7.63e+18 2.39e+20   2.14e+18 5.02e+20  
2.8072e-01 5.93e+19 6.09e+19 7.72e+20 1.41e+19   1.00e+19 3.98e+20   2.29e+18 8.17e+20  
3.5622e-01 9.00e+19 8.73e+19 5.53e+19 1.74e+19   1.09e+19 6.29e+20   2.42e+18 1.28e+21  
4.5204e-01 1.40e+20 1.23e+20 1.94e+21 2.02e+19   1.21e+19 9.65e+20   2.41e+18 2.08e+21  
5.7362e-01 2.36e+20 1.69e+20 2.36e+20 2.28e+19   1.31e+19 1.59e+21   2.56e+18 3.36e+21  
7.2790e-01 3.55e+20 2.29e+20 1.02e+20 2.41e+19   1.34e+19 2.39e+21   2.52e+18 5.40e+21  
9.2367e-01 5.23e+20 3.05e+20 8.16e+21 2.56e+19   1.39e+19 3.80e+21   2.57e+18 8.94e+21  
1.1721e+00 7.92e+20 3.96e+20 1.19e+22 2.65e+19   1.40e+19 5.92e+21   2.57e+18 1.32e+22  
1.4874e+00 1.27e+21 5.07e+20 1.99e+22 2.64e+19   1.34e+19 9.15e+21   2.51e+18 2.21e+22  
1.8874e+00 1.79e+21 6.37e+20 2.90e+22 2.71e+19   1.43e+19 1.46e+22   2.65e+18 3.24e+22  
2.3950e+00 2.52e+21 7.81e+20 4.80e+22 2.73e+19   1.36e+19 2.06e+22   2.60e+18 5.41e+22  
3.0392e+00 3.70e+21 9.38e+20 6.91e+22 2.74e+19   1.36e+19 2.85e+22   2.46e+18 7.83e+22  
3.8566e+00 4.58e+21 1.10e+21 4.78e+21 2.73e+19   1.36e+19 3.87e+22   2.58e+18 1.30e+23  
4.8939e+00 5.55e+21 1.26e+21 5.80e+21 2.73e+19   1.44e+19 5.35e+22   2.75e+18 1.80e+23  
6.2102e+00 5.55e+21 1.41e+21 2.07e+23 2.73e+19   1.37e+19 7.46e+22   2.53e+18 2.39e+23  
7.8805e+00 5.59e+21 1.55e+21 3.12e+23 2.73e+19   1.37e+19 9.12e+22   2.59e+18 3.62e+23  
1.0000e+01 5.66e+21 1.66e+21 3.73e+23 2.73e+19   1.45e+19 1.25e+23   2.69e+18 4.34e+23  
