# x= #alpha_{int} [deg] ,  y= J(#alpha_{int}) [GeV^{2} cm^{-5}]
#     x       y_pdf_median  y_pdf_mean  y_mostlikely  y_chi2_best    CL_lo_PDF   CL_up_PDF
#                                                                 |          68.0% CL         |          95.0% CL          
1.0000e-02 5.25e+09 3.35e-05 1.29e+12 1.64e-07   5.35e-34 5.07e+13   6.41e-51 6.49e+14  
1.2690e-02 1.57e+09 4.22e-05 1.73e+13 1.64e-07   5.08e-34 8.25e+13   6.12e-51 1.03e+15  
1.6103e-02 2.07e+09 5.28e-05 2.72e+13 1.64e-07   5.58e-34 1.31e+14   6.25e-51 1.64e+15  
2.0434e-02 2.80e+09 6.57e-05 4.27e+13 1.64e-07   2.10e-34 2.07e+14   6.37e-51 2.61e+15  
2.5929e-02 3.03e+09 8.20e-05 5.95e+13 1.64e-07   2.70e-34 3.35e+14   6.83e-51 4.04e+15  
3.2903e-02 4.61e+09 1.02e-04 9.34e+13 1.64e-07   3.08e-34 5.30e+14   6.97e-51 6.41e+15  
4.1753e-02 5.31e+09 1.26e-04 1.47e+14 1.64e-07   3.52e-34 8.36e+14   7.12e-51 1.02e+16  
5.2983e-02 1.63e+09 1.55e-04 2.30e+14 1.64e-07   3.33e-34 1.32e+15   7.26e-51 1.60e+16  
6.7234e-02 2.12e+09 1.89e-04 3.60e+14 1.64e-07   3.79e-34 2.08e+15   7.41e-51 2.53e+16  
8.5317e-02 2.84e+09 2.31e-04 5.66e+14 1.64e-07   4.23e-34 3.29e+15   7.56e-51 4.03e+16  
1.0826e-01 3.91e+09 2.78e-04 8.87e+14 1.64e-07   4.82e-34 5.10e+15   7.71e-51 6.38e+16  
1.3738e-01 4.86e+09 3.34e-04 1.39e+15 1.64e-07   4.65e-34 7.95e+15   7.87e-51 1.03e+17  
1.7433e-01 4.20e+09 3.95e-04 2.18e+15 1.64e-07   5.25e-34 1.24e+16   8.03e-51 1.63e+17  
2.2122e-01 1.77e+09 4.64e-04 3.41e+15 1.64e-07   4.99e-34 1.87e+16   8.20e-51 2.58e+17  
2.8072e-01 2.57e+09 5.41e-04 5.35e+15 1.64e-07   5.64e-34 2.85e+16   8.36e-51 4.07e+17  
3.5622e-01 3.24e+09 6.18e-04 8.35e+15 1.64e-07   1.92e-34 4.13e+16   8.53e-51 6.40e+17  
4.5204e-01 4.61e+09 6.96e-04 1.30e+16 1.64e-07   2.17e-34 5.78e+16   8.70e-51 8.76e+17  
5.7362e-01 5.15e+09 7.74e-04 2.02e+16 1.64e-07   1.78e-34 8.06e+16   8.88e-51 1.35e+18  
7.2790e-01 4.13e+09 8.49e-04 3.13e+16 1.64e-07   1.91e-34 1.16e+17   9.05e-51 2.09e+18  
9.2367e-01 1.90e+09 9.22e-04 4.80e+16 1.64e-07   2.15e-34 1.53e+17   9.23e-51 3.09e+18  
1.1721e+00 2.68e+09 9.88e-04 7.32e+16 1.64e-07   2.42e-34 2.10e+17   9.40e-51 4.72e+18  
1.4874e+00 3.23e+09 1.05e-03 1.10e+17 1.64e-07   2.35e-34 2.54e+17   9.58e-51 6.96e+18  
1.8874e+00 4.34e+09 1.10e-03 1.62e+17 1.64e-07   2.62e-34 3.32e+17   9.75e-51 1.03e+19  
2.3950e+00 5.21e+09 1.14e-03 2.29e+17 1.64e-07   2.89e-34 3.15e+17   9.90e-51 1.38e+19  
3.0392e+00 4.64e+09 1.17e-03 3.00e+16 1.64e-07   3.13e-34 2.84e+17   1.00e-50 1.81e+19  
3.8566e+00 4.33e+09 1.20e-03 3.94e+16 1.64e-07   3.25e-34 2.50e+17   1.02e-50 2.38e+19  
4.8939e+00 1.74e+09 1.22e-03 5.16e+16 1.64e-07   3.50e-34 2.33e+17   1.03e-50 3.05e+19  
6.2102e+00 1.82e+09 1.24e-03 6.23e+16 1.64e-07   3.70e-34 2.53e+17   1.04e-50 3.63e+19  
7.8805e+00 2.09e+09 1.25e-03 7.28e+16 1.64e-07   3.30e-34 2.72e+17   1.04e-50 3.90e+19  
1.0000e+01 3.00e+09 1.25e-03 9.43e+16 1.64e-07   2.24e-34 2.88e+17   9.50e-51 4.58e+19  
