# x= #alpha_{int} [deg] ,  y= J(#alpha_{int}) [GeV^{2} cm^{-5}]
#     x       y_pdf_median  y_pdf_mean  y_mostlikely  y_chi2_best    CL_lo_PDF   CL_up_PDF
#                                                                 |          68.0% CL         |          95.0% CL          
1.0000e-02 5.06e+16 3.31e+16 1.77e+16 8.49e+15   1.58e+16 7.03e+16   9.94e+15 7.20e+16  
1.2690e-02 8.15e+16 5.30e+16 2.85e+16 1.37e+16   2.55e+16 1.13e+17   1.60e+16 1.16e+17  
1.6103e-02 1.31e+17 8.45e+16 4.45e+16 2.19e+16   4.09e+16 1.82e+17   2.57e+16 1.87e+17  
2.0434e-02 2.11e+17 1.34e+17 6.94e+16 3.52e+16   6.57e+16 2.93e+17   4.12e+16 3.00e+17  
2.5929e-02 3.34e+17 2.12e+17 1.09e+17 5.64e+16   1.06e+17 4.67e+17   6.62e+16 4.78e+17  
3.2903e-02 5.39e+17 3.31e+17 1.61e+17 8.98e+16   1.58e+17 7.58e+17   1.06e+17 7.77e+17  
4.1753e-02 8.35e+17 5.12e+17 2.39e+17 1.43e+17   2.35e+17 1.20e+18   1.70e+17 1.23e+18  
5.2983e-02 1.18e+18 7.81e+17 3.42e+17 2.25e+17   3.36e+17 1.93e+18   2.72e+17 1.99e+18  
6.7234e-02 1.51e+18 1.17e+18 4.71e+17 3.47e+17   4.60e+17 3.17e+18   4.43e+17 3.27e+18  
8.5317e-02 1.89e+18 1.71e+18 6.18e+17 5.45e+17   6.10e+17 5.08e+18   5.96e+17 5.25e+18  
1.0826e-01 5.81e+18 3.13e+18 6.14e+18 8.22e+17   1.16e+18 8.06e+18   8.30e+17 8.28e+18  
1.3738e-01 9.47e+18 4.64e+18 1.00e+19 1.22e+18   1.75e+18 1.32e+19   1.19e+18 1.36e+19  
1.7433e-01 1.46e+19 6.77e+18 1.55e+19 1.75e+18   1.85e+18 2.07e+19   1.73e+18 2.14e+19  
2.2122e-01 2.33e+19 9.75e+18 2.49e+19 2.44e+18   2.46e+18 3.41e+19   1.95e+18 3.54e+19  
2.8072e-01 3.82e+19 1.40e+19 4.11e+19 3.28e+18   3.25e+18 5.44e+19   2.02e+18 5.65e+19  
3.5622e-01 6.09e+19 1.96e+19 6.60e+19 4.09e+18   3.46e+18 8.58e+19   2.13e+18 8.98e+19  
4.5204e-01 9.58e+19 2.70e+19 1.05e+20 4.78e+18   3.49e+18 1.41e+20   2.17e+18 1.49e+20  
5.7362e-01 1.51e+20 3.69e+19 1.67e+20 5.46e+18   3.48e+18 2.16e+20   2.03e+18 2.29e+20  
7.2790e-01 2.30e+20 4.99e+19 2.57e+20 5.92e+18   3.55e+18 3.74e+20   2.15e+18 3.99e+20  
9.2367e-01 3.88e+20 6.64e+19 4.37e+20 6.22e+18   3.59e+18 5.98e+20   2.07e+18 6.41e+20  
1.1721e+00 5.96e+20 8.76e+19 6.79e+20 6.41e+18   3.52e+18 9.58e+20   2.16e+18 1.03e+21  
1.4874e+00 9.34e+20 1.15e+20 1.07e+21 6.52e+18   3.38e+18 1.38e+21   1.99e+18 1.49e+21  
1.8874e+00 1.43e+21 1.48e+20 1.66e+21 6.57e+18   3.68e+18 2.17e+21   2.08e+18 2.38e+21  
2.3950e+00 2.18e+21 1.88e+20 2.55e+21 6.60e+18   3.43e+18 3.40e+21   2.15e+18 3.74e+21  
3.0392e+00 3.26e+21 2.37e+20 3.84e+21 6.60e+18   3.70e+18 5.25e+21   1.93e+18 5.81e+21  
3.8566e+00 4.78e+21 2.92e+20 5.66e+21 6.60e+18   3.35e+18 7.88e+21   1.98e+18 8.76e+21  
4.8939e+00 6.61e+21 3.54e+20 7.89e+21 6.60e+18   3.56e+18 1.12e+22   2.04e+18 1.26e+22  
6.2102e+00 3.31e+20 2.77e+20 1.11e+22 6.60e+18   3.40e+18 1.27e+22   2.02e+18 1.74e+22  
7.8805e+00 3.36e+20 3.07e+20 1.27e+22 6.60e+18   3.52e+18 1.45e+22   2.05e+18 2.01e+22  
1.0000e+01 3.29e+20 3.34e+20 1.63e+22 6.60e+18   3.63e+18 1.87e+22   2.08e+18 2.19e+22  
