# x= #alpha_{int} [deg] ,  y= J(#alpha_{int}) [GeV^{2} cm^{-5}]
#     x       y_pdf_median  y_pdf_mean  y_mostlikely  y_chi2_best    CL_lo_PDF   CL_up_PDF
#                                                                 |          68.0% CL         |          95.0% CL          
1.0000e-02 4.40e+14 5.21e+14 9.24e+14 3.83e+14   3.43e+14 9.35e+14   2.13e+14 1.76e+15  
1.2690e-02 7.13e+14 8.38e+14 1.48e+15 6.17e+14   5.55e+14 1.49e+15   3.43e+14 2.77e+15  
1.6103e-02 1.15e+15 1.35e+15 2.38e+15 9.93e+14   8.94e+14 2.40e+15   5.53e+14 4.45e+15  
2.0434e-02 1.86e+15 2.17e+15 1.67e+15 1.60e+15   1.43e+15 3.92e+15   8.91e+14 7.33e+15  
2.5929e-02 2.99e+15 3.50e+15 6.24e+15 2.57e+15   2.34e+15 6.31e+15   1.43e+15 1.16e+16  
3.2903e-02 4.85e+15 5.62e+15 9.98e+15 4.14e+15   3.71e+15 1.01e+16   2.30e+15 1.82e+16  
4.1753e-02 7.78e+15 9.03e+15 1.60e+16 6.66e+15   5.96e+15 1.62e+16   3.70e+15 2.92e+16  
5.2983e-02 1.22e+16 1.45e+16 2.57e+16 1.05e+16   9.49e+15 2.60e+16   6.00e+15 4.80e+16  
6.7234e-02 1.96e+16 2.30e+16 4.06e+16 1.68e+16   1.50e+16 4.10e+16   9.58e+15 7.49e+16  
8.5317e-02 3.04e+16 3.64e+16 6.53e+16 2.60e+16   2.35e+16 6.57e+16   1.56e+16 1.22e+17  
1.0826e-01 4.83e+16 5.76e+16 4.15e+16 4.13e+16   3.69e+16 1.03e+17   2.50e+16 1.87e+17  
1.3738e-01 7.70e+16 9.09e+16 1.58e+17 6.58e+16   5.95e+16 1.59e+17   3.99e+16 2.82e+17  
1.7433e-01 1.26e+17 1.43e+17 2.43e+17 1.04e+17   9.55e+16 2.45e+17   6.36e+16 4.23e+17  
2.2122e-01 2.00e+17 2.24e+17 1.72e+17 1.73e+17   1.50e+17 3.70e+17   1.01e+17 6.27e+17  
2.8072e-01 3.11e+17 3.43e+17 3.29e+17 2.70e+17   2.38e+17 5.41e+17   1.62e+17 9.02e+17  
3.5622e-01 4.72e+17 5.10e+17 7.33e+17 4.15e+17   3.80e+17 7.36e+17   2.54e+17 1.20e+18  
4.5204e-01 7.12e+17 7.51e+17 1.02e+18 6.27e+17   6.00e+17 1.02e+18   3.94e+17 1.49e+18  
5.7362e-01 1.06e+18 1.08e+18 1.33e+18 9.41e+17   8.62e+17 1.34e+18   6.06e+17 1.82e+18  
7.2790e-01 1.47e+18 1.47e+18 1.63e+18 1.34e+18   1.11e+18 1.83e+18   9.14e+17 2.28e+18  
9.2367e-01 2.02e+18 2.00e+18 2.01e+18 1.84e+18   1.51e+18 2.63e+18   1.27e+18 2.92e+18  
1.1721e+00 2.43e+18 2.52e+18 2.08e+18 2.39e+18   1.87e+18 3.62e+18   1.47e+18 3.93e+18  
1.4874e+00 2.97e+18 3.04e+18 2.34e+18 2.96e+18   2.03e+18 4.76e+18   1.58e+18 5.33e+18  
1.8874e+00 3.46e+18 3.54e+18 6.50e+18 3.47e+18   2.05e+18 6.46e+18   1.69e+18 7.19e+18  
2.3950e+00 3.86e+18 3.98e+18 1.81e+18 3.87e+18   2.11e+18 8.23e+18   1.78e+18 9.02e+18  
3.0392e+00 4.15e+18 4.38e+18 2.65e+18 4.17e+18   2.18e+18 9.98e+18   1.81e+18 1.08e+19  
3.8566e+00 4.37e+18 4.60e+18 2.53e+18 4.37e+18   2.03e+18 1.15e+19   1.81e+18 1.29e+19  
4.8939e+00 4.38e+18 4.63e+18 2.51e+18 4.47e+18   2.11e+18 1.24e+19   1.80e+18 1.46e+19  
6.2102e+00 4.55e+18 4.73e+18 2.55e+18 4.53e+18   2.05e+18 1.29e+19   1.80e+18 1.59e+19  
7.8805e+00 4.60e+18 4.79e+18 2.46e+18 4.54e+18   2.05e+18 1.37e+19   1.80e+18 1.63e+19  
1.0000e+01 4.46e+18 4.81e+18 2.47e+18 4.54e+18   2.05e+18 1.39e+19   1.80e+18 1.73e+19  
