# x= #alpha_{int} [deg] ,  y= J(#alpha_{int}) [GeV^{2} cm^{-5}]
#     x       y_pdf_median  y_pdf_mean  y_mostlikely  y_chi2_best    CL_lo_PDF   CL_up_PDF
#                                                                 |          68.0% CL         |          95.0% CL          
1.0000e-02 1.64e+12 3.67e+08 1.05e+14 2.92e+04   1.96e-03 1.28e+14   3.04e-05 3.27e+14  
1.2690e-02 2.55e+12 4.81e+08 1.68e+14 2.92e+04   2.34e-03 2.05e+14   1.84e-05 5.29e+14  
1.6103e-02 3.93e+12 6.26e+08 2.68e+14 2.92e+04   2.71e-03 3.27e+14   2.11e-05 8.49e+14  
2.0434e-02 7.06e+12 8.12e+08 4.15e+14 2.92e+04   1.99e-03 5.99e+14   3.07e-05 1.35e+15  
2.5929e-02 1.10e+13 1.05e+09 6.66e+14 2.92e+04   2.37e-03 9.62e+14   3.07e-05 2.18e+15  
3.2903e-02 1.57e+13 1.34e+09 1.03e+15 2.92e+04   3.67e-03 1.53e+15   2.27e-05 3.45e+15  
4.1753e-02 1.04e+13 1.69e+09 1.64e+15 2.92e+04   1.95e-03 2.45e+15   2.60e-05 5.54e+15  
5.2983e-02 1.62e+13 2.12e+09 2.65e+15 2.92e+04   2.32e-03 3.96e+15   2.99e-05 9.02e+15  
6.7234e-02 9.70e+12 2.58e+09 4.15e+15 2.92e+04   3.60e-03 6.27e+15   1.86e-05 1.45e+16  
8.5317e-02 1.47e+13 3.17e+09 6.54e+15 2.92e+04   1.85e-03 9.91e+15   2.12e-05 2.30e+16  
1.0826e-01 9.29e+12 3.86e+09 1.04e+16 2.92e+04   2.17e-03 1.58e+16   2.42e-05 3.69e+16  
1.3738e-01 1.41e+13 4.71e+09 1.66e+16 2.92e+04   2.56e-03 2.58e+16   2.76e-05 5.95e+16  
1.7433e-01 1.90e+13 5.71e+09 2.56e+16 2.92e+04   1.67e-03 4.38e+16   3.45e-05 9.43e+16  
2.2122e-01 1.16e+13 6.93e+09 4.07e+16 2.92e+04   1.96e-03 7.14e+16   1.87e-05 1.66e+17  
2.8072e-01 1.74e+13 8.35e+09 6.46e+16 2.92e+04   2.30e-03 1.14e+17   2.12e-05 2.66e+17  
3.5622e-01 9.02e+12 9.96e+09 9.98e+16 2.92e+04   3.54e-03 1.83e+17   2.63e-05 4.51e+17  
4.5204e-01 1.33e+13 1.17e+10 1.57e+17 2.92e+04   1.69e-03 2.88e+17   2.98e-05 7.15e+17  
5.7362e-01 1.96e+13 1.36e+10 2.44e+17 2.92e+04   1.96e-03 4.51e+17   3.37e-05 1.13e+18  
7.2790e-01 1.11e+13 1.58e+10 3.79e+17 2.92e+04   2.27e-03 7.02e+17   1.74e-05 1.77e+18  
9.2367e-01 1.59e+13 1.81e+10 5.77e+17 2.92e+04   2.62e-03 9.61e+17   1.95e-05 2.71e+18  
1.1721e+00 1.89e+13 2.05e+10 8.41e+17 2.92e+04   3.96e-03 1.41e+18   2.79e-05 4.06e+18  
1.4874e+00 9.88e+12 2.23e+10 4.72e+17 2.92e+04   1.77e-03 1.65e+18   2.61e-05 6.03e+18  
1.8874e+00 1.59e+13 2.33e+10 6.96e+17 2.92e+04   3.70e-03 1.86e+18   2.64e-05 7.36e+18  
2.3950e+00 2.07e+13 2.37e+10 9.45e+17 2.92e+04   4.10e-03 2.30e+18   2.87e-05 8.51e+18  
3.0392e+00 9.46e+12 2.38e+10 1.19e+18 2.92e+04   1.74e-03 2.29e+18   2.57e-05 1.08e+19  
3.8566e+00 1.04e+13 2.38e+10 5.10e+17 2.92e+04   1.80e-03 2.11e+18   2.66e-05 1.22e+19  
4.8939e+00 1.04e+13 2.38e+10 5.10e+17 2.92e+04   1.80e-03 2.11e+18   2.66e-05 1.22e+19  
6.2102e+00 1.04e+13 2.38e+10 5.10e+17 2.92e+04   1.80e-03 2.11e+18   2.66e-05 1.22e+19  
7.8805e+00 1.04e+13 2.38e+10 5.10e+17 2.92e+04   1.80e-03 2.11e+18   2.66e-05 1.22e+19  
1.0000e+01 1.04e+13 2.38e+10 5.10e+17 2.92e+04   1.80e-03 2.11e+18   2.66e-05 1.22e+19  
