# x= #alpha_{int} [deg] ,  y= J(#alpha_{int}) [GeV^{2} cm^{-5}]
#     x       y_pdf_median  y_pdf_mean  y_mostlikely  y_chi2_best    CL_lo_PDF   CL_up_PDF
#                                                                 |          68.0% CL         |          95.0% CL          
1.0000e-02 3.94e+17 4.68e+17 3.93e+17 3.06e+17   1.18e+17 1.38e+18   9.35e+16 7.11e+18  
1.2690e-02 5.84e+17 7.36e+17 5.83e+17 4.51e+17   1.78e+17 2.10e+18   1.44e+17 1.15e+19  
1.6103e-02 8.69e+17 1.15e+18 8.67e+17 6.43e+17   2.82e+17 3.22e+18   2.19e+17 1.80e+19  
2.0434e-02 1.25e+18 1.76e+18 1.24e+18 8.81e+17   4.39e+17 5.20e+18   3.07e+17 2.99e+19  
2.5929e-02 1.70e+18 2.68e+18 1.68e+18 1.15e+18   7.21e+17 8.24e+18   4.13e+17 4.78e+19  
3.2903e-02 2.66e+18 3.97e+18 2.13e+18 1.42e+18   1.09e+18 1.36e+19   5.58e+17 7.61e+19  
4.1753e-02 4.01e+18 5.81e+18 2.78e+18 1.66e+18   1.63e+18 2.21e+19   7.01e+17 1.24e+20  
5.2983e-02 6.00e+18 8.22e+18 3.25e+18 1.33e+18   2.40e+18 3.52e+19   7.98e+17 1.95e+20  
6.7234e-02 8.50e+18 1.15e+19 3.57e+18 2.00e+18   2.94e+18 5.61e+19   8.98e+17 3.14e+20  
8.5317e-02 1.25e+19 1.57e+19 3.84e+18 2.09e+18   3.68e+18 9.04e+19   9.72e+17 5.22e+20  
1.0826e-01 1.68e+19 2.08e+19 4.04e+18 2.15e+18   3.85e+18 1.39e+20   9.95e+17 8.40e+20  
1.3738e-01 2.48e+19 2.72e+19 3.99e+18 2.18e+18   3.78e+18 2.21e+20   1.06e+18 1.29e+21  
1.7433e-01 3.47e+19 3.49e+19 4.16e+18 2.14e+18   3.91e+18 3.49e+20   1.04e+18 2.13e+21  
2.2122e-01 3.77e+19 4.40e+19 4.09e+18 2.21e+18   3.82e+18 5.45e+20   1.08e+18 3.49e+21  
2.8072e-01 4.00e+19 5.48e+19 4.37e+18 2.22e+18   4.06e+18 8.93e+20   1.04e+18 5.46e+21  
3.5622e-01 4.13e+19 6.66e+19 4.13e+18 2.21e+18   3.80e+18 1.36e+21   1.08e+18 8.88e+21  
4.5204e-01 4.25e+19 8.06e+19 4.13e+18 2.21e+18   3.78e+18 2.01e+21   9.87e+17 1.37e+22  
5.7362e-01 4.69e+19 9.54e+19 4.58e+18 2.22e+18   4.17e+18 2.90e+21   1.01e+18 2.26e+22  
7.2790e-01 4.60e+19 1.11e+20 4.42e+18 2.22e+18   4.00e+18 4.08e+21   1.04e+18 3.39e+22  
9.2367e-01 4.69e+19 1.28e+20 4.13e+18 2.22e+18   3.71e+18 5.03e+21   1.06e+18 5.94e+22  
1.1721e+00 4.72e+19 1.44e+20 4.42e+18 2.20e+18   3.96e+18 6.98e+21   1.07e+18 9.01e+22  
1.4874e+00 4.53e+19 1.59e+20 5.51e+21 2.20e+18   4.12e+18 7.40e+21   1.08e+18 1.37e+23  
1.8874e+00 4.65e+19 1.73e+20 4.70e+18 2.20e+18   4.19e+18 8.92e+21   1.08e+18 2.10e+23  
2.3950e+00 4.85e+19 1.85e+20 4.18e+18 2.20e+18   3.71e+18 1.04e+22   1.09e+18 3.11e+23  
3.0392e+00 4.61e+19 1.94e+20 4.31e+18 2.20e+18   3.82e+18 1.21e+22   1.10e+18 5.29e+23  
3.8566e+00 4.92e+19 2.02e+20 4.52e+18 2.20e+18   3.99e+18 1.29e+22   1.10e+18 7.39e+23  
4.8939e+00 4.54e+19 2.07e+20 4.61e+18 2.20e+18   4.07e+18 1.43e+22   9.61e+17 9.61e+23  
6.2102e+00 4.68e+19 2.11e+20 4.67e+18 2.20e+18   4.11e+18 1.53e+22   9.64e+17 1.07e+24  
7.8805e+00 4.75e+19 2.13e+20 4.70e+18 2.20e+18   4.14e+18 1.59e+22   9.65e+17 1.13e+24  
1.0000e+01 4.74e+19 2.15e+20 4.70e+18 2.20e+18   4.14e+18 1.58e+22   9.65e+17 1.33e+24  
