# x= #alpha_{int} [deg] ,  y= D(#alpha_{int}) [GeV cm^{-2}]
#     x       y_pdf_median  y_pdf_mean  y_mostlikely  y_chi2_best    CL_lo_PDF   CL_up_PDF
#                                                                 |          68.0% CL         |          95.0% CL          
1.0000e-02 2.25e+14 1.91e+14 1.18e+14 1.20e+15   1.97e+13 3.01e+15   8.27e+10 1.61e+16  
1.2690e-02 3.60e+14 3.00e+14 1.84e+14 1.89e+15   3.08e+13 4.89e+15   8.33e+10 2.57e+16  
1.6103e-02 5.66e+14 4.70e+14 2.91e+14 2.97e+15   5.27e+13 7.80e+15   8.62e+10 4.36e+16  
2.0434e-02 8.92e+14 7.71e+14 4.53e+14 4.64e+15   8.27e+13 1.27e+16   2.51e+11 6.98e+16  
2.5929e-02 1.40e+15 1.19e+15 7.05e+14 7.04e+15   1.29e+14 2.06e+16   2.51e+11 1.11e+17  
3.2903e-02 2.15e+15 1.82e+15 1.22e+15 1.11e+16   2.13e+14 3.15e+16   2.33e+11 1.77e+17  
4.1753e-02 3.37e+15 2.77e+15 3.12e+15 1.69e+16   3.51e+14 4.96e+16   2.35e+11 2.94e+17  
5.2983e-02 5.24e+15 4.19e+15 2.78e+15 2.55e+16   5.21e+14 8.20e+16   2.44e+11 4.54e+17  
6.7234e-02 7.66e+15 5.77e+15 4.11e+15 3.66e+16   7.81e+14 1.27e+17   8.62e+10 7.34e+17  
8.5317e-02 1.19e+16 8.56e+15 5.80e+15 5.39e+16   1.25e+15 2.02e+17   8.16e+10 1.17e+18  
1.0826e-01 1.82e+16 1.24e+16 8.90e+15 7.94e+16   1.89e+15 3.21e+17   9.37e+10 1.98e+18  
1.3738e-01 2.51e+16 1.79e+16 1.15e+16 1.11e+17   2.67e+15 4.84e+17   8.90e+10 3.03e+18  
1.7433e-01 3.66e+16 2.54e+16 1.61e+16 1.57e+17   3.66e+15 7.53e+17   8.86e+10 4.93e+18  
2.2122e-01 5.99e+16 3.54e+16 2.18e+16 2.19e+17   4.67e+15 1.19e+18   7.89e+10 7.91e+18  
2.8072e-01 8.49e+16 3.36e+16 2.98e+16 2.91e+17   2.93e+15 1.94e+18   1.43e+10 1.22e+19  
3.5622e-01 1.28e+17 4.02e+16 3.65e+16 3.84e+17   2.72e+15 2.90e+18   1.25e+10 2.05e+19  
4.5204e-01 1.54e+17 5.17e+16 4.13e+16 4.83e+17   2.74e+15 4.59e+18   1.14e+10 3.31e+19  
5.7362e-01 2.34e+17 6.46e+16 3.93e+16 5.92e+17   2.98e+15 6.91e+18   1.26e+10 5.03e+19  
7.2790e-01 2.99e+17 7.88e+16 4.53e+16 7.12e+17   2.76e+15 1.12e+19   1.32e+10 7.60e+19  
9.2367e-01 3.67e+17 9.37e+16 4.26e+16 8.15e+17   2.68e+15 1.58e+19   1.27e+10 1.21e+20  
1.1721e+00 3.94e+17 1.09e+17 4.14e+16 9.04e+17   2.75e+15 2.31e+19   1.39e+10 2.27e+20  
1.4874e+00 3.95e+17 1.25e+17 3.93e+16 9.44e+17   2.77e+15 3.18e+19   1.17e+10 3.48e+20  
1.8874e+00 3.90e+17 1.42e+17 4.74e+16 9.44e+17   2.73e+15 4.55e+19   1.25e+10 5.29e+20  
2.3950e+00 4.18e+17 1.58e+17 4.36e+16 9.44e+17   2.67e+15 6.29e+19   1.34e+10 8.09e+20  
3.0392e+00 4.12e+17 1.73e+17 4.21e+16 9.44e+17   2.79e+15 8.85e+19   1.25e+10 1.05e+21  
3.8566e+00 4.14e+17 1.87e+17 3.87e+16 9.44e+17   2.79e+15 1.17e+20   1.12e+10 1.71e+21  
4.8939e+00 4.09e+17 2.00e+17 3.72e+16 9.44e+17   2.97e+15 1.49e+20   1.16e+10 2.53e+21  
6.2102e+00 4.23e+17 2.12e+17 4.44e+16 9.44e+17   2.92e+15 2.09e+20   1.39e+10 2.87e+21  
7.8805e+00 4.18e+17 2.23e+17 4.49e+16 9.44e+17   2.88e+15 2.39e+20   1.24e+10 4.25e+21  
1.0000e+01 3.82e+17 2.31e+17 3.86e+16 9.44e+17   2.90e+15 2.64e+20   1.13e+10 5.80e+21  
