# x= #alpha_{int} [deg] ,  y= D(#alpha_{int}) [GeV cm^{-2}]
#     x       y_pdf_median  y_pdf_mean  y_mostlikely  y_chi2_best    CL_lo_PDF   CL_up_PDF
#                                                                 |          68.0% CL         |          95.0% CL          
1.0000e-02 2.23e+15 2.42e+15 1.93e+15 2.85e+15   1.36e+15 4.53e+15   8.91e+14 1.04e+16  
1.2690e-02 3.52e+15 3.87e+15 3.09e+15 4.30e+15   2.16e+15 7.25e+15   1.42e+15 1.68e+16  
1.6103e-02 5.57e+15 6.15e+15 1.84e+16 6.46e+15   3.46e+15 1.17e+16   2.28e+15 2.70e+16  
2.0434e-02 8.82e+15 9.78e+15 7.92e+15 9.62e+15   5.54e+15 1.89e+16   3.64e+15 4.29e+16  
2.5929e-02 1.36e+16 1.55e+16 1.14e+16 1.42e+16   8.66e+15 3.01e+16   5.87e+15 6.92e+16  
3.2903e-02 2.12e+16 2.45e+16 1.81e+16 2.09e+16   1.35e+16 4.84e+16   9.24e+15 1.12e+17  
4.1753e-02 3.30e+16 3.87e+16 5.46e+16 3.05e+16   2.13e+16 7.72e+16   1.46e+16 1.81e+17  
5.2983e-02 5.24e+16 6.10e+16 4.22e+16 4.41e+16   3.33e+16 1.25e+17   2.27e+16 2.94e+17  
6.7234e-02 7.97e+16 9.41e+16 7.75e+16 6.14e+16   4.92e+16 1.99e+17   3.37e+16 4.62e+17  
8.5317e-02 1.24e+17 1.47e+17 1.24e+17 8.80e+16   7.48e+16 3.18e+17   5.17e+16 7.32e+17  
1.0826e-01 1.92e+17 2.27e+17 1.93e+17 1.23e+17   1.09e+17 5.03e+17   7.62e+16 1.17e+18  
1.3738e-01 2.91e+17 3.48e+17 2.88e+17 1.71e+17   1.61e+17 8.03e+17   1.12e+17 1.90e+18  
1.7433e-01 4.45e+17 5.30e+17 4.42e+17 2.32e+17   2.33e+17 1.28e+18   1.58e+17 2.98e+18  
2.2122e-01 6.75e+17 8.06e+17 6.39e+17 3.28e+17   3.37e+17 2.04e+18   2.17e+17 4.83e+18  
2.8072e-01 1.02e+18 1.21e+18 9.86e+17 4.29e+17   4.86e+17 3.18e+18   2.85e+17 7.78e+18  
3.5622e-01 1.49e+18 1.79e+18 1.43e+18 5.85e+17   6.78e+17 4.96e+18   4.02e+17 1.24e+19  
4.5204e-01 2.16e+18 2.61e+18 2.13e+18 7.61e+17   9.56e+17 7.70e+18   5.29e+17 2.01e+19  
5.7362e-01 3.05e+18 3.73e+18 2.90e+18 9.39e+17   1.29e+18 1.18e+19   7.13e+17 3.16e+19  
7.2790e-01 4.30e+18 5.23e+18 3.58e+19 1.24e+18   1.70e+18 1.77e+19   8.95e+17 5.02e+19  
9.2367e-01 5.85e+18 7.18e+18 5.43e+18 1.54e+18   2.10e+18 2.67e+19   1.08e+18 7.90e+19  
1.1721e+00 7.66e+18 9.60e+18 8.76e+19 1.84e+18   2.59e+18 4.01e+19   1.27e+18 1.27e+20  
1.4874e+00 9.61e+18 1.25e+19 1.33e+20 2.23e+18   2.99e+18 6.07e+19   1.43e+18 1.90e+20  
1.8874e+00 1.23e+19 1.58e+19 2.02e+20 2.55e+18   3.27e+18 9.01e+19   1.59e+18 2.95e+20  
2.3950e+00 1.52e+19 1.93e+19 2.87e+20 2.79e+18   3.54e+18 1.29e+20   1.56e+18 4.33e+20  
3.0392e+00 1.73e+19 2.26e+19 5.40e+19 2.79e+18   3.62e+18 1.74e+20   1.57e+18 6.66e+20  
3.8566e+00 1.92e+19 2.58e+19 5.91e+20 2.79e+18   3.61e+18 2.27e+20   1.57e+18 9.41e+20  
4.8939e+00 1.95e+19 2.83e+19 7.93e+20 2.79e+18   3.57e+18 2.82e+20   1.54e+18 1.29e+21  
6.2102e+00 1.99e+19 3.04e+19 2.92e+18 2.79e+18   3.57e+18 3.72e+20   1.57e+18 1.85e+21  
7.8805e+00 2.00e+19 3.20e+19 1.52e+19 2.79e+18   3.58e+18 4.44e+20   1.57e+18 2.41e+21  
1.0000e+01 2.01e+19 3.31e+19 6.78e+19 2.79e+18   3.59e+18 5.09e+20   1.59e+18 3.00e+21  
