# x= #alpha_{int} [deg] ,  y= D(#alpha_{int}) [GeV cm^{-2}]
#     x       y_pdf_median  y_pdf_mean  y_mostlikely  y_chi2_best    CL_lo_PDF   CL_up_PDF
#                                                                 |          68.0% CL         |          95.0% CL          
1.0000e-02 5.56e+15 6.13e+15 4.60e+15 7.23e+15   3.23e+15 9.79e+15   2.17e+15 4.97e+16  
1.2690e-02 8.48e+15 9.45e+15 1.47e+16 1.13e+16   4.89e+15 1.48e+16   3.42e+15 8.01e+16  
1.6103e-02 1.31e+16 1.45e+16 2.17e+16 1.75e+16   7.59e+15 2.36e+16   5.30e+15 1.30e+17  
2.0434e-02 1.97e+16 2.20e+16 2.74e+16 2.71e+16   1.14e+16 3.64e+16   8.16e+15 2.09e+17  
2.5929e-02 3.00e+16 3.23e+16 4.15e+16 4.16e+16   1.74e+16 5.02e+16   1.24e+16 2.58e+17  
3.2903e-02 4.42e+16 4.95e+16 2.71e+16 6.35e+16   2.69e+16 7.91e+16   1.85e+16 5.40e+17  
4.1753e-02 6.23e+16 7.28e+16 5.84e+16 9.62e+16   3.86e+16 1.25e+17   2.55e+16 8.52e+17  
5.2983e-02 8.85e+16 1.06e+17 8.75e+16 1.45e+17   5.22e+16 1.97e+17   3.33e+16 1.37e+18  
6.7234e-02 1.28e+17 1.49e+17 1.94e+17 2.11e+17   6.94e+16 2.73e+17   4.27e+16 2.24e+18  
8.5317e-02 1.79e+17 2.11e+17 1.98e+17 3.17e+17   9.08e+16 4.30e+17   5.42e+16 3.61e+18  
1.0826e-01 2.47e+17 2.90e+17 4.66e+17 4.61e+17   1.21e+17 6.79e+17   7.02e+16 5.71e+18  
1.3738e-01 3.13e+17 3.92e+17 4.21e+17 6.64e+17   1.45e+17 1.05e+18   9.16e+16 9.27e+18  
1.7433e-01 3.91e+17 5.21e+17 2.22e+17 9.51e+17   1.82e+17 1.58e+18   1.11e+17 1.46e+19  
2.2122e-01 4.98e+17 6.81e+17 2.69e+17 1.35e+18   2.15e+17 2.39e+18   1.24e+17 2.35e+19  
2.8072e-01 6.25e+17 8.65e+17 3.03e+17 1.84e+18   2.33e+17 3.57e+18   1.44e+17 3.75e+19  
3.5622e-01 7.48e+17 1.08e+18 3.49e+17 2.55e+18   2.65e+17 5.21e+18   1.45e+17 6.11e+19  
4.5204e-01 8.75e+17 1.34e+18 3.53e+18 3.46e+18   2.80e+17 7.53e+18   1.47e+17 9.27e+19  
5.7362e-01 9.86e+17 1.61e+18 4.48e+18 4.56e+18   2.85e+17 1.08e+19   1.41e+17 1.48e+20  
7.2790e-01 1.11e+18 1.92e+18 3.19e+17 5.93e+18   3.00e+17 1.53e+19   1.47e+17 2.29e+20  
9.2367e-01 1.23e+18 2.24e+18 2.98e+17 7.66e+18   3.02e+17 2.15e+19   1.42e+17 3.64e+20  
1.1721e+00 1.36e+18 2.57e+18 9.61e+18 9.60e+18   2.99e+17 2.47e+19   1.47e+17 5.89e+20  
1.4874e+00 1.49e+18 2.91e+18 1.20e+19 1.18e+19   2.95e+17 3.21e+19   1.42e+17 8.81e+20  
1.8874e+00 1.64e+18 3.24e+18 3.01e+17 1.41e+19   2.97e+17 3.79e+19   1.42e+17 1.40e+21  
2.3950e+00 1.64e+18 3.56e+18 2.99e+17 1.66e+19   2.99e+17 4.99e+19   1.43e+17 2.18e+21  
3.0392e+00 1.62e+18 3.86e+18 2.94e+17 1.90e+19   3.00e+17 6.72e+19   1.39e+17 3.12e+21  
3.8566e+00 1.53e+18 4.15e+18 3.18e+17 2.08e+19   2.96e+17 9.72e+19   1.45e+17 4.88e+21  
4.8939e+00 1.54e+18 4.40e+18 3.00e+17 2.12e+19   2.98e+17 1.17e+20   1.43e+17 7.76e+21  
6.2102e+00 1.55e+18 4.60e+18 3.00e+17 2.12e+19   2.97e+17 1.25e+20   1.43e+17 1.13e+22  
7.8805e+00 1.58e+18 4.78e+18 3.04e+17 2.12e+19   2.96e+17 1.32e+20   1.44e+17 1.58e+22  
1.0000e+01 1.56e+18 4.92e+18 3.02e+17 2.12e+19   2.96e+17 1.29e+20   1.43e+17 2.47e+22  
