# x= #alpha_{int} [deg] ,  y= D(#alpha_{int}) [GeV cm^{-2}]
#     x       y_pdf_median  y_pdf_mean  y_mostlikely  y_chi2_best    CL_lo_PDF   CL_up_PDF
#                                                                 |          68.0% CL         |          95.0% CL          
1.0000e-02 4.92e+15 6.11e+15 9.22e+15 1.05e+16   2.86e+15 1.72e+16   1.76e+15 2.19e+16  
1.2690e-02 7.74e+15 9.78e+15 4.90e+15 1.70e+16   4.48e+15 2.84e+16   2.83e+15 3.49e+16  
1.6103e-02 1.26e+16 1.56e+16 2.44e+16 2.73e+16   7.25e+15 4.42e+16   4.60e+15 5.63e+16  
2.0434e-02 2.00e+16 2.50e+16 3.83e+16 4.40e+16   1.16e+16 7.17e+16   7.29e+15 9.13e+16  
2.5929e-02 3.14e+16 3.99e+16 6.36e+16 7.08e+16   1.78e+16 1.18e+17   1.17e+16 1.46e+17  
3.2903e-02 4.97e+16 6.35e+16 3.24e+16 1.14e+17   2.74e+16 1.88e+17   1.88e+16 2.37e+17  
4.1753e-02 7.81e+16 1.01e+17 1.63e+17 1.83e+17   4.26e+16 2.99e+17   2.91e+16 3.82e+17  
5.2983e-02 1.25e+17 1.60e+17 2.65e+17 2.95e+17   6.53e+16 4.92e+17   4.62e+16 6.05e+17  
6.7234e-02 1.92e+17 2.50e+17 4.15e+17 4.73e+17   9.72e+16 7.88e+17   7.08e+16 9.77e+17  
8.5317e-02 3.05e+17 3.93e+17 6.59e+17 7.62e+17   1.49e+17 1.27e+18   1.07e+17 1.59e+18  
1.0826e-01 4.85e+17 6.13e+17 1.09e+18 1.22e+18   2.22e+17 2.06e+18   1.40e+17 2.48e+18  
1.3738e-01 7.90e+17 9.51e+17 1.76e+18 1.96e+18   3.35e+17 3.28e+18   1.88e+17 3.98e+18  
1.7433e-01 1.23e+18 1.47e+18 2.81e+18 3.13e+18   4.85e+17 5.33e+18   2.43e+17 6.51e+18  
2.2122e-01 1.85e+18 2.24e+18 4.54e+18 5.00e+18   6.92e+17 8.47e+18   3.14e+17 1.04e+19  
2.8072e-01 2.84e+18 3.38e+18 7.07e+18 7.98e+18   1.04e+18 1.33e+19   4.01e+17 1.69e+19  
3.5622e-01 4.15e+18 5.04e+18 1.14e+19 1.26e+19   1.48e+18 2.11e+19   4.74e+17 2.72e+19  
4.5204e-01 6.26e+18 7.39e+18 1.75e+19 1.99e+19   2.02e+18 3.54e+19   5.71e+17 4.36e+19  
5.7362e-01 9.09e+18 1.07e+19 2.73e+19 3.12e+19   2.65e+18 5.50e+19   6.17e+17 6.88e+19  
7.2790e-01 1.24e+19 1.51e+19 4.45e+19 4.81e+19   3.33e+18 8.75e+19   6.28e+17 1.11e+20  
9.2367e-01 1.61e+19 2.09e+19 6.90e+19 7.41e+19   3.99e+18 1.34e+20   6.71e+17 1.73e+20  
1.1721e+00 2.10e+19 2.83e+19 2.29e+20 1.12e+20   4.68e+18 2.22e+20   6.48e+17 2.72e+20  
1.4874e+00 3.10e+19 3.75e+19 1.51e+20 1.66e+20   5.17e+18 3.35e+20   6.84e+17 4.19e+20  
1.8874e+00 4.08e+19 4.85e+19 5.40e+20 2.42e+20   5.48e+18 5.20e+20   6.38e+17 6.05e+20  
2.3950e+00 5.54e+19 6.11e+19 8.42e+20 3.43e+20   5.62e+18 8.10e+20   6.41e+17 9.53e+20  
3.0392e+00 7.46e+19 7.51e+19 1.17e+21 4.73e+20   5.88e+18 1.19e+21   6.46e+17 1.33e+21  
3.8566e+00 9.61e+19 9.01e+19 1.64e+21 6.28e+20   5.94e+18 1.67e+21   6.28e+17 1.89e+21  
4.8939e+00 1.21e+20 1.06e+20 2.51e+21 8.04e+20   5.57e+18 2.55e+21   6.89e+17 2.77e+21  
6.2102e+00 1.44e+20 1.21e+20 3.05e+21 9.85e+20   5.66e+18 3.18e+21   6.47e+17 3.81e+21  
7.8805e+00 1.67e+20 1.35e+20 4.11e+21 1.16e+21   5.77e+18 4.23e+21   6.86e+17 5.17e+21  
1.0000e+01 1.68e+20 1.47e+20 8.95e+20 1.30e+21   5.78e+18 5.28e+21   6.30e+17 6.82e+21  
