# x= #alpha_{int} [deg] ,  y= D(#alpha_{int}) [GeV cm^{-2}]
#     x       y_pdf_median  y_pdf_mean  y_mostlikely  y_chi2_best    CL_lo_PDF   CL_up_PDF
#                                                                 |          68.0% CL         |          95.0% CL          
1.0000e-02 3.50e+15 3.56e+15 2.85e+15 4.89e+15   2.49e+15 5.18e+15   1.93e+15 7.46e+15  
1.2690e-02 5.48e+15 5.56e+15 5.86e+15 7.48e+15   3.95e+15 7.91e+15   3.11e+15 1.11e+16  
1.6103e-02 8.58e+15 8.65e+15 7.25e+15 1.14e+16   6.31e+15 1.21e+16   5.00e+15 1.63e+16  
2.0434e-02 1.33e+16 1.34e+16 1.40e+16 1.72e+16   1.00e+16 1.82e+16   8.01e+15 2.38e+16  
2.5929e-02 2.05e+16 2.06e+16 1.65e+16 2.58e+16   1.58e+16 2.73e+16   1.28e+16 3.46e+16  
3.2903e-02 3.14e+16 3.15e+16 2.77e+16 3.85e+16   2.50e+16 4.05e+16   2.04e+16 4.95e+16  
4.1753e-02 4.78e+16 4.80e+16 4.00e+16 5.70e+16   3.91e+16 5.98e+16   3.24e+16 7.13e+16  
5.2983e-02 7.23e+16 7.24e+16 6.42e+16 8.36e+16   6.11e+16 8.76e+16   5.15e+16 1.02e+17  
6.7234e-02 1.06e+17 1.07e+17 1.04e+17 1.21e+17   9.25e+16 1.27e+17   8.02e+16 1.43e+17  
8.5317e-02 1.60e+17 1.61e+17 1.54e+17 1.75e+17   1.43e+17 1.83e+17   1.25e+17 2.04e+17  
1.0826e-01 2.35e+17 2.35e+17 2.15e+17 2.49e+17   2.14e+17 2.61e+17   1.90e+17 2.84e+17  
1.3738e-01 3.41e+17 3.41e+17 3.52e+17 3.51e+17   3.14e+17 3.71e+17   2.88e+17 4.05e+17  
1.7433e-01 4.89e+17 4.90e+17 4.74e+17 4.94e+17   4.54e+17 5.30e+17   4.21e+17 5.83e+17  
2.2122e-01 6.96e+17 6.98e+17 6.68e+17 6.91e+17   6.42e+17 7.63e+17   5.91e+17 8.38e+17  
2.8072e-01 9.68e+17 9.68e+17 9.28e+17 9.33e+17   8.65e+17 1.08e+18   7.82e+17 1.24e+18  
3.5622e-01 1.33e+18 1.33e+18 1.27e+18 1.26e+18   1.16e+18 1.51e+18   1.01e+18 1.79e+18  
4.5204e-01 1.80e+18 1.80e+18 1.92e+18 1.70e+18   1.54e+18 2.12e+18   1.32e+18 2.52e+18  
5.7362e-01 2.38e+18 2.37e+18 2.64e+18 2.20e+18   1.97e+18 2.90e+18   1.63e+18 3.53e+18  
7.2790e-01 3.04e+18 3.06e+18 2.92e+18 2.86e+18   2.44e+18 3.87e+18   1.97e+18 4.84e+18  
9.2367e-01 3.86e+18 3.88e+18 3.64e+18 3.65e+18   2.96e+18 5.09e+18   2.34e+18 6.54e+18  
1.1721e+00 4.74e+18 4.78e+18 4.35e+18 4.59e+18   3.49e+18 6.63e+18   2.64e+18 8.27e+18  
1.4874e+00 5.72e+18 5.74e+18 5.34e+18 5.64e+18   4.03e+18 8.32e+18   2.86e+18 1.08e+19  
1.8874e+00 6.76e+18 6.76e+18 8.84e+18 6.82e+18   4.57e+18 1.02e+19   3.06e+18 1.42e+19  
2.3950e+00 7.74e+18 7.74e+18 1.08e+19 8.05e+18   4.96e+18 1.21e+19   3.18e+18 1.82e+19  
3.0392e+00 8.69e+18 8.58e+18 6.46e+18 9.20e+18   5.19e+18 1.46e+19   3.19e+18 2.30e+19  
3.8566e+00 9.04e+18 9.10e+18 1.12e+19 9.86e+18   5.17e+18 1.66e+19   3.21e+18 2.72e+19  
4.8939e+00 9.05e+18 9.30e+18 8.24e+18 9.86e+18   5.16e+18 1.75e+19   3.20e+18 3.16e+19  
6.2102e+00 9.05e+18 9.34e+18 8.25e+18 9.86e+18   5.16e+18 1.74e+19   3.20e+18 3.33e+19  
7.8805e+00 9.05e+18 9.34e+18 1.12e+19 9.86e+18   5.15e+18 1.74e+19   3.20e+18 3.37e+19  
1.0000e+01 9.05e+18 9.34e+18 1.12e+19 9.86e+18   5.15e+18 1.74e+19   3.20e+18 3.37e+19  
