# x= #alpha_{int} [deg] ,  y= D(#alpha_{int}) [GeV cm^{-2}]
#     x       y_pdf_median  y_pdf_mean  y_mostlikely  y_chi2_best    CL_lo_PDF   CL_up_PDF
#                                                                 |          68.0% CL         |          95.0% CL          
1.0000e-02 4.56e+15 4.96e+15 3.57e+15 5.82e+15   3.59e+15 6.87e+15   3.06e+15 1.36e+16  
1.2690e-02 7.35e+15 7.98e+15 5.74e+15 9.37e+15   5.79e+15 1.11e+16   4.93e+15 2.20e+16  
1.6103e-02 1.18e+16 1.29e+16 1.17e+16 1.51e+16   9.31e+15 1.78e+16   7.94e+15 3.57e+16  
2.0434e-02 1.91e+16 2.07e+16 1.88e+16 2.43e+16   1.50e+16 2.87e+16   1.28e+16 5.75e+16  
2.5929e-02 3.07e+16 3.33e+16 3.03e+16 3.91e+16   2.41e+16 4.62e+16   2.06e+16 9.26e+16  
3.2903e-02 4.94e+16 5.37e+16 4.87e+16 6.30e+16   3.89e+16 7.44e+16   3.31e+16 1.49e+17  
4.1753e-02 7.95e+16 8.64e+16 7.76e+16 1.01e+17   6.26e+16 1.19e+17   5.33e+16 2.39e+17  
5.2983e-02 1.28e+17 1.39e+17 1.15e+17 1.63e+17   1.01e+17 1.92e+17   8.56e+16 3.85e+17  
6.7234e-02 2.05e+17 2.23e+17 1.79e+17 2.62e+17   1.61e+17 3.08e+17   1.35e+17 6.10e+17  
8.5317e-02 3.31e+17 3.58e+17 2.87e+17 4.23e+17   2.59e+17 4.95e+17   2.19e+17 9.57e+17  
1.0826e-01 5.29e+17 5.74e+17 4.61e+17 6.78e+17   4.14e+17 7.93e+17   3.48e+17 1.52e+18  
1.3738e-01 8.47e+17 9.19e+17 7.90e+17 1.09e+18   6.61e+17 1.28e+18   5.56e+17 2.43e+18  
1.7433e-01 1.35e+18 1.47e+18 1.18e+18 1.75e+18   1.05e+18 2.04e+18   8.81e+17 3.93e+18  
2.2122e-01 2.16e+18 2.33e+18 2.16e+18 2.80e+18   1.67e+18 3.27e+18   1.37e+18 6.28e+18  
2.8072e-01 3.42e+18 3.69e+18 3.32e+18 4.48e+18   2.62e+18 5.23e+18   2.12e+18 1.02e+19  
3.5622e-01 5.37e+18 5.79e+18 5.29e+18 6.95e+18   4.09e+18 8.32e+18   3.24e+18 1.64e+19  
4.5204e-01 8.44e+18 9.08e+18 8.24e+18 1.08e+19   6.34e+18 1.31e+19   4.85e+18 2.63e+19  
5.7362e-01 1.31e+19 1.41e+19 1.14e+19 1.77e+19   9.64e+18 2.09e+19   7.00e+18 4.27e+19  
7.2790e-01 2.01e+19 2.15e+19 1.70e+19 2.73e+19   1.43e+19 3.29e+19   1.01e+19 6.98e+19  
9.2367e-01 3.02e+19 3.22e+19 2.64e+19 4.22e+19   2.06e+19 5.16e+19   1.36e+19 1.09e+20  
1.1721e+00 4.39e+19 4.69e+19 3.64e+19 6.33e+19   2.86e+19 7.90e+19   1.81e+19 1.74e+20  
1.4874e+00 6.19e+19 6.64e+19 5.02e+19 9.24e+19   3.86e+19 1.18e+20   2.33e+19 2.73e+20  
1.8874e+00 8.47e+19 9.13e+19 6.70e+19 1.32e+20   5.02e+19 1.72e+20   2.92e+19 4.26e+20  
2.3950e+00 1.12e+20 1.22e+20 8.62e+19 1.82e+20   6.31e+19 2.41e+20   3.58e+19 6.59e+20  
3.0392e+00 1.41e+20 1.57e+20 1.08e+20 2.42e+20   7.71e+19 3.31e+20   4.21e+19 9.68e+20  
3.8566e+00 1.75e+20 1.96e+20 1.32e+20 3.11e+20   9.18e+19 4.31e+20   4.90e+19 1.40e+21  
4.8939e+00 2.11e+20 2.39e+20 2.03e+20 3.87e+20   1.07e+20 5.49e+20   5.51e+19 1.97e+21  
6.2102e+00 2.46e+20 2.83e+20 2.36e+20 4.69e+20   1.22e+20 6.78e+20   6.02e+19 2.71e+21  
7.8805e+00 2.83e+20 3.26e+20 2.56e+20 5.54e+20   1.34e+20 8.14e+20   6.30e+19 3.58e+21  
1.0000e+01 3.14e+20 3.63e+20 3.00e+20 6.36e+20   1.40e+20 9.57e+20   6.22e+19 4.51e+21  
