# x= #alpha_{int} [deg] ,  y= D(#alpha_{int}) [GeV cm^{-2}]
#     x       y_pdf_median  y_pdf_mean  y_mostlikely  y_chi2_best    CL_lo_PDF   CL_up_PDF
#                                                                 |          68.0% CL         |          95.0% CL          
1.0000e-02 2.29e+15 2.70e+15 2.29e+15 1.66e+15   1.44e+15 5.17e+15   1.03e+15 1.34e+16  
1.2690e-02 3.66e+15 4.31e+15 3.67e+15 2.64e+15   2.32e+15 8.31e+15   1.66e+15 2.16e+16  
1.6103e-02 5.87e+15 6.88e+15 5.94e+15 4.20e+15   3.70e+15 1.32e+16   2.66e+15 3.46e+16  
2.0434e-02 9.32e+15 1.09e+16 9.42e+15 6.65e+15   5.84e+15 2.12e+16   4.16e+15 5.52e+16  
2.5929e-02 1.50e+16 1.73e+16 1.52e+16 1.05e+16   9.14e+15 3.44e+16   6.62e+15 9.08e+16  
3.2903e-02 2.41e+16 2.73e+16 2.48e+16 1.65e+16   1.41e+16 5.51e+16   1.03e+16 1.44e+17  
4.1753e-02 3.81e+16 4.30e+16 2.19e+16 2.58e+16   2.19e+16 8.90e+16   1.63e+16 2.29e+17  
5.2983e-02 5.98e+16 6.73e+16 6.34e+16 4.00e+16   3.39e+16 1.42e+17   2.50e+16 3.75e+17  
6.7234e-02 9.49e+16 1.04e+17 9.83e+16 6.07e+16   5.19e+16 2.28e+17   3.73e+16 5.91e+17  
8.5317e-02 1.46e+17 1.61e+17 1.60e+17 9.43e+16   8.02e+16 3.73e+17   5.80e+16 9.78e+17  
1.0826e-01 2.31e+17 2.45e+17 2.50e+17 1.42e+17   1.13e+17 5.95e+17   8.48e+16 1.55e+18  
1.3738e-01 3.48e+17 3.71e+17 3.96e+17 2.13e+17   1.65e+17 9.66e+17   1.18e+17 2.42e+18  
1.7433e-01 5.04e+17 5.54e+17 5.99e+17 3.07e+17   2.32e+17 1.52e+18   1.51e+17 3.96e+18  
2.2122e-01 7.79e+17 8.17e+17 9.34e+17 4.59e+17   3.41e+17 2.42e+18   2.04e+17 6.18e+18  
2.8072e-01 1.13e+18 1.18e+18 1.39e+18 6.68e+17   3.93e+17 3.85e+18   2.48e+17 1.00e+19  
3.5622e-01 1.70e+18 1.67e+18 2.03e+18 9.22e+17   4.83e+17 6.23e+18   2.96e+17 1.61e+19  
4.5204e-01 2.51e+18 2.32e+18 2.88e+18 1.28e+18   5.81e+17 9.62e+18   3.57e+17 2.44e+19  
5.7362e-01 3.65e+18 3.14e+18 3.94e+18 1.73e+18   6.49e+17 1.51e+19   3.95e+17 3.87e+19  
7.2790e-01 5.14e+18 4.14e+18 5.44e+18 2.26e+18   7.19e+17 2.39e+19   4.07e+17 5.93e+19  
9.2367e-01 6.40e+18 5.33e+18 6.51e+18 2.91e+18   8.29e+17 3.55e+19   4.32e+17 9.43e+19  
1.1721e+00 8.22e+18 6.70e+18 8.34e+18 3.65e+18   8.44e+17 5.39e+19   4.34e+17 1.47e+20  
1.4874e+00 8.91e+18 8.21e+18 8.91e+18 4.43e+18   8.17e+17 7.89e+19   4.32e+17 2.19e+20  
1.8874e+00 1.02e+19 9.85e+18 1.01e+19 5.09e+18   8.38e+17 1.10e+20   4.25e+17 3.52e+20  
2.3950e+00 1.10e+19 1.15e+19 1.07e+19 5.50e+18   8.40e+17 1.50e+20   4.19e+17 5.76e+20  
3.0392e+00 1.08e+19 1.32e+19 1.06e+19 5.50e+18   8.22e+17 2.07e+20   4.26e+17 8.45e+20  
3.8566e+00 1.09e+19 1.47e+19 1.06e+19 5.50e+18   8.03e+17 2.45e+20   4.14e+17 1.21e+21  
4.8939e+00 1.09e+19 1.61e+19 1.06e+19 5.50e+18   8.25e+17 3.46e+20   4.23e+17 1.79e+21  
6.2102e+00 1.13e+19 1.73e+19 1.11e+19 5.50e+18   8.33e+17 4.25e+20   4.24e+17 2.64e+21  
7.8805e+00 1.12e+19 1.82e+19 1.09e+19 5.50e+18   8.11e+17 5.20e+20   4.11e+17 3.85e+21  
1.0000e+01 1.16e+19 1.90e+19 1.14e+19 5.50e+18   8.24e+17 5.80e+20   4.15e+17 4.85e+21  
