# x= #alpha_{int} [deg] ,  y= D(#alpha_{int}) [GeV cm^{-2}]
#     x       y_pdf_median  y_pdf_mean  y_mostlikely  y_chi2_best    CL_lo_PDF   CL_up_PDF
#                                                                 |          68.0% CL         |          95.0% CL          
1.0000e-02 4.71e+15 5.61e+15 9.48e+15 3.24e+15   1.92e+15 1.69e+16   1.45e+15 5.80e+16  
1.2690e-02 7.40e+15 8.77e+15 4.80e+15 4.82e+15   2.94e+15 2.70e+16   2.22e+15 9.21e+16  
1.6103e-02 1.15e+16 1.36e+16 2.45e+16 7.04e+15   4.44e+15 4.36e+16   3.43e+15 1.54e+17  
2.0434e-02 1.84e+16 2.11e+16 3.93e+16 1.01e+16   6.61e+15 6.99e+16   4.92e+15 2.42e+17  
2.5929e-02 2.80e+16 3.23e+16 6.26e+16 1.40e+16   9.64e+15 1.12e+17   6.87e+15 3.98e+17  
3.2903e-02 4.12e+16 4.91e+16 9.90e+16 1.88e+16   1.39e+16 1.77e+17   9.59e+15 6.23e+17  
4.1753e-02 5.93e+16 7.39e+16 1.59e+17 2.45e+16   1.98e+16 2.88e+17   1.26e+16 9.88e+17  
5.2983e-02 8.68e+16 1.10e+17 2.42e+17 3.07e+16   2.74e+16 4.58e+17   1.63e+16 1.61e+18  
6.7234e-02 1.22e+17 1.59e+17 3.86e+17 3.67e+16   3.67e+16 7.11e+17   2.05e+16 2.67e+18  
8.5317e-02 1.84e+17 2.31e+17 6.04e+17 4.24e+16   4.61e+16 1.14e+18   2.61e+16 4.09e+18  
1.0826e-01 2.92e+17 3.26e+17 9.01e+17 4.74e+16   5.95e+16 1.82e+18   3.09e+16 6.79e+18  
1.3738e-01 4.17e+17 4.54e+17 1.39e+18 5.08e+16   7.48e+16 2.84e+18   3.34e+16 1.05e+19  
1.7433e-01 6.12e+17 6.22e+17 2.27e+18 5.32e+16   8.89e+16 4.32e+18   3.49e+16 1.73e+19  
2.2122e-01 8.82e+17 8.38e+17 3.47e+18 5.41e+16   9.71e+16 6.82e+18   3.44e+16 2.64e+19  
2.8072e-01 1.13e+18 1.11e+18 5.06e+18 5.48e+16   1.10e+17 1.04e+19   3.63e+16 4.43e+19  
3.5622e-01 1.46e+18 1.44e+18 7.87e+18 5.48e+16   1.17e+17 1.60e+19   3.46e+16 6.75e+19  
4.5204e-01 1.98e+18 1.84e+18 1.12e+19 5.47e+16   1.36e+17 2.34e+19   3.51e+16 1.05e+20  
5.7362e-01 2.48e+18 2.31e+18 1.71e+19 5.47e+16   1.43e+17 3.43e+19   3.59e+16 1.62e+20  
7.2790e-01 2.84e+18 2.86e+18 2.45e+19 5.49e+16   1.49e+17 5.05e+19   3.29e+16 2.74e+20  
9.2367e-01 3.51e+18 3.48e+18 3.53e+19 5.49e+16   1.49e+17 6.96e+19   3.35e+16 4.14e+20  
1.1721e+00 4.48e+18 4.16e+18 5.30e+19 5.49e+16   1.45e+17 1.09e+20   3.41e+16 6.25e+20  
1.4874e+00 5.15e+18 4.90e+18 1.35e+19 5.49e+16   1.47e+17 1.48e+20   3.46e+16 9.36e+20  
1.8874e+00 6.76e+18 5.68e+18 1.04e+20 5.49e+16   1.51e+17 1.92e+20   3.49e+16 1.21e+21  
2.3950e+00 7.67e+18 6.46e+18 1.46e+20 5.49e+16   1.45e+17 2.35e+20   3.52e+16 1.80e+21  
3.0392e+00 8.28e+18 7.23e+18 2.01e+20 5.49e+16   1.43e+17 2.82e+20   3.54e+16 2.58e+21  
3.8566e+00 8.13e+18 7.97e+18 2.74e+20 5.49e+16   1.44e+17 3.12e+20   3.51e+16 3.18e+21  
4.8939e+00 8.46e+18 8.66e+18 3.63e+20 5.49e+16   1.48e+17 3.82e+20   3.52e+16 4.36e+21  
6.2102e+00 8.33e+18 9.24e+18 2.82e+17 5.49e+16   1.47e+17 4.90e+20   3.58e+16 4.67e+21  
7.8805e+00 7.82e+18 9.73e+18 2.95e+17 5.49e+16   1.46e+17 5.83e+20   3.60e+16 5.80e+21  
1.0000e+01 7.97e+18 1.01e+19 3.14e+17 5.49e+16   1.47e+17 7.56e+20   3.64e+16 6.71e+21  
