# x= #alpha_{int} [deg] ,  y= D(#alpha_{int}) [GeV cm^{-2}]
#     x       y_pdf_median  y_pdf_mean  y_mostlikely  y_chi2_best    CL_lo_PDF   CL_up_PDF
#                                                                 |          68.0% CL         |          95.0% CL          
1.0000e-02 1.96e+14 5.07e+13 3.44e+07 2.00e+16   3.02e+12 2.97e+15   3.24e+07 1.94e+16  
1.2690e-02 3.11e+14 7.58e+13 3.47e+07 3.22e+16   4.88e+12 4.67e+15   3.27e+07 3.43e+16  
1.6103e-02 4.83e+14 1.09e+14 3.52e+07 5.18e+16   7.81e+12 7.57e+15   3.30e+07 5.24e+16  
2.0434e-02 7.83e+14 1.60e+14 3.50e+07 8.34e+16   1.12e+13 1.16e+16   3.28e+07 8.07e+16  
2.5929e-02 1.28e+15 2.35e+14 6.98e+15 1.34e+17   1.78e+13 1.92e+16   3.26e+07 1.34e+17  
3.2903e-02 1.83e+15 3.16e+14 1.09e+16 2.16e+17   2.39e+13 2.85e+16   3.15e+07 2.06e+17  
4.1753e-02 2.85e+15 4.37e+14 1.71e+16 3.48e+17   3.06e+13 4.55e+16   3.00e+07 3.51e+17  
5.2983e-02 4.31e+15 5.96e+14 7.65e+15 5.61e+17   3.18e+13 7.12e+16   3.01e+07 5.44e+17  
6.7234e-02 6.35e+15 7.84e+14 4.51e+16 9.03e+17   3.13e+13 1.06e+17   2.84e+07 9.50e+17  
8.5317e-02 8.75e+15 1.04e+15 1.89e+16 1.45e+18   2.88e+13 1.58e+17   3.13e+07 1.46e+18  
1.0826e-01 1.25e+16 1.27e+15 1.26e+17 2.34e+18   2.37e+13 2.41e+17   3.03e+07 2.22e+18  
1.3738e-01 1.79e+16 1.70e+15 1.72e+17 3.77e+18   2.41e+13 3.71e+17   3.18e+07 3.49e+18  
1.7433e-01 2.40e+16 2.23e+15 2.97e+17 6.07e+18   2.37e+13 5.53e+17   3.22e+07 5.77e+18  
2.2122e-01 3.36e+16 2.30e+15 8.41e+16 9.77e+18   1.13e+13 8.18e+17   7.74e+06 9.41e+18  
2.8072e-01 4.63e+16 2.74e+15 7.32e+17 1.57e+19   1.04e+13 1.20e+18   8.46e+06 1.43e+19  
3.5622e-01 6.26e+16 3.40e+15 1.91e+17 2.53e+19   1.03e+13 1.82e+18   7.22e+06 2.31e+19  
4.5204e-01 7.69e+16 4.15e+15 1.89e+18 4.07e+19   1.08e+13 2.69e+18   7.09e+06 3.52e+19  
5.7362e-01 8.94e+16 4.99e+15 2.56e+18 6.55e+19   9.89e+12 4.16e+18   7.33e+06 5.58e+19  
7.2790e-01 9.89e+16 5.89e+15 3.58e+18 1.05e+20   9.92e+12 6.31e+18   6.86e+06 9.50e+19  
9.2367e-01 9.50e+16 6.85e+15 9.03e+18 1.69e+20   9.26e+12 9.63e+18   7.60e+06 1.49e+20  
1.1721e+00 1.01e+17 7.84e+15 1.25e+19 2.71e+20   8.68e+12 1.32e+19   6.59e+06 2.24e+20  
1.4874e+00 1.00e+17 8.88e+15 1.82e+19 4.33e+20   9.76e+12 1.93e+19   7.99e+06 3.41e+20  
1.8874e+00 9.87e+16 9.92e+15 1.35e+19 6.91e+20   1.07e+13 2.68e+19   6.97e+06 5.20e+20  
2.3950e+00 9.42e+16 1.09e+16 1.94e+19 1.10e+21   8.96e+12 3.76e+19   6.43e+06 7.67e+20  
3.0392e+00 9.86e+16 1.19e+16 2.65e+19 1.73e+21   9.37e+12 4.12e+19   7.31e+06 1.12e+21  
3.8566e+00 9.81e+16 1.28e+16 2.46e+19 2.72e+21   9.67e+12 5.50e+19   8.53e+06 1.83e+21  
4.8939e+00 9.73e+16 1.35e+16 8.08e+09 4.22e+21   9.61e+12 7.32e+19   8.60e+06 2.69e+21  
6.2102e+00 9.64e+16 1.42e+16 8.94e+09 6.45e+21   9.61e+12 9.70e+19   8.81e+06 3.15e+21  
7.8805e+00 9.72e+16 1.47e+16 8.99e+09 9.69e+21   9.67e+12 9.79e+19   8.85e+06 4.33e+21  
1.0000e+01 9.87e+16 1.52e+16 8.85e+09 1.42e+22   9.48e+12 9.72e+19   8.73e+06 5.88e+21  
