# x= #alpha_{int} [deg] ,  y= D(#alpha_{int}) [GeV cm^{-2}]
#     x       y_pdf_median  y_pdf_mean  y_mostlikely  y_chi2_best    CL_lo_PDF   CL_up_PDF
#                                                                 |          68.0% CL         |          95.0% CL          
1.0000e-02 1.71e+15 1.13e+15 1.73e+15 3.76e+14   3.08e+14 2.84e+15   2.25e+14 4.47e+15  
1.2690e-02 2.80e+15 1.81e+15 2.82e+15 6.08e+14   4.92e+14 4.42e+15   3.60e+14 6.92e+15  
1.6103e-02 4.29e+15 2.88e+15 4.33e+15 9.78e+14   7.91e+14 7.08e+15   5.80e+14 1.11e+16  
2.0434e-02 6.96e+15 4.57e+15 7.01e+15 1.57e+15   1.25e+15 1.10e+16   9.21e+14 1.70e+16  
2.5929e-02 8.16e+15 6.20e+15 1.10e+16 2.53e+15   1.66e+15 1.73e+16   6.66e+14 2.67e+16  
3.2903e-02 1.30e+16 9.83e+15 1.75e+16 4.05e+15   2.65e+15 2.74e+16   1.07e+15 4.22e+16  
4.1753e-02 2.14e+16 1.56e+16 2.73e+16 6.50e+15   4.16e+15 4.24e+16   1.72e+15 6.42e+16  
5.2983e-02 3.39e+16 2.48e+16 4.32e+16 1.05e+16   6.68e+15 6.68e+16   2.78e+15 1.01e+17  
6.7234e-02 5.29e+16 3.85e+16 6.42e+16 1.66e+16   1.08e+16 1.03e+17   4.40e+15 1.52e+17  
8.5317e-02 8.35e+16 6.10e+16 1.01e+17 2.67e+16   1.74e+16 1.61e+17   7.12e+15 2.37e+17  
1.0826e-01 1.33e+17 9.45e+16 1.53e+17 4.25e+16   2.80e+16 2.41e+17   1.13e+16 3.65e+17  
1.3738e-01 2.09e+17 1.48e+17 2.40e+17 6.79e+16   4.57e+16 3.58e+17   1.81e+16 5.48e+17  
1.7433e-01 3.32e+17 2.29e+17 3.64e+17 1.07e+17   7.30e+16 5.58e+17   2.87e+16 7.81e+17  
2.2122e-01 5.23e+17 3.57e+17 5.50e+17 1.70e+17   1.14e+17 8.38e+17   4.54e+16 1.16e+18  
2.8072e-01 8.28e+17 5.50e+17 8.37e+17 2.67e+17   1.88e+17 1.24e+18   7.12e+16 1.70e+18  
3.5622e-01 1.22e+18 9.39e+17 1.81e+18 4.19e+17   3.01e+17 2.36e+18   1.10e+17 2.81e+18  
4.5204e-01 1.84e+18 1.40e+18 1.79e+18 6.47e+17   4.77e+17 3.41e+18   1.70e+17 4.11e+18  
5.7362e-01 2.73e+18 2.08e+18 2.65e+18 9.93e+17   7.35e+17 4.65e+18   2.38e+17 5.48e+18  
7.2790e-01 4.00e+18 2.97e+18 3.71e+18 1.49e+18   1.13e+18 6.57e+18   2.78e+17 7.45e+18  
9.2367e-01 5.95e+18 4.13e+18 9.89e+18 2.19e+18   1.69e+18 9.14e+18   2.76e+17 1.02e+19  
1.1721e+00 8.41e+18 5.63e+18 7.43e+18 3.10e+18   2.41e+18 1.24e+19   2.75e+17 1.36e+19  
1.4874e+00 1.16e+19 7.46e+18 1.65e+19 4.17e+18   3.15e+18 1.67e+19   2.76e+17 1.86e+19  
1.8874e+00 1.51e+19 9.19e+18 2.26e+19 4.55e+18   3.14e+18 2.28e+19   2.72e+17 2.48e+19  
2.3950e+00 1.94e+19 1.09e+19 2.65e+19 4.55e+18   3.16e+18 2.94e+19   2.75e+17 3.13e+19  
3.0392e+00 2.18e+19 1.20e+19 3.07e+19 4.55e+18   3.14e+18 3.60e+19   2.76e+17 4.23e+19  
3.8566e+00 2.12e+19 1.23e+19 3.18e+19 4.55e+18   3.20e+18 3.90e+19   2.77e+17 4.63e+19  
4.8939e+00 2.16e+19 1.23e+19 3.08e+19 4.55e+18   3.15e+18 3.96e+19   2.77e+17 4.71e+19  
6.2102e+00 2.16e+19 1.23e+19 3.08e+19 4.55e+18   3.15e+18 3.96e+19   2.77e+17 4.71e+19  
7.8805e+00 2.16e+19 1.23e+19 3.08e+19 4.55e+18   3.15e+18 3.96e+19   2.77e+17 4.71e+19  
1.0000e+01 2.16e+19 1.23e+19 3.08e+19 4.55e+18   3.15e+18 3.96e+19   2.77e+17 4.71e+19  
