# x= #alpha_{int} [deg] ,  y= D(#alpha_{int}) [GeV cm^{-2}]
#     x       y_pdf_median  y_pdf_mean  y_mostlikely  y_chi2_best    CL_lo_PDF   CL_up_PDF
#                                                                 |          68.0% CL         |          95.0% CL          
1.0000e-02 2.01e+15 2.04e+15 4.86e+15 2.02e+14   9.45e+14 4.87e+15   2.21e+14 9.85e+15  
1.2690e-02 3.25e+15 3.29e+15 7.92e+15 3.27e+14   1.53e+15 7.89e+15   3.54e+14 1.56e+16  
1.6103e-02 5.22e+15 5.28e+15 1.27e+16 5.27e+14   2.46e+15 1.27e+16   5.73e+14 2.48e+16  
2.0434e-02 8.33e+15 8.46e+15 6.66e+15 8.44e+14   3.92e+15 2.00e+16   9.16e+14 3.89e+16  
2.5929e-02 1.34e+16 1.36e+16 1.18e+16 1.36e+15   6.30e+15 3.16e+16   1.48e+15 6.08e+16  
3.2903e-02 2.15e+16 2.16e+16 5.27e+16 2.19e+15   1.01e+16 4.97e+16   2.38e+15 9.43e+16  
4.1753e-02 3.50e+16 3.45e+16 2.86e+16 3.52e+15   1.62e+16 7.63e+16   3.85e+15 1.40e+17  
5.2983e-02 5.58e+16 5.47e+16 7.28e+16 5.72e+15   2.57e+16 1.16e+17   6.23e+15 2.19e+17  
6.7234e-02 8.81e+16 8.54e+16 1.13e+17 9.01e+15   4.07e+16 1.73e+17   9.98e+15 3.35e+17  
8.5317e-02 1.41e+17 1.34e+17 2.54e+17 1.45e+16   6.51e+16 2.57e+17   1.60e+16 5.18e+17  
1.0826e-01 2.24e+17 2.10e+17 3.51e+17 2.33e+16   1.05e+17 3.76e+17   2.56e+16 8.51e+17  
1.3738e-01 3.51e+17 3.22e+17 3.52e+17 3.75e+16   1.67e+17 5.85e+17   4.10e+16 1.35e+18  
1.7433e-01 5.14e+17 4.87e+17 4.93e+17 5.96e+16   2.60e+17 9.11e+17   6.59e+16 1.84e+18  
2.2122e-01 8.01e+17 7.29e+17 8.16e+17 9.47e+16   3.96e+17 1.39e+18   1.06e+17 2.97e+18  
2.8072e-01 1.11e+18 1.08e+18 1.35e+18 1.48e+17   6.01e+17 2.16e+18   1.71e+17 4.69e+18  
3.5622e-01 1.55e+18 1.56e+18 1.23e+18 2.29e+17   7.96e+17 3.30e+18   2.70e+17 7.56e+18  
4.5204e-01 2.16e+18 2.22e+18 3.28e+18 3.46e+17   1.01e+18 4.80e+18   4.06e+17 1.21e+19  
5.7362e-01 3.01e+18 3.08e+18 1.68e+18 5.09e+17   1.23e+18 7.32e+18   5.55e+17 1.99e+19  
7.2790e-01 4.04e+18 4.23e+18 8.56e+18 7.25e+17   1.61e+18 1.15e+19   7.40e+17 3.15e+19  
9.2367e-01 5.41e+18 5.70e+18 2.19e+18 9.93e+17   1.86e+18 1.77e+19   9.37e+17 5.06e+19  
1.1721e+00 6.52e+18 7.51e+18 2.10e+19 1.30e+18   2.27e+18 2.74e+19   1.11e+18 7.87e+19  
1.4874e+00 8.37e+18 9.72e+18 3.30e+19 1.60e+18   2.53e+18 4.22e+19   1.25e+18 1.26e+20  
1.8874e+00 1.01e+19 1.22e+19 5.46e+19 1.71e+18   2.80e+18 6.20e+19   1.27e+18 2.00e+20  
2.3950e+00 1.12e+19 1.49e+19 2.85e+18 1.71e+18   2.80e+18 9.56e+19   1.29e+18 3.31e+20  
3.0392e+00 1.52e+19 1.75e+19 8.17e+19 1.71e+18   2.72e+18 1.39e+20   1.27e+18 5.22e+20  
3.8566e+00 1.57e+19 2.02e+19 2.87e+18 1.71e+18   2.81e+18 2.08e+20   1.29e+18 7.61e+20  
4.8939e+00 1.61e+19 2.27e+19 2.81e+18 1.71e+18   2.75e+18 2.94e+20   1.29e+18 1.18e+21  
6.2102e+00 1.58e+19 2.51e+19 2.91e+18 1.71e+18   2.82e+18 4.39e+20   1.27e+18 1.79e+21  
7.8805e+00 1.63e+19 2.73e+19 2.72e+18 1.71e+18   2.70e+18 5.60e+20   1.26e+18 2.75e+21  
1.0000e+01 1.63e+19 2.91e+19 2.82e+18 1.71e+18   2.72e+18 7.71e+20   1.26e+18 4.23e+21  
