# x= #alpha_{int} [deg] ,  y= D(#alpha_{int}) [GeV cm^{-2}]
#     x       y_pdf_median  y_pdf_mean  y_mostlikely  y_chi2_best    CL_lo_PDF   CL_up_PDF
#                                                                 |          68.0% CL         |          95.0% CL          
1.0000e-02 4.35e+13 1.75e+13 9.66e+13 2.23e+12   3.31e+12 2.14e+14   1.44e+08 6.36e+14  
1.2690e-02 7.02e+13 2.76e+13 1.91e+14 3.58e+12   5.34e+12 3.46e+14   2.87e+08 1.03e+15  
1.6103e-02 1.11e+14 4.17e+13 9.17e+13 5.67e+12   8.56e+12 5.51e+14   2.90e+08 1.65e+15  
2.0434e-02 1.68e+14 6.23e+13 1.45e+14 8.86e+12   1.30e+13 8.32e+14   2.91e+08 2.64e+15  
2.5929e-02 2.67e+14 9.28e+13 3.73e+14 1.36e+13   2.03e+13 1.32e+15   2.95e+08 4.21e+15  
3.2903e-02 4.18e+14 1.37e+14 3.61e+14 2.02e+13   3.01e+13 2.15e+15   3.06e+08 6.67e+15  
4.1753e-02 6.47e+14 1.93e+14 1.81e+15 2.79e+13   4.10e+13 3.25e+15   1.47e+08 1.07e+16  
5.2983e-02 1.01e+15 2.71e+14 9.03e+14 3.04e+13   5.15e+13 5.05e+15   1.21e+08 1.72e+16  
6.7234e-02 1.53e+15 3.63e+14 6.44e+15 3.04e+13   5.28e+13 7.19e+15   1.05e+08 2.83e+16  
8.5317e-02 2.28e+15 4.74e+14 9.67e+15 3.04e+13   4.87e+13 1.19e+16   7.02e+07 4.40e+16  
1.0826e-01 3.41e+15 5.91e+14 1.11e+16 3.04e+13   4.41e+13 1.77e+16   5.41e+07 6.92e+16  
1.3738e-01 5.10e+15 7.92e+14 5.14e+15 3.04e+13   4.42e+13 2.81e+16   5.59e+07 1.14e+17  
1.7433e-01 7.32e+15 6.17e+14 2.32e+16 3.04e+13   1.24e+13 4.26e+16   2.49e+05 1.77e+17  
2.2122e-01 9.86e+15 7.88e+14 6.18e+16 3.04e+13   1.35e+13 6.60e+16   2.21e+05 2.90e+17  
2.8072e-01 1.27e+16 9.80e+14 5.96e+16 3.04e+13   1.28e+13 9.66e+16   2.27e+05 4.59e+17  
3.5622e-01 1.55e+16 1.18e+15 8.26e+16 3.04e+13   1.37e+13 1.51e+17   2.48e+05 7.15e+17  
4.5204e-01 1.62e+16 1.39e+15 2.02e+17 3.04e+13   1.32e+13 2.15e+17   2.53e+05 1.21e+18  
5.7362e-01 1.68e+16 1.59e+15 1.30e+17 3.04e+13   1.37e+13 3.08e+17   2.19e+05 1.84e+18  
7.2790e-01 1.68e+16 1.78e+15 1.74e+17 3.04e+13   1.28e+13 4.19e+17   2.35e+05 2.80e+18  
9.2367e-01 1.54e+16 1.95e+15 9.31e+15 3.04e+13   1.30e+13 5.97e+17   2.57e+05 4.06e+18  
1.1721e+00 1.54e+16 2.09e+15 9.54e+15 3.04e+13   1.40e+13 7.99e+17   2.20e+05 6.18e+18  
1.4874e+00 1.69e+16 2.21e+15 2.03e+17 3.04e+13   1.22e+13 9.36e+17   2.55e+05 8.99e+18  
1.8874e+00 1.68e+16 2.31e+15 3.30e+16 3.04e+13   1.44e+13 9.13e+17   2.44e+05 1.37e+19  
2.3950e+00 1.63e+16 2.38e+15 1.93e+17 3.04e+13   1.41e+13 9.50e+17   2.42e+05 2.02e+19  
3.0392e+00 1.54e+16 2.45e+15 1.77e+17 3.04e+13   1.30e+13 9.09e+17   2.61e+05 2.84e+19  
3.8566e+00 1.69e+16 2.49e+15 1.64e+17 3.04e+13   1.21e+13 9.39e+17   2.46e+05 4.10e+19  
4.8939e+00 1.59e+16 2.52e+15 1.88e+17 3.04e+13   1.38e+13 9.49e+17   2.40e+05 4.75e+19  
6.2102e+00 1.68e+16 2.54e+15 2.04e+17 3.04e+13   1.29e+13 9.31e+17   2.46e+05 5.22e+19  
7.8805e+00 1.53e+16 2.54e+15 8.69e+16 3.04e+13   1.24e+13 8.99e+17   2.49e+05 5.49e+19  
1.0000e+01 1.56e+16 2.55e+15 9.39e+15 3.04e+13   1.26e+13 9.09e+17   2.51e+05 5.62e+19  
