# x= #alpha_{int} [deg] ,  y= D(#alpha_{int}) [GeV cm^{-2}]
#     x       y_pdf_median  y_pdf_mean  y_mostlikely  y_chi2_best    CL_lo_PDF   CL_up_PDF
#                                                                 |          68.0% CL         |          95.0% CL          
1.0000e-02 1.43e+15 1.62e+15 1.15e+15 8.34e+14   1.02e+15 2.85e+15   8.40e+14 4.41e+15  
1.2690e-02 2.28e+15 2.58e+15 1.84e+15 1.35e+15   1.65e+15 4.38e+15   1.34e+15 6.75e+15  
1.6103e-02 3.65e+15 4.09e+15 2.65e+15 2.17e+15   2.64e+15 6.77e+15   2.19e+15 1.02e+16  
2.0434e-02 5.82e+15 6.46e+15 4.77e+15 3.48e+15   4.25e+15 1.05e+16   3.49e+15 1.51e+16  
2.5929e-02 9.32e+15 1.02e+16 7.72e+15 5.61e+15   6.90e+15 1.64e+16   5.62e+15 2.24e+16  
3.2903e-02 1.50e+16 1.61e+16 3.24e+16 9.03e+15   1.11e+16 2.55e+16   9.05e+15 3.31e+16  
4.1753e-02 2.39e+16 2.52e+16 4.82e+16 1.45e+16   1.78e+16 3.92e+16   1.45e+16 4.88e+16  
5.2983e-02 3.83e+16 3.95e+16 6.94e+16 2.36e+16   2.88e+16 5.99e+16   2.34e+16 7.10e+16  
6.7234e-02 5.87e+16 6.05e+16 9.72e+16 3.76e+16   4.58e+16 8.82e+16   3.76e+16 9.82e+16  
8.5317e-02 9.15e+16 9.44e+16 1.41e+17 6.07e+16   7.36e+16 1.32e+17   6.03e+16 1.45e+17  
1.0826e-01 1.43e+17 1.44e+17 1.22e+17 9.75e+16   1.17e+17 1.96e+17   9.77e+16 2.11e+17  
1.3738e-01 2.15e+17 2.19e+17 1.92e+17 1.57e+17   1.76e+17 2.78e+17   1.56e+17 3.12e+17  
1.7433e-01 3.16e+17 3.30e+17 3.03e+17 2.52e+17   2.70e+17 4.09e+17   2.36e+17 4.61e+17  
2.2122e-01 4.84e+17 4.98e+17 5.25e+17 4.05e+17   4.24e+17 6.10e+17   3.70e+17 6.79e+17  
2.8072e-01 7.13e+17 7.42e+17 6.93e+17 6.50e+17   6.42e+17 8.81e+17   5.56e+17 1.07e+18  
3.5622e-01 1.05e+18 1.09e+18 9.06e+17 1.05e+18   9.07e+17 1.28e+18   7.96e+17 1.70e+18  
4.5204e-01 1.55e+18 1.59e+18 1.21e+18 1.67e+18   1.24e+18 1.93e+18   1.11e+18 2.65e+18  
5.7362e-01 2.25e+18 2.27e+18 1.54e+18 2.67e+18   1.67e+18 2.88e+18   1.42e+18 4.11e+18  
7.2790e-01 3.15e+18 3.19e+18 4.02e+18 4.23e+18   2.16e+18 4.37e+18   1.74e+18 6.34e+18  
9.2367e-01 4.45e+18 4.39e+18 2.47e+18 6.65e+18   2.72e+18 6.75e+18   2.20e+18 9.62e+18  
1.1721e+00 6.08e+18 5.94e+18 8.55e+18 1.04e+19   3.40e+18 1.02e+19   2.56e+18 1.45e+19  
1.4874e+00 8.29e+18 7.87e+18 3.53e+18 1.62e+19   4.11e+18 1.45e+19   2.80e+18 2.13e+19  
1.8874e+00 1.09e+19 1.02e+19 1.34e+19 2.49e+19   4.79e+18 2.08e+19   3.18e+18 3.01e+19  
2.3950e+00 1.37e+19 1.28e+19 4.73e+18 3.77e+19   5.36e+18 2.85e+19   3.39e+18 4.27e+19  
3.0392e+00 1.64e+19 1.54e+19 5.32e+18 5.49e+19   5.62e+18 3.77e+19   3.43e+18 5.96e+19  
3.8566e+00 1.91e+19 1.80e+19 5.21e+18 7.95e+19   5.77e+18 4.98e+19   3.43e+18 8.19e+19  
4.8939e+00 2.16e+19 2.00e+19 1.40e+19 1.09e+20   5.75e+18 6.52e+19   3.43e+18 1.09e+20  
6.2102e+00 2.15e+19 2.16e+19 5.26e+18 1.44e+20   5.74e+18 7.26e+19   3.47e+18 1.43e+20  
7.8805e+00 2.18e+19 2.25e+19 5.20e+18 1.88e+20   5.72e+18 8.54e+19   3.38e+18 1.77e+20  
1.0000e+01 2.16e+19 2.28e+19 1.42e+19 2.23e+20   5.71e+18 8.42e+19   3.45e+18 2.05e+20  
