# x= #alpha_{int} [deg] ,  y= D(#alpha_{int}) [GeV cm^{-2}]
#     x       y_pdf_median  y_pdf_mean  y_mostlikely  y_chi2_best    CL_lo_PDF   CL_up_PDF
#                                                                 |          68.0% CL         |          95.0% CL          
1.0000e-02 2.72e+15 2.97e+15 2.52e+15 1.91e+15   1.95e+15 4.77e+15   1.58e+15 7.07e+15  
1.2690e-02 4.31e+15 4.64e+15 3.98e+15 3.07e+15   3.12e+15 7.23e+15   2.54e+15 1.03e+16  
1.6103e-02 6.81e+15 7.22e+15 6.33e+15 4.91e+15   4.99e+15 1.08e+16   4.09e+15 1.48e+16  
2.0434e-02 1.07e+16 1.12e+16 1.33e+16 7.82e+15   7.94e+15 1.62e+16   6.54e+15 2.13e+16  
2.5929e-02 1.66e+16 1.72e+16 1.39e+16 1.25e+16   1.26e+16 2.39e+16   1.04e+16 3.01e+16  
3.2903e-02 2.56e+16 2.61e+16 3.03e+16 1.97e+16   1.98e+16 3.48e+16   1.66e+16 4.21e+16  
4.1753e-02 3.91e+16 3.94e+16 3.43e+16 3.10e+16   3.11e+16 5.04e+16   2.63e+16 5.89e+16  
5.2983e-02 5.88e+16 5.88e+16 5.29e+16 4.84e+16   4.83e+16 7.19e+16   4.09e+16 8.15e+16  
6.7234e-02 8.61e+16 8.57e+16 9.37e+16 7.30e+16   7.28e+16 1.01e+17   6.33e+16 1.12e+17  
8.5317e-02 1.26e+17 1.25e+17 1.28e+17 1.10e+17   1.11e+17 1.41e+17   9.65e+16 1.53e+17  
1.0826e-01 1.78e+17 1.77e+17 1.81e+17 1.66e+17   1.63e+17 1.93e+17   1.47e+17 2.06e+17  
1.3738e-01 2.45e+17 2.45e+17 2.56e+17 2.39e+17   2.31e+17 2.61e+17   2.13e+17 2.79e+17  
1.7433e-01 3.33e+17 3.33e+17 3.18e+17 3.25e+17   3.14e+17 3.54e+17   2.97e+17 3.78e+17  
2.2122e-01 4.43e+17 4.43e+17 4.30e+17 4.55e+17   4.12e+17 4.76e+17   3.86e+17 5.14e+17  
2.8072e-01 5.62e+17 5.66e+17 6.16e+17 6.03e+17   5.12e+17 6.26e+17   4.74e+17 6.95e+17  
3.5622e-01 6.93e+17 6.99e+17 6.04e+17 7.19e+17   6.13e+17 7.91e+17   5.58e+17 9.21e+17  
4.5204e-01 8.39e+17 8.43e+17 8.49e+17 8.41e+17   7.19e+17 9.83e+17   6.24e+17 1.19e+18  
5.7362e-01 9.53e+17 9.68e+17 9.17e+17 9.34e+17   8.00e+17 1.18e+18   6.56e+17 1.49e+18  
7.2790e-01 1.06e+18 1.08e+18 1.20e+18 9.71e+17   8.61e+17 1.38e+18   6.80e+17 1.83e+18  
9.2367e-01 1.16e+18 1.19e+18 1.15e+18 1.01e+18   9.14e+17 1.57e+18   6.95e+17 2.20e+18  
1.1721e+00 1.23e+18 1.26e+18 1.25e+18 1.02e+18   9.24e+17 1.77e+18   6.93e+17 2.62e+18  
1.4874e+00 1.27e+18 1.32e+18 1.27e+18 1.00e+18   9.35e+17 1.93e+18   6.90e+17 3.12e+18  
1.8874e+00 1.29e+18 1.37e+18 9.97e+17 1.02e+18   9.44e+17 2.07e+18   6.90e+17 3.55e+18  
2.3950e+00 1.30e+18 1.39e+18 9.76e+17 1.02e+18   9.51e+17 2.15e+18   6.88e+17 3.88e+18  
3.0392e+00 1.30e+18 1.39e+18 9.76e+17 1.02e+18   9.51e+17 2.15e+18   6.87e+17 4.02e+18  
3.8566e+00 1.29e+18 1.39e+18 1.02e+18 1.02e+18   9.50e+17 2.16e+18   6.88e+17 3.99e+18  
4.8939e+00 1.29e+18 1.39e+18 1.02e+18 1.02e+18   9.50e+17 2.15e+18   6.88e+17 4.00e+18  
6.2102e+00 1.30e+18 1.39e+18 1.01e+18 1.02e+18   9.50e+17 2.15e+18   6.87e+17 4.01e+18  
7.8805e+00 1.30e+18 1.39e+18 1.01e+18 1.02e+18   9.50e+17 2.15e+18   6.87e+17 4.01e+18  
1.0000e+01 1.30e+18 1.39e+18 1.01e+18 1.02e+18   9.50e+17 2.15e+18   6.87e+17 4.01e+18  
