# x= #alpha_{int} [deg] ,  y= J(#alpha_{int}) [GeV^{2} cm^{-5}]
#     x       y_pdf_median  y_pdf_mean  y_mostlikely  y_chi2_best    CL_lo_PDF   CL_up_PDF
#                                                                 |          68.0% CL         |          95.0% CL          
1.0000e-02 5.49e+14 4.79e+14 3.32e+14 4.53e+16   6.08e+12 4.96e+16   1.78e+10 2.93e+17  
1.2690e-02 8.73e+14 7.30e+14 5.25e+14 6.73e+16   9.55e+12 7.38e+16   1.79e+10 4.68e+17  
1.6103e-02 1.26e+15 1.10e+15 7.50e+14 9.78e+16   1.58e+13 1.10e+17   1.87e+10 7.62e+17  
2.0434e-02 1.96e+15 1.65e+15 1.14e+15 1.40e+17   2.54e+13 1.71e+17   1.74e+10 1.21e+18  
2.5929e-02 3.06e+15 2.45e+15 1.73e+15 1.98e+17   3.69e+13 2.47e+17   1.59e+10 1.93e+18  
3.2903e-02 4.46e+15 3.57e+15 2.55e+15 2.73e+17   6.35e+13 3.56e+17   1.79e+10 3.18e+18  
4.1753e-02 6.57e+15 5.15e+15 4.15e+15 3.66e+17   9.54e+13 4.11e+17   1.57e+10 4.23e+18  
5.2983e-02 9.93e+15 7.33e+15 5.74e+15 4.82e+17   1.48e+14 5.91e+17   1.55e+10 6.91e+18  
6.7234e-02 1.36e+16 1.00e+16 7.85e+15 6.05e+17   2.26e+14 8.84e+17   1.69e+10 1.04e+19  
8.5317e-02 1.82e+16 1.40e+16 1.07e+16 7.71e+17   3.26e+14 1.30e+18   1.67e+10 1.81e+19  
1.0826e-01 2.20e+16 1.29e+16 1.19e+16 9.44e+17   4.50e+14 1.86e+18   2.90e+09 2.74e+19  
1.3738e-01 3.22e+16 1.55e+16 1.73e+16 1.11e+18   5.77e+14 2.63e+18   2.46e+09 4.09e+19  
1.7433e-01 4.20e+16 2.02e+16 2.08e+16 1.28e+18   8.00e+14 3.82e+18   2.37e+09 7.66e+19  
2.2122e-01 5.46e+16 2.60e+16 2.12e+16 1.45e+18   9.87e+14 4.71e+18   2.28e+09 1.18e+20  
2.8072e-01 6.73e+16 3.23e+16 2.42e+16 1.58e+18   1.02e+15 6.63e+18   2.62e+09 1.68e+20  
3.5622e-01 7.01e+16 3.51e+16 6.19e+16 1.69e+18   9.09e+14 1.01e+19   2.36e+09 2.51e+20  
4.5204e-01 9.45e+16 4.17e+16 2.37e+16 1.77e+18   9.09e+14 1.43e+19   2.72e+09 3.56e+20  
5.7362e-01 1.16e+17 4.86e+16 2.69e+16 1.81e+18   9.42e+14 2.09e+19   2.61e+09 4.80e+20  
7.2790e-01 1.35e+17 5.58e+16 2.34e+16 1.86e+18   9.10e+14 3.15e+19   2.69e+09 7.14e+20  
9.2367e-01 1.45e+17 6.30e+16 2.42e+16 1.88e+18   9.09e+14 3.97e+19   2.36e+09 1.04e+21  
1.1721e+00 1.48e+17 7.00e+16 2.35e+16 1.87e+18   9.31e+14 5.28e+19   2.47e+09 1.56e+21  
1.4874e+00 1.65e+17 7.68e+16 2.62e+16 1.89e+18   9.62e+14 6.88e+19   2.55e+09 2.28e+21  
1.8874e+00 1.57e+17 8.35e+16 2.41e+16 1.89e+18   8.91e+14 8.07e+19   2.51e+09 3.35e+21  
2.3950e+00 1.52e+17 8.96e+16 2.22e+16 1.89e+18   9.10e+14 1.06e+20   2.57e+09 3.80e+21  
3.0392e+00 1.47e+17 9.49e+16 2.72e+16 1.89e+18   8.71e+14 1.14e+20   2.60e+09 5.40e+21  
3.8566e+00 1.77e+17 9.96e+16 2.60e+16 1.89e+18   8.63e+14 1.33e+20   2.24e+09 7.16e+21  
4.8939e+00 1.70e+17 1.03e+17 2.48e+16 1.89e+18   8.10e+14 1.45e+20   2.75e+09 9.87e+21  
6.2102e+00 1.65e+17 1.06e+17 2.41e+16 1.89e+18   8.27e+14 1.48e+20   2.71e+09 1.19e+22  
7.8805e+00 1.46e+17 1.09e+17 2.80e+16 1.89e+18   8.52e+14 1.63e+20   2.15e+09 1.56e+22  
1.0000e+01 1.74e+17 1.10e+17 2.53e+16 1.89e+18   8.19e+14 1.67e+20   2.69e+09 1.53e+22  
