# x= #alpha_{int} [deg] ,  y= J(#alpha_{int}) [GeV^{2} cm^{-5}]
#     x       y_pdf_median  y_pdf_mean  y_mostlikely  y_chi2_best    CL_lo_PDF   CL_up_PDF
#                                                                 |          68.0% CL         |          95.0% CL          
1.0000e-02 3.12e+14 7.47e+13 3.20e+12 7.35e+16   4.48e+11 3.72e+16   3.83e+06 5.98e+17  
1.2690e-02 4.68e+14 1.07e+14 1.03e+09 1.18e+17   7.14e+11 5.61e+16   3.79e+06 9.21e+17  
1.6103e-02 6.85e+14 1.46e+14 8.77e+08 1.91e+17   1.07e+12 8.33e+16   3.84e+06 1.47e+18  
2.0434e-02 9.85e+14 2.06e+14 9.86e+12 3.07e+17   1.81e+12 1.27e+17   4.18e+06 2.19e+18  
2.5929e-02 1.47e+15 2.74e+14 9.97e+08 4.94e+17   2.41e+12 1.89e+17   3.33e+06 3.28e+18  
3.2903e-02 2.00e+15 3.40e+14 1.03e+09 7.96e+17   2.68e+12 2.83e+17   3.69e+06 5.06e+18  
4.1753e-02 3.04e+15 4.38e+14 1.07e+09 1.28e+18   2.72e+12 3.98e+17   3.25e+06 7.42e+18  
5.2983e-02 4.28e+15 5.87e+14 1.29e+15 2.06e+18   2.75e+12 6.07e+17   3.06e+06 1.19e+19  
6.7234e-02 5.92e+15 6.38e+14 8.69e+08 3.32e+18   1.74e+12 9.04e+17   8.86e+05 1.75e+19  
8.5317e-02 8.34e+15 7.83e+14 1.29e+17 5.35e+18   1.64e+12 1.30e+18   8.86e+05 2.21e+19  
1.0826e-01 1.19e+16 9.88e+14 1.59e+17 8.61e+18   1.94e+12 1.89e+18   9.12e+05 3.22e+19  
1.3738e-01 1.56e+16 1.16e+15 4.62e+06 1.39e+19   1.62e+12 2.91e+18   7.95e+05 4.77e+19  
1.7433e-01 1.69e+16 1.42e+15 1.48e+17 2.23e+19   1.34e+12 3.91e+18   6.96e+05 7.93e+19  
2.2122e-01 2.21e+16 1.72e+15 2.01e+17 3.59e+19   1.47e+12 5.50e+18   8.24e+05 1.05e+20  
2.8072e-01 2.91e+16 2.04e+15 8.07e+08 5.77e+19   1.70e+12 6.73e+18   7.91e+05 1.35e+20  
3.5622e-01 3.65e+16 2.38e+15 1.40e+17 9.27e+19   1.46e+12 8.38e+18   7.67e+05 2.06e+20  
4.5204e-01 4.35e+16 2.76e+15 1.98e+17 1.49e+20   1.29e+12 1.04e+19   8.13e+05 3.16e+20  
5.7362e-01 4.59e+16 3.13e+15 4.53e+18 2.39e+20   1.47e+12 1.26e+19   7.64e+05 4.63e+20  
7.2790e-01 4.85e+16 3.51e+15 2.66e+17 3.76e+20   1.27e+12 1.47e+19   8.03e+05 7.39e+20  
9.2367e-01 4.97e+16 3.90e+15 6.83e+18 6.00e+20   1.66e+12 1.68e+19   6.78e+05 1.14e+21  
1.1721e+00 5.27e+16 4.27e+15 1.10e+09 9.09e+20   1.43e+12 2.04e+19   7.13e+05 1.66e+21  
1.4874e+00 5.29e+16 4.62e+15 9.70e+08 1.41e+21   1.63e+12 2.15e+19   8.61e+05 2.51e+21  
1.8874e+00 5.23e+16 4.95e+15 1.07e+09 2.21e+21   1.38e+12 2.65e+19   8.85e+05 3.27e+21  
2.3950e+00 5.07e+16 5.25e+15 1.43e+19 3.49e+21   1.55e+12 2.99e+19   8.79e+05 4.29e+21  
3.0392e+00 5.31e+16 5.51e+15 1.31e+19 5.50e+21   1.41e+12 3.52e+19   8.64e+05 6.06e+21  
3.8566e+00 5.36e+16 5.72e+15 1.80e+19 8.24e+21   1.57e+12 4.14e+19   7.06e+05 8.12e+21  
4.8939e+00 5.18e+16 5.90e+15 1.54e+19 1.23e+22   1.64e+12 4.11e+19   6.55e+05 9.69e+21  
6.2102e+00 5.21e+16 6.05e+15 1.42e+19 1.74e+22   1.56e+12 4.92e+19   9.28e+05 1.20e+22  
7.8805e+00 5.02e+16 6.15e+15 1.74e+19 2.38e+22   1.27e+12 4.58e+19   7.07e+05 1.13e+22  
1.0000e+01 5.23e+16 6.22e+15 8.43e+08 3.19e+22   1.42e+12 4.95e+19   7.69e+05 1.27e+22  
