# x= #alpha_{int} [deg] ,  y= J(#alpha_{int}) [GeV^{2} cm^{-5}]
#     x       y_pdf_median  y_pdf_mean  y_mostlikely  y_chi2_best    CL_lo_PDF   CL_up_PDF
#                                                                 |          68.0% CL         |          95.0% CL          
1.0000e-02 1.18e+17 1.17e+17 1.74e+17 4.30e+17   2.62e+16 5.14e+17   7.72e+15 1.77e+18  
1.2690e-02 1.67e+17 1.66e+17 6.46e+16 5.62e+17   4.11e+16 6.75e+17   1.24e+16 2.19e+18  
1.6103e-02 2.34e+17 2.33e+17 3.61e+17 7.24e+17   6.37e+16 8.63e+17   2.01e+16 2.61e+18  
2.0434e-02 3.24e+17 3.22e+17 1.84e+17 9.19e+17   9.79e+16 1.09e+18   3.18e+16 3.07e+18  
2.5929e-02 4.42e+17 4.40e+17 2.56e+17 1.15e+18   1.48e+17 1.36e+18   5.12e+16 3.54e+18  
3.2903e-02 5.96e+17 5.93e+17 6.45e+17 1.42e+18   2.19e+17 1.67e+18   8.02e+16 4.05e+18  
4.1753e-02 7.85e+17 7.87e+17 6.80e+17 1.73e+18   3.16e+17 2.03e+18   1.21e+17 4.63e+18  
5.2983e-02 1.01e+18 1.03e+18 6.17e+17 2.07e+18   4.53e+17 2.42e+18   1.82e+17 5.16e+18  
6.7234e-02 1.29e+18 1.32e+18 9.31e+17 2.43e+18   6.33e+17 2.85e+18   2.79e+17 5.69e+18  
8.5317e-02 1.62e+18 1.66e+18 1.59e+18 2.83e+18   8.80e+17 3.33e+18   4.29e+17 6.33e+18  
1.0826e-01 2.01e+18 2.06e+18 1.48e+18 3.24e+18   1.17e+18 3.82e+18   6.57e+17 6.82e+18  
1.3738e-01 2.43e+18 2.49e+18 1.68e+18 3.64e+18   1.52e+18 4.26e+18   9.36e+17 7.27e+18  
1.7433e-01 2.89e+18 2.96e+18 2.70e+18 4.05e+18   1.93e+18 4.66e+18   1.30e+18 7.62e+18  
2.2122e-01 3.32e+18 3.44e+18 2.89e+18 4.41e+18   2.37e+18 5.04e+18   1.74e+18 7.90e+18  
2.8072e-01 3.79e+18 3.92e+18 3.93e+18 4.78e+18   2.85e+18 5.42e+18   2.16e+18 8.23e+18  
3.5622e-01 4.23e+18 4.37e+18 4.36e+18 5.09e+18   3.32e+18 5.81e+18   2.67e+18 8.39e+18  
4.5204e-01 4.63e+18 4.77e+18 4.32e+18 5.36e+18   3.73e+18 6.08e+18   3.09e+18 8.52e+18  
5.7362e-01 4.94e+18 5.10e+18 4.55e+18 5.59e+18   4.06e+18 6.39e+18   3.41e+18 8.65e+18  
7.2790e-01 5.22e+18 5.39e+18 4.89e+18 5.81e+18   4.32e+18 6.71e+18   3.69e+18 8.76e+18  
9.2367e-01 5.43e+18 5.60e+18 5.25e+18 5.93e+18   4.55e+18 6.90e+18   3.92e+18 8.87e+18  
1.1721e+00 5.59e+18 5.73e+18 5.48e+18 6.03e+18   4.70e+18 7.03e+18   4.09e+18 8.89e+18  
1.4874e+00 5.71e+18 5.86e+18 5.53e+18 6.11e+18   4.78e+18 7.15e+18   4.22e+18 9.09e+18  
1.8874e+00 5.79e+18 5.92e+18 5.90e+18 6.17e+18   4.85e+18 7.23e+18   4.26e+18 9.19e+18  
2.3950e+00 5.86e+18 5.96e+18 6.48e+18 6.19e+18   4.86e+18 7.27e+18   4.28e+18 9.19e+18  
3.0392e+00 5.89e+18 6.00e+18 5.29e+18 6.22e+18   4.90e+18 7.34e+18   4.30e+18 9.20e+18  
3.8566e+00 5.90e+18 6.02e+18 5.55e+18 6.23e+18   4.89e+18 7.37e+18   4.28e+18 9.29e+18  
4.8939e+00 5.90e+18 6.02e+18 6.43e+18 6.23e+18   4.88e+18 7.36e+18   4.28e+18 9.34e+18  
6.2102e+00 5.90e+18 6.02e+18 6.43e+18 6.23e+18   4.88e+18 7.36e+18   4.28e+18 9.34e+18  
7.8805e+00 5.90e+18 6.02e+18 6.43e+18 6.23e+18   4.88e+18 7.36e+18   4.28e+18 9.34e+18  
1.0000e+01 5.90e+18 6.02e+18 6.43e+18 6.23e+18   4.88e+18 7.36e+18   4.28e+18 9.34e+18  
