# x= #alpha_{int} [deg] ,  y= J(#alpha_{int}) [GeV^{2} cm^{-5}]
#     x       y_pdf_median  y_pdf_mean  y_mostlikely  y_chi2_best    CL_lo_PDF   CL_up_PDF
#                                                                 |          68.0% CL         |          95.0% CL          
1.0000e-02 6.94e+17 7.74e+17 4.96e+17 1.13e+18   2.28e+17 3.58e+18   2.23e+16 1.34e+19  
1.2690e-02 1.02e+18 1.08e+18 6.74e+17 1.59e+18   3.39e+17 4.99e+18   3.54e+16 1.47e+19  
1.6103e-02 1.37e+18 1.49e+18 2.23e+18 2.20e+18   4.79e+17 6.13e+18   5.61e+16 1.73e+19  
2.0434e-02 1.95e+18 2.03e+18 2.97e+18 2.99e+18   6.29e+17 7.80e+18   8.55e+16 1.94e+19  
2.5929e-02 2.60e+18 2.70e+18 1.55e+18 4.01e+18   8.61e+17 1.05e+19   1.37e+17 2.05e+19  
3.2903e-02 3.49e+18 3.53e+18 1.67e+18 5.29e+18   1.26e+18 1.25e+19   2.15e+17 2.26e+19  
4.1753e-02 4.53e+18 4.51e+18 2.38e+18 6.87e+18   1.80e+18 1.48e+19   3.46e+17 2.81e+19  
5.2983e-02 5.35e+18 5.64e+18 8.84e+18 8.75e+18   2.16e+18 1.81e+19   5.60e+17 3.58e+19  
6.7234e-02 6.58e+18 6.91e+18 3.48e+18 1.09e+19   2.71e+18 2.10e+19   7.43e+17 4.47e+19  
8.5317e-02 7.84e+18 8.33e+18 1.37e+19 1.34e+19   3.26e+18 2.27e+19   9.22e+17 5.72e+19  
1.0826e-01 9.38e+18 9.82e+18 2.54e+19 1.62e+19   3.67e+18 2.56e+19   1.20e+18 7.48e+19  
1.3738e-01 1.18e+19 1.14e+19 2.56e+19 1.91e+19   4.43e+18 2.92e+19   1.64e+18 1.17e+20  
1.7433e-01 1.24e+19 1.30e+19 6.93e+18 2.22e+19   4.72e+18 3.63e+19   2.06e+18 1.89e+20  
2.2122e-01 1.29e+19 1.47e+19 2.58e+19 2.52e+19   4.79e+18 4.47e+19   2.40e+18 2.91e+20  
2.8072e-01 1.32e+19 1.64e+19 2.90e+19 2.83e+19   4.85e+18 4.93e+19   2.47e+18 4.70e+20  
3.5622e-01 1.39e+19 1.80e+19 5.03e+18 3.10e+19   4.99e+18 6.19e+19   2.45e+18 7.29e+20  
4.5204e-01 1.43e+19 1.97e+19 5.06e+18 3.33e+19   5.02e+18 7.44e+19   2.48e+18 1.08e+21  
5.7362e-01 1.51e+19 2.13e+19 1.29e+19 3.54e+19   5.10e+18 7.57e+19   2.51e+18 1.67e+21  
7.2790e-01 1.54e+19 2.29e+19 5.16e+18 3.72e+19   5.11e+18 9.24e+19   2.46e+18 2.56e+21  
9.2367e-01 1.64e+19 2.44e+19 1.55e+19 3.84e+19   5.12e+18 1.06e+20   2.53e+18 4.02e+21  
1.1721e+00 1.78e+19 2.57e+19 5.09e+18 3.93e+19   5.06e+18 1.17e+20   2.45e+18 6.52e+21  
1.4874e+00 1.81e+19 2.71e+19 4.93e+18 4.02e+19   4.97e+18 1.29e+20   2.49e+18 1.02e+22  
1.8874e+00 1.86e+19 2.83e+19 4.99e+18 4.04e+19   5.03e+18 1.26e+20   2.48e+18 1.52e+22  
2.3950e+00 1.87e+19 2.93e+19 4.99e+18 4.06e+19   5.03e+18 1.30e+20   2.48e+18 2.42e+22  
3.0392e+00 1.94e+19 3.03e+19 5.14e+18 4.10e+19   5.12e+18 1.38e+20   2.51e+18 3.18e+22  
3.8566e+00 1.93e+19 3.12e+19 5.63e+18 4.08e+19   4.95e+18 1.44e+20   2.47e+18 3.77e+22  
4.8939e+00 1.95e+19 3.18e+19 4.99e+18 4.06e+19   5.02e+18 1.57e+20   2.42e+18 4.46e+22  
6.2102e+00 1.96e+19 3.24e+19 5.19e+18 4.06e+19   5.14e+18 1.67e+20   2.47e+18 5.34e+22  
7.8805e+00 2.03e+19 3.28e+19 4.95e+18 4.06e+19   4.99e+18 1.69e+20   2.48e+18 6.85e+22  
1.0000e+01 1.97e+19 3.31e+19 5.03e+18 4.06e+19   5.07e+18 1.79e+20   2.49e+18 8.33e+22  
