# x= #alpha_{int} [deg] ,  y= J(#alpha_{int}) [GeV^{2} cm^{-5}]
#     x       y_pdf_median  y_pdf_mean  y_mostlikely  y_chi2_best    CL_lo_PDF   CL_up_PDF
#                                                                 |          68.0% CL         |          95.0% CL          
1.0000e-02 1.38e+13 4.52e+12 8.62e+13 2.07e+11   3.13e+11 1.56e+14   4.06e+06 1.32e+15  
1.2690e-02 2.10e+13 6.95e+12 3.94e+13 3.28e+11   4.74e+11 2.42e+14   4.41e+06 2.04e+15  
1.6103e-02 3.25e+13 1.05e+13 2.02e+14 5.14e+11   7.66e+11 3.77e+14   5.91e+06 3.06e+15  
2.0434e-02 5.03e+13 1.52e+13 3.31e+14 7.93e+11   1.19e+12 5.90e+14   6.12e+06 4.06e+15  
2.5929e-02 7.10e+13 2.17e+13 5.67e+14 1.19e+12   1.84e+12 8.35e+14   6.51e+06 5.37e+15  
3.2903e-02 1.08e+14 3.05e+13 8.65e+14 1.73e+12   2.57e+12 1.17e+15   6.16e+06 7.71e+15  
4.1753e-02 1.64e+14 4.08e+13 2.55e+14 2.33e+12   3.59e+12 1.61e+15   4.40e+06 1.05e+16  
5.2983e-02 2.28e+14 5.15e+13 1.03e+15 2.53e+12   4.17e+12 2.38e+15   4.00e+06 1.45e+16  
6.7234e-02 3.14e+14 6.48e+13 1.62e+15 2.53e+12   3.74e+12 3.54e+15   3.59e+06 1.96e+16  
8.5317e-02 4.72e+14 8.63e+13 7.84e+14 2.53e+12   3.79e+12 5.10e+15   3.83e+06 2.98e+16  
1.0826e-01 6.15e+14 6.50e+13 5.99e+15 2.53e+12   1.02e+12 7.27e+15   1.40e+04 4.11e+16  
1.3738e-01 8.51e+14 8.15e+13 1.46e+16 2.53e+12   1.08e+12 1.11e+16   1.51e+04 5.24e+16  
1.7433e-01 1.06e+15 1.00e+14 1.31e+15 2.53e+12   1.05e+12 1.66e+16   1.54e+04 6.93e+16  
2.2122e-01 1.43e+15 1.21e+14 2.43e+16 2.53e+12   1.01e+12 2.31e+16   1.31e+04 1.04e+17  
2.8072e-01 1.80e+15 1.42e+14 2.15e+15 2.53e+12   1.05e+12 2.75e+16   1.43e+04 1.44e+17  
3.5622e-01 2.17e+15 1.54e+14 2.64e+16 2.53e+12   1.00e+12 3.47e+16   1.83e+03 2.20e+17  
4.5204e-01 2.27e+15 1.74e+14 5.27e+15 2.53e+12   9.02e+11 4.45e+16   1.91e+03 3.02e+17  
5.7362e-01 2.27e+15 1.92e+14 1.97e+16 2.53e+12   1.07e+12 5.76e+16   1.68e+03 4.19e+17  
7.2790e-01 2.28e+15 2.08e+14 1.70e+16 2.53e+12   9.52e+11 7.22e+16   1.82e+03 6.63e+17  
9.2367e-01 2.35e+15 2.22e+14 1.89e+16 2.53e+12   9.14e+11 8.92e+16   2.05e+03 9.79e+17  
1.1721e+00 2.43e+15 2.34e+14 2.54e+16 2.53e+12   1.04e+12 1.04e+17   1.83e+03 1.47e+18  
1.4874e+00 2.26e+15 2.44e+14 2.70e+15 2.53e+12   1.07e+12 1.12e+17   2.06e+03 2.10e+18  
1.8874e+00 2.28e+15 2.51e+14 2.86e+15 2.53e+12   9.03e+11 1.09e+17   2.04e+03 2.86e+18  
2.3950e+00 2.42e+15 2.58e+14 2.53e+15 2.53e+12   1.01e+12 1.10e+17   2.02e+03 3.70e+18  
3.0392e+00 2.22e+15 2.62e+14 2.73e+16 2.53e+12   1.04e+12 1.14e+17   1.99e+03 4.19e+18  
3.8566e+00 2.22e+15 2.65e+14 2.76e+16 2.53e+12   1.05e+12 1.15e+17   2.05e+03 4.59e+18  
4.8939e+00 2.22e+15 2.67e+14 2.68e+16 2.53e+12   1.04e+12 1.11e+17   1.67e+03 5.41e+18  
6.2102e+00 2.38e+15 2.68e+14 2.53e+16 2.53e+12   9.86e+11 1.11e+17   2.00e+03 6.43e+18  
7.8805e+00 2.25e+15 2.68e+14 2.70e+15 2.53e+12   1.06e+12 1.11e+17   2.06e+03 5.88e+18  
1.0000e+01 2.30e+15 2.68e+14 2.91e+15 2.53e+12   9.27e+11 1.09e+17   1.72e+03 6.16e+18  
