# x= #alpha_{int} [deg] ,  y= J(#alpha_{int}) [GeV^{2} cm^{-5}]
#     x       y_pdf_median  y_pdf_mean  y_mostlikely  y_chi2_best    CL_lo_PDF   CL_up_PDF
#                                                                 |          68.0% CL         |          95.0% CL          
1.0000e-02 2.43e+16 3.45e+16 7.49e+16 6.46e+15   2.67e+15 5.74e+17   7.12e+13 3.79e+19  
1.2690e-02 3.89e+16 5.24e+16 1.05e+17 1.04e+16   4.53e+15 8.41e+17   1.21e+14 4.94e+19  
1.6103e-02 6.43e+16 7.92e+16 1.60e+17 1.67e+16   6.89e+15 1.09e+18   1.84e+14 5.47e+19  
2.0434e-02 9.94e+16 1.19e+17 1.12e+16 2.68e+16   1.10e+16 1.45e+18   3.04e+14 7.84e+19  
2.5929e-02 1.58e+17 1.77e+17 2.91e+17 4.29e+16   1.89e+16 1.90e+18   4.99e+14 1.06e+20  
3.2903e-02 2.46e+17 2.61e+17 4.00e+17 6.87e+16   3.01e+16 2.60e+18   7.94e+14 1.39e+20  
4.1753e-02 3.73e+17 3.81e+17 5.44e+17 1.08e+17   4.68e+16 3.24e+18   1.26e+15 1.96e+20  
5.2983e-02 5.43e+17 5.51e+17 6.95e+17 1.74e+17   7.65e+16 3.93e+18   2.08e+15 2.29e+20  
6.7234e-02 7.86e+17 7.80e+17 9.08e+17 2.72e+17   1.18e+17 4.64e+18   3.08e+15 2.84e+20  
8.5317e-02 1.15e+18 1.11e+18 1.18e+18 4.32e+17   1.98e+17 6.08e+18   5.03e+15 3.15e+20  
1.0826e-01 1.43e+18 1.53e+18 3.23e+17 6.72e+17   3.16e+17 8.01e+18   7.86e+15 3.39e+20  
1.3738e-01 1.92e+18 2.09e+18 4.99e+17 1.04e+18   4.88e+17 9.35e+18   1.27e+16 3.56e+20  
1.7433e-01 2.63e+18 2.81e+18 2.30e+18 1.60e+18   7.34e+17 1.06e+19   1.98e+16 3.44e+20  
2.2122e-01 3.66e+18 3.70e+18 2.68e+18 2.40e+18   1.07e+18 1.20e+19   3.14e+16 3.48e+20  
2.8072e-01 5.32e+18 4.99e+18 3.16e+18 3.58e+18   1.62e+18 1.44e+19   4.83e+16 3.50e+20  
3.5622e-01 6.88e+18 6.29e+18 2.89e+18 5.17e+18   2.26e+18 1.69e+19   7.51e+16 3.61e+20  
4.5204e-01 7.94e+18 7.79e+18 4.24e+18 7.28e+18   2.90e+18 2.41e+19   1.11e+17 3.50e+20  
5.7362e-01 8.51e+18 9.43e+18 8.44e+18 9.95e+18   3.87e+18 2.81e+19   1.69e+17 3.56e+20  
7.2790e-01 9.40e+18 1.12e+19 8.35e+18 1.31e+19   4.38e+18 3.04e+19   2.47e+17 3.57e+20  
9.2367e-01 1.23e+19 1.30e+19 8.36e+18 1.67e+19   5.57e+18 3.78e+19   3.52e+17 3.53e+20  
1.1721e+00 1.36e+19 1.47e+19 8.53e+18 1.94e+19   6.15e+18 3.91e+19   4.82e+17 3.52e+20  
1.4874e+00 1.63e+19 1.63e+19 8.59e+18 2.38e+19   6.37e+18 4.74e+19   6.59e+17 3.56e+20  
1.8874e+00 1.80e+19 1.77e+19 8.36e+18 2.67e+19   6.58e+18 5.67e+19   8.39e+17 3.56e+20  
2.3950e+00 1.87e+19 1.89e+19 7.00e+18 2.79e+19   6.84e+18 6.24e+19   1.06e+18 3.51e+20  
3.0392e+00 2.02e+19 1.98e+19 2.96e+19 3.02e+19   6.92e+18 6.76e+19   1.16e+18 3.59e+20  
3.8566e+00 2.05e+19 2.05e+19 8.59e+18 3.09e+19   6.91e+18 7.72e+19   1.14e+18 3.51e+20  
4.8939e+00 2.01e+19 2.09e+19 3.04e+19 3.01e+19   6.95e+18 9.10e+19   1.18e+18 3.61e+20  
6.2102e+00 2.01e+19 2.12e+19 8.61e+18 3.12e+19   6.97e+18 9.31e+19   1.16e+18 3.50e+20  
7.8805e+00 2.05e+19 2.14e+19 7.16e+18 3.12e+19   6.98e+18 9.43e+19   1.14e+18 3.50e+20  
1.0000e+01 1.99e+19 2.15e+19 8.50e+18 3.12e+19   7.08e+18 9.27e+19   1.14e+18 3.65e+20  
