# x= #alpha_{int} [deg] ,  y= J(#alpha_{int}) [GeV^{2} cm^{-5}]
#     x       y_pdf_median  y_pdf_mean  y_mostlikely  y_chi2_best    CL_lo_PDF   CL_up_PDF
#                                                                 |          68.0% CL         |          95.0% CL          
1.0000e-02 3.65e+15 6.03e+15 1.13e+15 1.52e+14   8.51e+14 7.94e+16   3.34e+14 3.83e+17  
1.2690e-02 5.69e+15 9.14e+15 5.65e+15 2.44e+14   1.34e+15 1.22e+17   5.30e+14 4.87e+17  
1.6103e-02 9.01e+15 1.38e+16 2.91e+15 3.93e+14   2.22e+15 1.73e+17   8.33e+14 6.07e+17  
2.0434e-02 1.41e+16 2.06e+16 6.79e+17 6.30e+14   3.53e+15 2.25e+17   1.30e+15 7.62e+17  
2.5929e-02 2.24e+16 3.07e+16 7.40e+15 1.02e+15   5.62e+15 2.88e+17   2.19e+15 9.59e+17  
3.2903e-02 3.37e+16 4.53e+16 1.12e+16 1.64e+15   9.04e+15 3.62e+17   3.59e+15 1.11e+18  
4.1753e-02 5.25e+16 6.61e+16 1.72e+16 2.64e+15   1.45e+16 4.67e+17   5.53e+15 1.32e+18  
5.2983e-02 7.80e+16 9.55e+16 2.66e+16 4.22e+15   2.28e+16 6.34e+17   9.07e+15 1.51e+18  
6.7234e-02 1.16e+17 1.34e+17 4.17e+16 6.76e+15   3.54e+16 8.08e+17   1.40e+16 1.73e+18  
8.5317e-02 1.64e+17 1.92e+17 6.26e+16 1.07e+16   5.70e+16 1.13e+18   2.26e+16 2.02e+18  
1.0826e-01 2.42e+17 2.66e+17 9.44e+16 1.76e+16   8.65e+16 1.36e+18   3.69e+16 2.23e+18  
1.3738e-01 3.37e+17 3.66e+17 1.38e+17 2.80e+16   1.33e+17 1.69e+18   5.82e+16 2.50e+18  
1.7433e-01 4.75e+17 4.97e+17 3.72e+17 4.51e+16   1.95e+17 1.96e+18   8.84e+16 2.72e+18  
2.2122e-01 6.31e+17 6.66e+17 2.79e+18 7.22e+16   2.86e+17 2.27e+18   1.31e+17 2.94e+18  
2.8072e-01 8.63e+17 8.69e+17 2.92e+18 1.14e+17   4.19e+17 2.45e+18   2.05e+17 3.09e+18  
3.5622e-01 1.16e+18 1.10e+18 3.09e+18 1.82e+17   5.76e+17 2.65e+18   3.14e+17 3.32e+18  
4.5204e-01 1.42e+18 1.38e+18 3.25e+18 2.86e+17   7.77e+17 2.78e+18   4.96e+17 3.51e+18  
5.7362e-01 1.68e+18 1.68e+18 3.30e+18 4.47e+17   1.01e+18 2.92e+18   7.57e+17 3.62e+18  
7.2790e-01 1.93e+18 2.00e+18 3.46e+18 6.90e+17   1.27e+18 3.39e+18   1.01e+18 3.83e+18  
9.2367e-01 2.13e+18 2.34e+18 1.75e+18 1.05e+18   1.65e+18 3.50e+18   1.27e+18 4.78e+18  
1.1721e+00 2.46e+18 2.66e+18 2.23e+18 1.56e+18   1.87e+18 3.70e+18   1.47e+18 6.15e+18  
1.4874e+00 3.01e+18 2.89e+18 3.57e+18 2.29e+18   2.09e+18 3.60e+18   1.50e+18 6.59e+18  
1.8874e+00 3.33e+18 3.27e+18 3.60e+18 3.25e+18   2.21e+18 4.21e+18   1.55e+18 9.66e+18  
2.3950e+00 3.59e+18 3.51e+18 2.57e+18 4.48e+18   2.27e+18 5.22e+18   1.60e+18 1.14e+19  
3.0392e+00 3.52e+18 3.69e+18 3.53e+18 5.93e+18   2.26e+18 5.93e+18   1.58e+18 1.28e+19  
3.8566e+00 3.63e+18 3.86e+18 4.55e+18 7.50e+18   2.26e+18 6.35e+18   1.63e+18 1.36e+19  
4.8939e+00 3.59e+18 3.96e+18 2.60e+18 9.03e+18   2.27e+18 6.73e+18   1.64e+18 1.39e+19  
6.2102e+00 3.65e+18 4.01e+18 2.61e+18 1.04e+19   2.26e+18 7.04e+18   1.65e+18 1.40e+19  
7.8805e+00 3.64e+18 4.04e+18 2.62e+18 1.13e+19   2.27e+18 7.39e+18   1.63e+18 1.41e+19  
1.0000e+01 3.65e+18 4.05e+18 2.61e+18 1.19e+19   2.26e+18 7.03e+18   1.65e+18 1.40e+19  
