# x= #alpha_{int} [deg] ,  y= J(#alpha_{int}) [GeV^{2} cm^{-5}]
#     x       y_pdf_median  y_pdf_mean  y_mostlikely  y_chi2_best    CL_lo_PDF   CL_up_PDF
#                                                                 |          68.0% CL         |          95.0% CL          
1.0000e-02 1.75e+16 1.84e+16 1.75e+16 1.70e+16   1.35e+16 2.46e+16   1.06e+16 5.18e+16  
1.2690e-02 2.80e+16 2.93e+16 2.80e+16 2.73e+16   2.18e+16 3.91e+16   1.70e+16 7.90e+16  
1.6103e-02 4.48e+16 4.68e+16 4.49e+16 4.40e+16   3.50e+16 6.14e+16   2.73e+16 1.24e+17  
2.0434e-02 7.18e+16 7.43e+16 7.17e+16 7.08e+16   5.61e+16 9.72e+16   4.39e+16 1.87e+17  
2.5929e-02 1.14e+17 1.18e+17 1.15e+17 1.14e+17   8.95e+16 1.53e+17   7.03e+16 2.69e+17  
3.2903e-02 1.80e+17 1.87e+17 1.62e+17 1.83e+17   1.43e+17 2.40e+17   1.12e+17 4.14e+17  
4.1753e-02 2.85e+17 2.94e+17 2.60e+17 2.94e+17   2.27e+17 3.73e+17   1.80e+17 5.94e+17  
5.2983e-02 4.48e+17 4.61e+17 5.06e+17 4.73e+17   3.60e+17 5.82e+17   2.88e+17 8.71e+17  
6.7234e-02 6.94e+17 7.10e+17 6.49e+17 7.52e+17   5.57e+17 8.86e+17   4.56e+17 1.28e+18  
8.5317e-02 1.09e+18 1.11e+18 1.03e+18 1.21e+18   8.85e+17 1.38e+18   7.28e+17 1.93e+18  
1.0826e-01 1.65e+18 1.69e+18 1.61e+18 1.93e+18   1.35e+18 2.09e+18   1.14e+18 2.81e+18  
1.3738e-01 2.50e+18 2.57e+18 2.46e+18 3.06e+18   2.08e+18 3.21e+18   1.73e+18 4.23e+18  
1.7433e-01 3.79e+18 3.85e+18 3.46e+18 4.85e+18   3.10e+18 4.83e+18   2.59e+18 6.52e+18  
2.2122e-01 5.60e+18 5.71e+18 5.04e+18 7.62e+18   4.51e+18 7.21e+18   3.79e+18 1.00e+19  
2.8072e-01 8.14e+18 8.34e+18 6.98e+18 1.19e+19   6.38e+18 1.09e+19   5.18e+18 1.57e+19  
3.5622e-01 1.15e+19 1.19e+19 1.12e+19 1.83e+19   8.74e+18 1.63e+19   6.88e+18 2.44e+19  
4.5204e-01 1.64e+19 1.67e+19 1.66e+19 2.77e+19   1.17e+19 2.38e+19   8.94e+18 3.74e+19  
5.7362e-01 2.25e+19 2.28e+19 2.58e+19 4.11e+19   1.53e+19 3.42e+19   1.09e+19 5.74e+19  
7.2790e-01 3.00e+19 3.03e+19 2.17e+19 5.96e+19   1.91e+19 4.76e+19   1.31e+19 8.69e+19  
9.2367e-01 3.86e+19 3.92e+19 2.69e+19 8.39e+19   2.32e+19 6.55e+19   1.52e+19 1.26e+20  
1.1721e+00 4.78e+19 4.91e+19 3.42e+19 1.14e+20   2.76e+19 8.69e+19   1.71e+19 1.76e+20  
1.4874e+00 5.75e+19 5.94e+19 6.81e+19 1.47e+20   3.15e+19 1.10e+20   1.86e+19 2.42e+20  
1.8874e+00 6.77e+19 6.97e+19 1.02e+20 1.84e+20   3.54e+19 1.35e+20   1.96e+19 3.28e+20  
2.3950e+00 7.54e+19 7.89e+19 1.26e+20 2.18e+20   3.83e+19 1.62e+20   2.07e+19 4.28e+20  
3.0392e+00 8.21e+19 8.68e+19 6.04e+19 2.45e+20   4.07e+19 1.87e+20   2.15e+19 5.48e+20  
3.8566e+00 8.86e+19 9.31e+19 6.17e+19 2.63e+20   4.21e+19 2.07e+20   2.21e+19 6.41e+20  
4.8939e+00 9.26e+19 9.76e+19 6.19e+19 2.74e+20   4.28e+19 2.19e+20   2.25e+19 7.11e+20  
6.2102e+00 9.42e+19 1.01e+20 9.44e+19 2.78e+20   4.31e+19 2.28e+20   2.29e+19 7.50e+20  
7.8805e+00 9.64e+19 1.03e+20 1.47e+20 2.79e+20   4.35e+19 2.32e+20   2.30e+19 7.89e+20  
1.0000e+01 9.68e+19 1.04e+20 7.72e+19 2.80e+20   4.33e+19 2.37e+20   2.31e+19 7.87e+20  
