# x= #alpha_{int} [deg] ,  y= J(#alpha_{int}) [GeV^{2} cm^{-5}]
#     x       y_pdf_median  y_pdf_mean  y_mostlikely  y_chi2_best    CL_lo_PDF   CL_up_PDF
#                                                                 |          68.0% CL         |          95.0% CL          
1.0000e-02 1.26e+16 1.40e+16 1.63e+16 2.22e+17   4.73e+15 3.92e+16   2.23e+15 2.31e+17  
1.2690e-02 2.03e+16 2.16e+16 1.91e+16 2.77e+17   7.72e+15 5.72e+16   3.58e+15 2.83e+17  
1.6103e-02 3.10e+16 3.31e+16 3.51e+16 3.44e+17   1.20e+16 8.48e+16   5.71e+15 3.50e+17  
2.0434e-02 4.77e+16 5.06e+16 6.76e+16 4.22e+17   1.93e+16 1.27e+17   8.89e+15 4.24e+17  
2.5929e-02 7.34e+16 7.66e+16 7.23e+16 5.11e+17   3.05e+16 1.82e+17   1.39e+16 5.10e+17  
3.2903e-02 1.12e+17 1.15e+17 1.70e+17 6.10e+17   4.78e+16 2.78e+17   2.15e+16 6.25e+17  
4.1753e-02 1.68e+17 1.72e+17 2.23e+17 7.02e+17   7.09e+16 4.12e+17   3.35e+16 8.34e+17  
5.2983e-02 2.52e+17 2.55e+17 2.48e+17 8.13e+17   1.04e+17 6.28e+17   5.06e+16 1.16e+18  
6.7234e-02 3.75e+17 3.66e+17 7.18e+17 9.33e+17   1.51e+17 8.28e+17   7.11e+16 1.63e+18  
8.5317e-02 5.44e+17 5.36e+17 1.15e+18 1.07e+18   2.13e+17 1.18e+18   1.08e+17 2.67e+18  
1.0826e-01 7.40e+17 7.62e+17 7.32e+17 1.18e+18   3.02e+17 1.83e+18   1.51e+17 4.21e+18  
1.3738e-01 1.00e+18 1.07e+18 9.40e+17 1.29e+18   4.27e+17 2.68e+18   2.12e+17 6.69e+18  
1.7433e-01 1.36e+18 1.49e+18 1.38e+18 1.41e+18   5.74e+17 4.00e+18   2.56e+17 1.06e+19  
2.2122e-01 1.85e+18 2.03e+18 1.91e+18 1.51e+18   7.77e+17 5.52e+18   3.20e+17 1.73e+19  
2.8072e-01 2.41e+18 2.70e+18 2.43e+18 1.58e+18   9.51e+17 8.10e+18   4.12e+17 2.73e+19  
3.5622e-01 2.91e+18 3.48e+18 1.92e+19 1.67e+18   1.09e+18 1.13e+19   4.62e+17 4.04e+19  
4.5204e-01 3.47e+18 4.43e+18 3.48e+18 1.73e+18   1.27e+18 1.65e+19   5.89e+17 6.32e+19  
5.7362e-01 4.26e+18 5.46e+18 1.51e+18 1.78e+18   1.45e+18 2.30e+19   5.94e+17 9.60e+19  
7.2790e-01 4.76e+18 6.54e+18 1.54e+18 1.79e+18   1.51e+18 3.36e+19   6.38e+17 1.41e+20  
9.2367e-01 5.31e+18 7.73e+18 4.43e+18 1.86e+18   1.61e+18 4.47e+19   7.45e+17 2.10e+20  
1.1721e+00 6.14e+18 8.85e+18 1.24e+18 1.87e+18   1.63e+18 5.64e+19   7.41e+17 2.96e+20  
1.4874e+00 6.47e+18 9.87e+18 1.33e+18 1.86e+18   1.65e+18 6.93e+19   7.69e+17 4.26e+20  
1.8874e+00 6.62e+18 1.09e+19 6.00e+18 1.91e+18   1.69e+18 8.37e+19   8.13e+17 6.08e+20  
2.3950e+00 7.04e+18 1.17e+19 6.37e+18 1.90e+18   1.69e+18 1.01e+20   7.97e+17 7.88e+20  
3.0392e+00 7.10e+18 1.24e+19 6.26e+18 1.90e+18   1.68e+18 1.13e+20   8.06e+17 9.80e+20  
3.8566e+00 7.53e+18 1.30e+19 5.93e+18 1.90e+18   1.70e+18 1.20e+20   7.86e+17 1.21e+21  
4.8939e+00 7.54e+18 1.34e+19 6.21e+18 1.90e+18   1.69e+18 1.42e+20   8.18e+17 1.46e+21  
6.2102e+00 7.62e+18 1.36e+19 5.95e+18 1.90e+18   1.71e+18 1.58e+20   7.93e+17 1.55e+21  
7.8805e+00 7.77e+18 1.38e+19 6.06e+18 1.90e+18   1.71e+18 1.65e+20   7.97e+17 1.77e+21  
1.0000e+01 7.55e+18 1.39e+19 6.18e+18 1.90e+18   1.67e+18 1.72e+20   8.02e+17 2.03e+21  
