# x= #alpha_{int} [deg] ,  y= J(#alpha_{int}) [GeV^{2} cm^{-5}]
#     x       y_pdf_median  y_pdf_mean  y_mostlikely  y_chi2_best    CL_lo_PDF   CL_up_PDF
#                                                                 |          68.0% CL         |          95.0% CL          
1.0000e-02 6.23e+16 8.90e+16 5.83e+16 1.92e+16   2.12e+16 4.98e+17   1.03e+16 2.03e+18  
1.2690e-02 9.54e+16 1.30e+17 8.89e+16 3.05e+16   3.33e+16 6.54e+17   1.64e+16 2.29e+18  
1.6103e-02 1.45e+17 1.87e+17 1.04e+17 4.82e+16   5.19e+16 8.36e+17   2.62e+16 2.66e+18  
2.0434e-02 2.14e+17 2.65e+17 1.58e+17 7.57e+16   8.09e+16 1.04e+18   4.11e+16 3.04e+18  
2.5929e-02 3.14e+17 3.69e+17 1.98e+17 1.18e+17   1.24e+17 1.26e+18   6.46e+16 3.39e+18  
3.2903e-02 4.45e+17 5.06e+17 3.21e+17 1.81e+17   1.88e+17 1.49e+18   1.02e+17 3.78e+18  
4.1753e-02 6.14e+17 6.80e+17 6.70e+17 2.73e+17   2.78e+17 1.77e+18   1.54e+17 4.14e+18  
5.2983e-02 8.33e+17 8.91e+17 7.16e+17 4.03e+17   3.98e+17 2.04e+18   2.31e+17 4.48e+18  
6.7234e-02 1.07e+18 1.14e+18 7.58e+17 5.78e+17   5.62e+17 2.32e+18   3.29e+17 4.75e+18  
8.5317e-02 1.33e+18 1.42e+18 9.97e+17 8.04e+17   7.63e+17 2.63e+18   4.81e+17 5.08e+18  
1.0826e-01 1.62e+18 1.71e+18 1.30e+18 1.08e+18   1.01e+18 2.92e+18   6.58e+17 5.32e+18  
1.3738e-01 1.89e+18 1.99e+18 1.89e+18 1.36e+18   1.27e+18 3.17e+18   8.57e+17 5.50e+18  
1.7433e-01 2.14e+18 2.25e+18 1.80e+18 1.67e+18   1.52e+18 3.35e+18   1.09e+18 5.65e+18  
2.2122e-01 2.33e+18 2.46e+18 1.95e+18 1.91e+18   1.76e+18 3.50e+18   1.30e+18 5.73e+18  
2.8072e-01 2.47e+18 2.61e+18 2.07e+18 2.08e+18   1.92e+18 3.60e+18   1.50e+18 5.85e+18  
3.5622e-01 2.55e+18 2.71e+18 2.89e+18 2.19e+18   2.04e+18 3.66e+18   1.65e+18 5.87e+18  
4.5204e-01 2.61e+18 2.78e+18 2.46e+18 2.23e+18   2.13e+18 3.69e+18   1.77e+18 5.88e+18  
5.7362e-01 2.62e+18 2.81e+18 2.48e+18 2.25e+18   2.15e+18 3.72e+18   1.80e+18 5.93e+18  
7.2790e-01 2.65e+18 2.84e+18 2.95e+18 2.25e+18   2.17e+18 3.74e+18   1.83e+18 5.93e+18  
9.2367e-01 2.65e+18 2.84e+18 2.26e+18 2.25e+18   2.18e+18 3.78e+18   1.84e+18 5.98e+18  
1.1721e+00 2.63e+18 2.83e+18 2.25e+18 2.25e+18   2.17e+18 3.77e+18   1.84e+18 5.95e+18  
1.4874e+00 2.65e+18 2.85e+18 2.93e+18 2.26e+18   2.19e+18 3.79e+18   1.86e+18 5.95e+18  
1.8874e+00 2.66e+18 2.84e+18 2.26e+18 2.25e+18   2.18e+18 3.79e+18   1.85e+18 5.99e+18  
2.3950e+00 2.65e+18 2.84e+18 2.26e+18 2.25e+18   2.17e+18 3.79e+18   1.84e+18 5.98e+18  
3.0392e+00 2.66e+18 2.84e+18 2.26e+18 2.25e+18   2.17e+18 3.80e+18   1.84e+18 5.98e+18  
3.8566e+00 2.66e+18 2.84e+18 2.95e+18 2.25e+18   2.17e+18 3.80e+18   1.84e+18 5.98e+18  
4.8939e+00 2.66e+18 2.84e+18 2.26e+18 2.25e+18   2.17e+18 3.80e+18   1.84e+18 5.98e+18  
6.2102e+00 2.66e+18 2.84e+18 2.26e+18 2.25e+18   2.17e+18 3.80e+18   1.84e+18 5.98e+18  
7.8805e+00 2.66e+18 2.84e+18 2.26e+18 2.25e+18   2.17e+18 3.80e+18   1.84e+18 5.98e+18  
1.0000e+01 2.66e+18 2.84e+18 2.26e+18 2.25e+18   2.17e+18 3.80e+18   1.84e+18 5.98e+18  
