# x= #alpha_{int} [deg] ,  y= J(#alpha_{int}) [GeV^{2} cm^{-5}]
#     x       y_pdf_median  y_pdf_mean  y_mostlikely  y_chi2_best    CL_lo_PDF   CL_up_PDF
#                                                                 |          68.0% CL         |          95.0% CL          
1.0000e-02 2.75e+16 6.42e+15 2.88e+16 3.50e+14   1.92e+14 8.87e+16   1.17e+14 5.58e+17  
1.2690e-02 3.92e+16 9.84e+15 4.11e+16 5.63e+14   3.41e+14 1.24e+17   1.86e+14 7.49e+17  
1.6103e-02 5.55e+16 1.50e+16 5.80e+16 9.04e+14   5.31e+14 1.91e+17   2.94e+14 9.95e+17  
2.0434e-02 8.70e+16 2.27e+16 1.02e+17 1.44e+15   8.22e+14 2.61e+17   5.15e+14 1.31e+18  
2.5929e-02 1.22e+17 3.42e+16 1.26e+17 2.32e+15   1.28e+15 3.53e+17   8.14e+14 1.70e+18  
3.2903e-02 1.79e+17 5.11e+16 1.85e+17 3.69e+15   2.24e+15 5.11e+17   1.28e+15 2.16e+18  
4.1753e-02 2.47e+17 7.60e+16 2.53e+17 5.87e+15   3.46e+15 6.81e+17   2.01e+15 2.77e+18  
5.2983e-02 3.37e+17 1.13e+17 4.70e+17 9.38e+15   5.39e+15 1.00e+18   3.53e+15 3.51e+18  
6.7234e-02 4.63e+17 1.61e+17 6.36e+17 1.45e+16   8.80e+15 1.31e+18   5.31e+15 3.96e+18  
8.5317e-02 6.93e+17 2.37e+17 7.08e+17 2.32e+16   1.36e+16 1.73e+18   8.35e+15 5.03e+18  
1.0826e-01 9.12e+17 3.41e+17 9.31e+17 3.60e+16   2.25e+16 2.21e+18   1.41e+16 6.25e+18  
1.3738e-01 1.19e+18 4.87e+17 1.22e+18 5.61e+16   3.43e+16 3.05e+18   2.17e+16 7.58e+18  
1.7433e-01 1.60e+18 6.91e+17 1.63e+18 8.60e+16   5.48e+16 3.96e+18   3.54e+16 1.01e+19  
2.2122e-01 2.17e+18 9.75e+17 2.21e+18 1.33e+17   8.94e+16 5.20e+18   5.44e+16 1.29e+19  
2.8072e-01 2.75e+18 1.34e+18 2.79e+18 2.01e+17   1.42e+17 6.75e+18   8.82e+16 1.51e+19  
3.5622e-01 2.28e+18 1.43e+18 3.55e+18 3.01e+17   1.53e+17 7.51e+18   5.01e+16 1.79e+19  
4.5204e-01 3.20e+18 1.96e+18 4.42e+18 4.42e+17   2.44e+17 9.69e+18   7.32e+16 2.32e+19  
5.7362e-01 4.16e+18 2.60e+18 5.62e+18 6.40e+17   3.55e+17 1.17e+19   1.01e+17 2.73e+19  
7.2790e-01 5.98e+18 3.32e+18 6.52e+18 9.04e+17   5.63e+17 1.38e+19   1.18e+17 3.06e+19  
9.2367e-01 7.70e+18 4.15e+18 7.85e+18 1.24e+18   7.83e+17 1.69e+19   1.17e+17 3.37e+19  
1.1721e+00 8.86e+18 5.02e+18 8.84e+18 1.63e+18   1.15e+18 1.94e+19   1.16e+17 3.65e+19  
1.4874e+00 1.01e+19 5.88e+18 9.96e+18 2.04e+18   1.42e+18 2.18e+19   1.16e+17 3.85e+19  
1.8874e+00 1.18e+19 6.47e+18 2.26e+19 2.18e+18   1.39e+18 2.35e+19   1.16e+17 4.21e+19  
2.3950e+00 1.26e+19 6.95e+18 1.24e+19 2.18e+18   1.41e+18 2.70e+19   1.17e+17 4.38e+19  
3.0392e+00 1.29e+19 7.22e+18 1.26e+19 2.18e+18   1.43e+18 2.81e+19   1.17e+17 4.70e+19  
3.8566e+00 1.30e+19 7.28e+18 1.27e+19 2.18e+18   1.44e+18 2.84e+19   1.17e+17 4.75e+19  
4.8939e+00 1.30e+19 7.27e+18 1.27e+19 2.18e+18   1.44e+18 2.84e+19   1.17e+17 4.75e+19  
6.2102e+00 1.30e+19 7.27e+18 1.27e+19 2.18e+18   1.44e+18 2.84e+19   1.17e+17 4.75e+19  
7.8805e+00 1.30e+19 7.27e+18 1.27e+19 2.18e+18   1.44e+18 2.84e+19   1.17e+17 4.75e+19  
1.0000e+01 1.30e+19 7.27e+18 1.27e+19 2.18e+18   1.44e+18 2.84e+19   1.17e+17 4.75e+19  
