# x= #alpha_{int} [deg] ,  y= J(#alpha_{int}) [GeV^{2} cm^{-5}]
#     x       y_pdf_median  y_pdf_mean  y_mostlikely  y_chi2_best    CL_lo_PDF   CL_up_PDF
#                                                                 |          68.0% CL         |          95.0% CL          
1.0000e-02 9.06e+16 7.78e+16 6.37e+16 8.81e+16   3.25e+16 1.71e+17   1.44e+16 3.10e+17  
1.2690e-02 1.41e+17 1.23e+17 1.04e+17 1.42e+17   5.30e+16 2.55e+17   2.28e+16 4.54e+17  
1.6103e-02 2.13e+17 1.93e+17 2.66e+17 2.28e+17   8.31e+16 3.94e+17   3.65e+16 6.64e+17  
2.0434e-02 3.20e+17 3.01e+17 2.66e+17 3.67e+17   1.34e+17 5.90e+17   5.93e+16 1.01e+18  
2.5929e-02 4.96e+17 4.69e+17 6.76e+17 5.91e+17   2.13e+17 8.80e+17   9.34e+16 1.63e+18  
3.2903e-02 7.32e+17 7.26e+17 6.96e+17 9.49e+17   3.26e+17 1.42e+18   1.48e+17 2.56e+18  
4.1753e-02 1.17e+18 1.12e+18 1.10e+18 1.53e+18   5.04e+17 2.26e+18   2.35e+17 4.06e+18  
5.2983e-02 1.79e+18 1.70e+18 1.77e+18 2.45e+18   7.75e+17 3.56e+18   3.67e+17 6.52e+18  
6.7234e-02 2.84e+18 2.54e+18 2.86e+18 3.88e+18   1.18e+18 5.71e+18   5.39e+17 1.04e+19  
8.5317e-02 4.28e+18 3.82e+18 4.64e+18 6.21e+18   1.61e+18 9.19e+18   7.96e+17 1.72e+19  
1.0826e-01 6.13e+18 5.63e+18 7.20e+18 9.87e+18   1.91e+18 1.42e+19   1.16e+18 2.71e+19  
1.3738e-01 8.66e+18 8.19e+18 1.17e+19 1.56e+19   2.50e+18 2.13e+19   1.74e+18 4.24e+19  
1.7433e-01 1.24e+19 1.18e+19 1.86e+19 2.47e+19   3.43e+18 3.15e+19   2.07e+18 6.82e+19  
2.2122e-01 1.71e+19 1.66e+19 2.92e+19 3.85e+19   4.52e+18 4.90e+19   2.41e+18 1.07e+20  
2.8072e-01 2.21e+19 2.30e+19 4.67e+19 5.98e+19   5.77e+18 7.62e+19   3.28e+18 1.76e+20  
3.5622e-01 2.80e+19 3.11e+19 7.05e+19 9.14e+19   6.62e+18 1.16e+20   3.75e+18 2.71e+20  
4.5204e-01 3.47e+19 4.12e+19 1.09e+20 1.38e+20   7.31e+18 1.89e+20   3.89e+18 4.32e+20  
5.7362e-01 4.10e+19 5.33e+19 1.69e+20 2.04e+20   8.14e+18 2.88e+20   3.79e+18 6.63e+20  
7.2790e-01 4.95e+19 6.73e+19 2.48e+20 2.95e+20   8.95e+18 4.43e+20   3.87e+18 1.02e+21  
9.2367e-01 5.76e+19 8.34e+19 3.74e+20 4.16e+20   9.44e+18 6.45e+20   3.81e+18 1.58e+21  
1.1721e+00 6.37e+19 1.01e+20 4.89e+20 5.69e+20   1.07e+19 9.59e+20   3.96e+18 2.30e+21  
1.4874e+00 7.17e+19 1.19e+20 6.94e+20 7.52e+20   1.07e+19 1.43e+21   4.05e+18 3.29e+21  
1.8874e+00 8.04e+19 1.38e+20 2.96e+21 9.49e+20   1.07e+19 2.07e+21   3.84e+18 4.57e+21  
2.3950e+00 8.71e+19 1.57e+20 3.99e+21 1.16e+21   1.05e+19 2.73e+21   3.86e+18 6.34e+21  
3.0392e+00 8.96e+19 1.74e+20 5.27e+21 1.36e+21   1.09e+19 3.96e+21   3.83e+18 7.65e+21  
3.8566e+00 8.75e+19 1.90e+20 1.45e+21 1.51e+21   1.09e+19 5.15e+21   4.11e+18 9.07e+21  
4.8939e+00 9.42e+19 2.03e+20 1.54e+21 1.63e+21   1.08e+19 5.75e+21   3.97e+18 1.04e+22  
6.2102e+00 9.40e+19 2.13e+20 8.77e+21 1.70e+21   1.05e+19 7.23e+21   4.09e+18 1.16e+22  
7.8805e+00 9.11e+19 2.21e+20 1.49e+21 1.73e+21   1.08e+19 8.73e+21   3.80e+18 1.24e+22  
1.0000e+01 8.67e+19 2.26e+20 1.49e+21 1.75e+21   1.13e+19 8.96e+21   3.92e+18 1.28e+22  
