# x= #alpha_{int} [deg] ,  y= J(#alpha_{int}) [GeV^{2} cm^{-5}]
#     x       y_pdf_median  y_pdf_mean  y_mostlikely  y_chi2_best    CL_lo_PDF   CL_up_PDF
#                                                                 |          68.0% CL         |          95.0% CL          
1.0000e-02 2.43e+17 2.50e+17 2.43e+17 4.53e+17   8.98e+16 6.92e+17   5.77e+16 2.71e+18  
1.2690e-02 3.64e+17 3.65e+17 3.57e+17 5.99e+17   1.25e+17 1.10e+18   8.58e+16 4.31e+18  
1.6103e-02 5.52e+17 5.25e+17 5.58e+17 7.62e+17   1.82e+17 1.65e+18   1.23e+17 6.89e+18  
2.0434e-02 8.12e+17 7.46e+17 8.29e+17 9.33e+17   2.48e+17 2.42e+18   1.65e+17 1.10e+19  
2.5929e-02 1.19e+18 1.04e+18 1.28e+18 1.10e+18   3.50e+17 3.69e+18   2.01e+17 1.76e+19  
3.2903e-02 1.50e+18 1.43e+18 1.84e+18 1.24e+18   4.01e+17 5.33e+18   2.41e+17 2.88e+19  
4.1753e-02 2.03e+18 1.93e+18 2.64e+18 1.35e+18   4.84e+17 8.29e+18   2.81e+17 4.55e+19  
5.2983e-02 2.66e+18 2.55e+18 3.73e+18 1.42e+18   5.79e+17 1.22e+19   3.23e+17 7.68e+19  
6.7234e-02 3.35e+18 3.30e+18 1.79e+18 1.46e+18   6.30e+17 1.81e+19   3.59e+17 1.21e+20  
8.5317e-02 3.87e+18 4.21e+18 8.12e+18 1.48e+18   6.88e+17 2.83e+19   3.65e+17 1.88e+20  
1.0826e-01 4.28e+18 5.26e+18 1.04e+19 1.48e+18   6.71e+17 4.53e+19   3.80e+17 3.19e+20  
1.3738e-01 5.34e+18 6.46e+18 1.45e+19 1.49e+18   6.91e+17 6.86e+19   3.75e+17 4.99e+20  
1.7433e-01 6.22e+18 7.83e+18 3.04e+18 1.49e+18   6.81e+17 1.10e+20   3.79e+17 7.74e+20  
2.2122e-01 6.86e+18 9.33e+18 2.61e+19 1.49e+18   7.46e+17 1.39e+20   3.83e+17 1.21e+21  
2.8072e-01 7.54e+18 1.10e+19 3.51e+19 1.49e+18   7.52e+17 1.85e+20   3.90e+17 2.12e+21  
3.5622e-01 7.91e+18 1.27e+19 4.47e+19 1.49e+18   7.78e+17 2.65e+20   3.98e+17 3.28e+21  
4.5204e-01 8.39e+18 1.45e+19 6.05e+19 1.49e+18   8.05e+17 3.68e+20   3.79e+17 5.06e+21  
5.7362e-01 8.39e+18 1.63e+19 7.21e+19 1.49e+18   7.81e+17 4.84e+20   3.88e+17 7.70e+21  
7.2790e-01 8.79e+18 1.81e+19 8.45e+19 1.49e+18   8.06e+17 7.15e+20   3.78e+17 1.32e+22  
9.2367e-01 9.42e+18 1.99e+19 2.62e+18 1.49e+18   8.23e+17 8.62e+20   3.81e+17 1.96e+22  
1.1721e+00 9.99e+18 2.15e+19 1.26e+20 1.49e+18   8.34e+17 1.02e+21   3.85e+17 2.83e+22  
1.4874e+00 9.50e+18 1.99e+19 1.46e+20 1.49e+18   8.27e+17 6.46e+20   3.76e+17 1.39e+22  
1.8874e+00 1.01e+19 2.09e+19 1.65e+20 1.49e+18   8.47e+17 7.29e+20   3.74e+17 1.72e+22  
2.3950e+00 1.06e+19 2.17e+19 1.84e+20 1.49e+18   8.50e+17 7.22e+20   3.76e+17 2.06e+22  
3.0392e+00 1.07e+19 2.24e+19 1.86e+20 1.49e+18   8.51e+17 7.31e+20   3.76e+17 2.40e+22  
3.8566e+00 1.09e+19 2.29e+19 1.96e+20 1.49e+18   8.60e+17 7.81e+20   3.78e+17 2.67e+22  
4.8939e+00 1.21e+19 2.33e+19 2.16e+20 1.49e+18   8.53e+17 8.51e+20   3.77e+17 3.23e+22  
6.2102e+00 1.10e+19 2.35e+19 2.31e+20 1.49e+18   8.64e+17 8.30e+20   3.78e+17 3.15e+22  
7.8805e+00 1.24e+19 2.37e+19 2.24e+20 1.49e+18   8.59e+17 8.02e+20   3.78e+17 3.04e+22  
1.0000e+01 1.10e+19 2.38e+19 2.29e+20 1.49e+18   8.63e+17 8.22e+20   3.78e+17 3.15e+22  
