# x= #alpha_{int} [deg] ,  y= J(#alpha_{int}) [GeV^{2} cm^{-5}]
#     x       y_pdf_median  y_pdf_mean  y_mostlikely  y_chi2_best    CL_lo_PDF   CL_up_PDF
#                                                                 |          68.0% CL         |          95.0% CL          
1.0000e-02 2.97e+16 3.71e+16 1.98e+16 3.13e+16   1.64e+16 9.22e+16   7.58e+15 3.96e+17  
1.2690e-02 4.71e+16 5.78e+16 4.03e+16 4.79e+16   2.55e+16 1.42e+17   1.21e+16 6.06e+17  
1.6103e-02 7.56e+16 8.96e+16 6.51e+16 7.26e+16   3.98e+16 2.27e+17   1.95e+16 8.64e+17  
2.0434e-02 1.15e+17 1.38e+17 1.03e+17 1.09e+17   6.25e+16 3.44e+17   3.08e+16 1.05e+18  
2.5929e-02 1.79e+17 2.11e+17 1.66e+17 1.61e+17   9.48e+16 5.06e+17   4.86e+16 1.48e+18  
3.2903e-02 2.80e+17 3.20e+17 2.59e+17 2.35e+17   1.43e+17 7.34e+17   7.70e+16 2.21e+18  
4.1753e-02 4.29e+17 4.80e+17 4.11e+17 3.39e+17   2.08e+17 1.07e+18   1.20e+17 3.49e+18  
5.2983e-02 6.65e+17 7.12e+17 6.60e+17 4.80e+17   3.10e+17 1.48e+18   1.79e+17 5.41e+18  
6.7234e-02 9.85e+17 1.03e+18 9.94e+17 6.65e+17   4.58e+17 1.91e+18   2.55e+17 8.61e+18  
8.5317e-02 1.43e+18 1.49e+18 1.55e+18 9.04e+17   6.90e+17 2.92e+18   3.62e+17 1.36e+19  
1.0826e-01 1.98e+18 2.11e+18 2.32e+18 1.20e+18   9.80e+17 3.82e+18   5.13e+17 2.16e+19  
1.3738e-01 2.59e+18 2.91e+18 3.52e+18 1.55e+18   1.39e+18 5.97e+18   7.89e+17 3.44e+19  
1.7433e-01 3.43e+18 3.93e+18 2.19e+18 1.99e+18   1.69e+18 9.45e+18   1.08e+18 3.68e+19  
2.2122e-01 4.26e+18 5.20e+18 7.18e+18 2.43e+18   2.09e+18 1.44e+19   1.25e+18 5.82e+19  
2.8072e-01 5.66e+18 6.71e+18 1.01e+19 2.94e+18   2.47e+18 2.22e+19   1.33e+18 9.49e+19  
3.5622e-01 7.88e+18 8.41e+18 1.22e+19 3.43e+18   2.71e+18 3.49e+19   1.42e+18 1.48e+20  
4.5204e-01 8.59e+18 1.04e+19 1.55e+19 3.94e+18   2.76e+18 5.17e+19   1.45e+18 2.46e+20  
5.7362e-01 9.76e+18 1.25e+19 1.89e+19 4.36e+18   2.92e+18 7.81e+19   1.52e+18 3.68e+20  
7.2790e-01 1.26e+19 1.47e+19 2.01e+19 4.70e+18   3.23e+18 1.09e+20   1.49e+18 4.77e+20  
9.2367e-01 1.57e+19 1.71e+19 2.31e+19 5.00e+18   3.09e+18 1.60e+20   1.44e+18 5.89e+20  
1.1721e+00 1.74e+19 1.93e+19 2.41e+19 5.18e+18   3.03e+18 2.07e+20   1.46e+18 7.21e+20  
1.4874e+00 1.89e+19 2.15e+19 2.46e+19 5.36e+18   3.25e+18 2.71e+20   1.48e+18 1.08e+21  
1.8874e+00 1.98e+19 2.37e+19 2.37e+19 5.40e+18   3.12e+18 3.54e+20   1.50e+18 1.79e+21  
2.3950e+00 2.02e+19 2.57e+19 2.37e+19 5.41e+18   3.23e+18 3.89e+20   1.52e+18 2.16e+21  
3.0392e+00 2.07e+19 2.73e+19 2.32e+19 5.41e+18   3.03e+18 4.49e+20   1.53e+18 2.60e+21  
3.8566e+00 2.23e+19 2.88e+19 2.38e+19 5.41e+18   3.06e+18 4.83e+20   1.54e+18 2.91e+21  
4.8939e+00 2.25e+19 2.99e+19 2.41e+19 5.41e+18   3.04e+18 4.93e+20   1.54e+18 4.01e+21  
6.2102e+00 2.24e+19 3.08e+19 2.39e+19 5.41e+18   3.04e+18 4.88e+20   1.54e+18 4.83e+21  
7.8805e+00 2.26e+19 3.14e+19 2.42e+19 5.41e+18   3.05e+18 4.97e+20   1.54e+18 5.48e+21  
1.0000e+01 2.26e+19 3.19e+19 2.42e+19 5.41e+18   3.05e+18 4.97e+20   1.54e+18 6.70e+21  
