# x= #alpha_{int} [deg] ,  y= D(#alpha_{int}) [GeV cm^{-2}]
#     x       y_pdf_median  y_pdf_mean  y_mostlikely  y_chi2_best    CL_lo_PDF   CL_up_PDF
#                                                                 |          68.0% CL         |          95.0% CL          
1.0000e-02 4.37e+15 4.68e+15 2.17e+15 3.27e+15   1.83e+15 1.47e+16   9.83e+14 2.56e+16  
1.2690e-02 7.05e+15 7.54e+15 3.50e+15 5.27e+15   2.96e+15 2.38e+16   1.59e+15 4.13e+16  
1.6103e-02 1.14e+16 1.21e+16 5.64e+15 8.50e+15   4.76e+15 3.83e+16   2.56e+15 6.64e+16  
2.0434e-02 1.83e+16 1.95e+16 9.08e+15 1.37e+16   7.67e+15 6.21e+16   4.12e+15 1.07e+17  
2.5929e-02 2.95e+16 3.15e+16 1.46e+16 2.21e+16   1.23e+16 9.97e+16   6.63e+15 1.72e+17  
3.2903e-02 4.74e+16 5.07e+16 2.35e+16 3.55e+16   1.98e+16 1.61e+17   1.07e+16 2.77e+17  
4.1753e-02 7.63e+16 8.16e+16 5.96e+16 5.72e+16   3.18e+16 2.58e+17   1.72e+16 4.46e+17  
5.2983e-02 1.23e+17 1.31e+17 9.78e+16 9.24e+16   5.15e+16 4.17e+17   2.77e+16 7.15e+17  
6.7234e-02 1.98e+17 2.10e+17 1.17e+17 1.49e+17   8.21e+16 6.70e+17   4.41e+16 1.15e+18  
8.5317e-02 3.10e+17 3.33e+17 1.35e+17 2.39e+17   1.31e+17 1.06e+18   7.12e+16 1.77e+18  
1.0826e-01 4.98e+17 5.33e+17 2.16e+17 3.83e+17   2.10e+17 1.70e+18   1.12e+17 2.85e+18  
1.3738e-01 7.92e+17 8.49e+17 6.47e+17 6.17e+17   3.30e+17 2.72e+18   1.80e+17 4.41e+18  
1.7433e-01 1.26e+18 1.36e+18 5.52e+17 9.92e+17   5.34e+17 4.37e+18   2.84e+17 7.09e+18  
2.2122e-01 2.03e+18 2.17e+18 1.68e+18 1.59e+18   8.35e+17 7.08e+18   4.44e+17 1.18e+19  
2.8072e-01 3.21e+18 3.42e+18 2.76e+18 2.56e+18   1.29e+18 1.13e+19   6.70e+17 1.88e+19  
3.5622e-01 5.07e+18 5.38e+18 2.04e+18 4.11e+18   1.96e+18 1.83e+19   1.01e+18 2.95e+19  
4.5204e-01 7.94e+18 8.41e+18 2.85e+18 6.58e+18   2.88e+18 2.89e+19   1.48e+18 4.85e+19  
5.7362e-01 1.23e+19 1.30e+19 4.30e+18 1.05e+19   4.21e+18 4.69e+19   2.06e+18 7.57e+19  
7.2790e-01 1.93e+19 1.97e+19 1.78e+19 1.67e+19   5.76e+18 7.53e+19   2.71e+18 1.22e+20  
9.2367e-01 2.90e+19 2.95e+19 2.80e+19 2.64e+19   7.93e+18 1.20e+20   3.55e+18 1.97e+20  
1.1721e+00 4.43e+19 4.32e+19 4.39e+19 4.12e+19   1.02e+19 1.91e+20   4.73e+18 3.23e+20  
1.4874e+00 6.78e+19 6.21e+19 6.89e+19 6.38e+19   1.29e+19 3.07e+20   5.89e+18 5.35e+20  
1.8874e+00 9.67e+19 8.74e+19 1.01e+20 9.70e+19   1.60e+19 4.79e+20   6.83e+18 8.57e+20  
2.3950e+00 1.36e+20 1.20e+20 1.13e+21 1.46e+20   1.89e+19 7.39e+20   7.98e+18 1.37e+21  
3.0392e+00 1.85e+20 1.59e+20 2.27e+20 2.10e+20   2.16e+19 1.09e+21   8.63e+18 2.16e+21  
3.8566e+00 2.45e+20 2.06e+20 2.95e+20 2.96e+20   2.43e+19 1.65e+21   8.98e+18 3.25e+21  
4.8939e+00 2.96e+20 2.57e+20 4.00e+21 3.98e+20   2.58e+19 2.32e+21   8.78e+18 5.09e+21  
6.2102e+00 3.58e+20 3.10e+20 4.26e+20 5.22e+20   2.62e+19 3.20e+21   9.26e+18 7.40e+21  
7.8805e+00 4.19e+20 3.67e+20 5.00e+20 6.57e+20   2.63e+19 4.34e+21   8.78e+18 1.03e+22  
1.0000e+01 4.60e+20 4.16e+20 5.79e+20 8.02e+20   2.62e+19 5.47e+21   9.17e+18 1.38e+22  
