# x= #alpha_{int} [deg] ,  y= D(#alpha_{int}) [GeV cm^{-2}]
#     x       y_pdf_median  y_pdf_mean  y_mostlikely  y_chi2_best    CL_lo_PDF   CL_up_PDF
#                                                                 |          68.0% CL         |          95.0% CL          
1.0000e-02 2.97e+10 6.65e-04 3.29e+13 5.35e-06   4.38e-32 1.77e+14   3.93e-48 1.50e+15  
1.2690e-02 4.08e+10 8.38e-04 5.20e+13 5.35e-06   4.91e-32 2.85e+14   2.54e-48 2.40e+15  
1.6103e-02 5.77e+10 1.05e-03 8.22e+13 5.35e-06   5.64e-32 4.55e+14   2.60e-48 3.85e+15  
2.0434e-02 7.40e+10 1.31e-03 1.30e+14 5.35e-06   5.54e-32 7.23e+14   2.66e-48 6.14e+15  
2.5929e-02 7.06e+10 1.63e-03 2.05e+14 5.35e-06   6.31e-32 1.18e+15   2.38e-48 9.89e+15  
3.2903e-02 3.06e+10 2.03e-03 3.24e+14 5.35e-06   6.07e-32 1.88e+15   2.44e-48 1.58e+16  
4.1753e-02 4.18e+10 2.51e-03 5.12e+14 5.35e-06   6.68e-32 2.99e+15   1.45e-48 2.53e+16  
5.2983e-02 4.96e+10 3.12e-03 7.45e+14 5.35e-06   2.92e-32 4.93e+15   1.56e-48 4.11e+16  
6.7234e-02 7.24e+10 3.81e-03 1.18e+15 5.35e-06   3.34e-32 7.76e+15   1.59e-48 6.56e+16  
8.5317e-02 6.95e+10 4.67e-03 1.86e+15 5.35e-06   3.82e-32 1.24e+16   1.62e-48 1.05e+17  
1.0826e-01 2.62e+10 5.68e-03 2.93e+15 5.35e-06   3.63e-32 1.97e+16   1.65e-48 1.68e+17  
1.3738e-01 3.54e+10 6.88e-03 4.63e+15 5.35e-06   4.15e-32 3.15e+16   1.69e-48 2.69e+17  
1.7433e-01 4.76e+10 8.23e-03 7.30e+15 5.35e-06   4.63e-32 4.91e+16   1.72e-48 4.28e+17  
2.2122e-01 6.61e+10 9.82e-03 1.15e+16 5.35e-06   5.28e-32 7.88e+16   1.76e-48 6.85e+17  
2.8072e-01 7.61e+10 1.16e-02 1.82e+16 5.35e-06   5.13e-32 1.20e+17   1.80e-48 1.09e+18  
3.5622e-01 6.40e+10 1.35e-02 2.87e+16 5.35e-06   5.80e-32 1.90e+17   1.83e-48 1.74e+18  
4.5204e-01 3.06e+10 1.55e-02 4.52e+16 5.35e-06   5.57e-32 2.83e+17   1.87e-48 2.75e+18  
5.7362e-01 4.24e+10 1.76e-02 7.11e+16 5.35e-06   6.32e-32 4.21e+17   1.91e-48 4.35e+18  
7.2790e-01 5.59e+10 1.96e-02 1.12e+17 5.35e-06   6.96e-32 6.17e+17   1.95e-48 6.88e+18  
9.2367e-01 6.22e+10 2.17e-02 1.59e+17 5.35e-06   2.76e-32 8.12e+17   2.20e-48 1.05e+19  
1.1721e+00 8.06e+10 2.36e-02 2.49e+17 5.35e-06   3.13e-32 1.09e+18   2.24e-48 1.60e+19  
1.4874e+00 6.46e+10 2.54e-02 3.87e+17 5.35e-06   3.55e-32 1.44e+18   2.29e-48 2.46e+19  
1.8874e+00 3.52e+10 2.71e-02 6.54e+17 5.35e-06   2.48e-32 1.81e+18   2.11e-48 3.83e+19  
2.3950e+00 4.71e+10 2.84e-02 9.98e+17 5.35e-06   2.79e-32 2.33e+18   2.15e-48 5.87e+19  
3.0392e+00 5.92e+10 2.95e-02 1.50e+18 5.35e-06   2.72e-32 2.77e+18   2.19e-48 8.68e+19  
3.8566e+00 7.91e+10 3.04e-02 2.22e+18 5.35e-06   3.03e-32 3.22e+18   2.23e-48 1.24e+20  
4.8939e+00 7.05e+10 3.12e-02 3.25e+17 5.35e-06   3.35e-32 1.80e+18   2.26e-48 1.70e+20  
6.2102e+00 6.98e+10 3.18e-02 4.53e+17 5.35e-06   3.54e-32 1.91e+18   2.30e-48 2.31e+20  
7.8805e+00 3.61e+10 3.22e-02 6.92e+17 5.35e-06   2.50e-32 2.17e+18   2.11e-48 2.84e+20  
1.0000e+01 4.23e+10 3.25e-02 9.12e+17 5.35e-06   2.70e-32 2.31e+18   2.14e-48 3.53e+20  
