# x= #alpha_{int} [deg] ,  y= D(#alpha_{int}) [GeV cm^{-2}]
#     x       y_pdf_median  y_pdf_mean  y_mostlikely  y_chi2_best    CL_lo_PDF   CL_up_PDF
#                                                                 |          68.0% CL         |          95.0% CL          
1.0000e-02 8.07e+15 1.21e+16 4.41e+15 3.41e+15   4.00e+15 4.24e+16   2.14e+15 2.49e+17  
1.2690e-02 1.27e+16 1.93e+16 6.97e+15 5.31e+15   6.53e+15 6.60e+16   3.35e+15 4.03e+17  
1.6103e-02 2.07e+16 3.07e+16 9.10e+16 8.14e+15   1.01e+16 1.09e+17   5.37e+15 6.46e+17  
2.0434e-02 3.23e+16 4.86e+16 1.46e+17 1.23e+16   1.55e+16 1.76e+17   8.13e+15 1.03e+18  
2.5929e-02 5.31e+16 7.64e+16 2.46e+16 1.80e+16   2.37e+16 2.79e+17   1.21e+16 1.65e+18  
3.2903e-02 8.54e+16 1.19e+17 3.74e+17 2.58e+16   3.52e+16 4.55e+17   1.74e+16 2.70e+18  
4.1753e-02 1.31e+17 1.83e+17 6.18e+17 3.57e+16   4.87e+16 7.20e+17   2.57e+16 4.28e+18  
5.2983e-02 2.08e+17 2.79e+17 9.63e+17 4.79e+16   6.91e+16 1.20e+18   3.54e+16 6.94e+18  
6.7234e-02 3.07e+17 4.17e+17 1.57e+18 6.14e+16   8.94e+16 1.87e+18   4.64e+16 1.14e+19  
8.5317e-02 4.74e+17 6.18e+17 2.58e+18 7.74e+16   1.21e+17 3.01e+18   5.99e+16 1.78e+19  
1.0826e-01 6.95e+17 8.99e+17 3.98e+18 9.41e+16   1.50e+17 4.87e+18   7.55e+16 2.94e+19  
1.3738e-01 9.65e+17 1.29e+18 6.43e+18 1.13e+17   1.82e+17 7.71e+18   9.29e+16 4.61e+19  
1.7433e-01 1.36e+18 1.82e+18 2.27e+17 1.32e+17   2.15e+17 1.27e+19   1.05e+17 7.53e+19  
2.2122e-01 1.96e+18 2.53e+18 1.70e+19 1.53e+17   2.46e+17 2.02e+19   1.23e+17 1.19e+20  
2.8072e-01 2.55e+18 3.47e+18 2.70e+19 1.71e+17   2.80e+17 3.25e+19   1.44e+17 1.95e+20  
3.5622e-01 3.34e+18 4.66e+18 4.14e+19 1.94e+17   3.31e+17 5.04e+19   1.64e+17 3.04e+20  
4.5204e-01 4.20e+18 6.19e+18 6.89e+19 2.15e+17   3.54e+17 7.65e+19   1.86e+17 4.85e+20  
5.7362e-01 4.98e+18 8.09e+18 1.07e+20 2.32e+17   4.09e+17 1.20e+20   1.87e+17 8.16e+20  
7.2790e-01 6.19e+18 1.04e+19 4.44e+17 2.53e+17   4.13e+17 1.93e+20   2.01e+17 1.26e+21  
9.2367e-01 6.98e+18 1.31e+19 2.51e+20 2.66e+17   4.51e+17 2.73e+20   2.11e+17 1.95e+21  
1.1721e+00 8.52e+18 1.62e+19 3.92e+20 2.67e+17   4.84e+17 4.29e+20   2.16e+17 3.03e+21  
1.4874e+00 9.69e+18 1.95e+19 5.68e+17 2.67e+17   5.19e+17 6.53e+20   2.19e+17 5.32e+21  
1.8874e+00 1.05e+19 2.31e+19 5.28e+17 2.67e+17   4.81e+17 1.02e+21   2.25e+17 8.18e+21  
2.3950e+00 1.06e+19 2.68e+19 5.57e+17 2.67e+17   5.04e+17 1.40e+21   2.30e+17 1.26e+22  
3.0392e+00 1.12e+19 3.05e+19 5.08e+17 2.67e+17   4.57e+17 1.90e+21   2.04e+17 1.63e+22  
3.8566e+00 1.31e+19 3.42e+19 5.31e+17 2.67e+17   4.77e+17 2.55e+21   2.05e+17 2.44e+22  
4.8939e+00 1.27e+19 3.78e+19 5.55e+17 2.67e+17   4.94e+17 3.49e+21   2.08e+17 3.58e+22  
6.2102e+00 1.20e+19 4.12e+19 5.78e+17 2.67e+17   5.13e+17 3.90e+21   2.08e+17 5.15e+22  
7.8805e+00 1.29e+19 4.44e+19 6.00e+17 2.67e+17   5.32e+17 5.11e+21   2.09e+17 5.98e+22  
1.0000e+01 1.17e+19 4.74e+19 5.05e+17 2.67e+17   4.47e+17 5.67e+21   2.10e+17 8.23e+22  
