# x= #alpha_{int} [deg] ,  y= D(#alpha_{int}) [GeV cm^{-2}]
#     x       y_pdf_median  y_pdf_mean  y_mostlikely  y_chi2_best    CL_lo_PDF   CL_up_PDF
#                                                                 |          68.0% CL         |          95.0% CL          
1.0000e-02 1.77e+15 1.75e+15 1.76e+15 1.69e+15   1.59e+15 1.92e+15   1.40e+15 2.07e+15  
1.2690e-02 2.84e+15 2.81e+15 3.02e+15 2.72e+15   2.56e+15 3.08e+15   2.25e+15 3.33e+15  
1.6103e-02 4.55e+15 4.51e+15 4.79e+15 4.34e+15   4.10e+15 4.95e+15   3.61e+15 5.35e+15  
2.0434e-02 7.31e+15 7.23e+15 7.30e+15 7.01e+15   6.61e+15 7.94e+15   5.81e+15 8.55e+15  
2.5929e-02 1.16e+16 1.15e+16 1.16e+16 1.12e+16   1.05e+16 1.26e+16   9.31e+15 1.36e+16  
3.2903e-02 1.85e+16 1.83e+16 1.93e+16 1.78e+16   1.68e+16 2.00e+16   1.48e+16 2.16e+16  
4.1753e-02 2.93e+16 2.91e+16 3.11e+16 2.82e+16   2.67e+16 3.16e+16   2.37e+16 3.41e+16  
5.2983e-02 4.61e+16 4.57e+16 4.59e+16 4.44e+16   4.20e+16 4.97e+16   3.76e+16 5.33e+16  
6.7234e-02 7.02e+16 6.99e+16 7.01e+16 6.78e+16   6.46e+16 7.55e+16   5.86e+16 8.08e+16  
8.5317e-02 1.09e+17 1.09e+17 1.14e+17 1.06e+17   1.02e+17 1.17e+17   9.26e+16 1.25e+17  
1.0826e-01 1.63e+17 1.63e+17 1.70e+17 1.58e+17   1.53e+17 1.74e+17   1.41e+17 1.85e+17  
1.3738e-01 2.39e+17 2.39e+17 2.39e+17 2.33e+17   2.25e+17 2.55e+17   2.12e+17 2.69e+17  
1.7433e-01 3.41e+17 3.41e+17 3.49e+17 3.30e+17   3.20e+17 3.64e+17   3.02e+17 3.82e+17  
2.2122e-01 4.74e+17 4.73e+17 4.60e+17 4.57e+17   4.42e+17 5.08e+17   4.22e+17 5.33e+17  
2.8072e-01 6.43e+17 6.46e+17 6.22e+17 6.29e+17   5.97e+17 6.95e+17   5.62e+17 7.55e+17  
3.5622e-01 8.15e+17 8.25e+17 8.14e+17 7.97e+17   7.54e+17 9.01e+17   7.08e+17 1.01e+18  
4.5204e-01 1.02e+18 1.04e+18 1.01e+18 1.00e+18   9.37e+17 1.15e+18   8.83e+17 1.34e+18  
5.7362e-01 1.25e+18 1.28e+18 1.24e+18 1.23e+18   1.14e+18 1.43e+18   1.07e+18 1.72e+18  
7.2790e-01 1.48e+18 1.51e+18 1.44e+18 1.46e+18   1.33e+18 1.73e+18   1.24e+18 2.18e+18  
9.2367e-01 1.73e+18 1.77e+18 1.73e+18 1.70e+18   1.55e+18 2.04e+18   1.45e+18 2.61e+18  
1.1721e+00 1.97e+18 2.03e+18 1.95e+18 1.94e+18   1.76e+18 2.36e+18   1.64e+18 3.06e+18  
1.4874e+00 2.20e+18 2.26e+18 1.99e+18 2.17e+18   1.94e+18 2.66e+18   1.80e+18 3.56e+18  
1.8874e+00 2.40e+18 2.49e+18 2.18e+18 2.38e+18   2.12e+18 2.93e+18   1.97e+18 4.06e+18  
2.3950e+00 2.56e+18 2.65e+18 2.29e+18 2.52e+18   2.23e+18 3.17e+18   2.06e+18 4.44e+18  
3.0392e+00 2.57e+18 2.68e+18 2.29e+18 2.54e+18   2.23e+18 3.24e+18   2.05e+18 4.66e+18  
3.8566e+00 2.57e+18 2.68e+18 2.29e+18 2.54e+18   2.23e+18 3.24e+18   2.05e+18 4.67e+18  
4.8939e+00 2.57e+18 2.68e+18 2.29e+18 2.54e+18   2.23e+18 3.24e+18   2.05e+18 4.67e+18  
6.2102e+00 2.57e+18 2.68e+18 2.29e+18 2.54e+18   2.23e+18 3.24e+18   2.05e+18 4.67e+18  
7.8805e+00 2.57e+18 2.68e+18 2.29e+18 2.54e+18   2.23e+18 3.24e+18   2.05e+18 4.67e+18  
1.0000e+01 2.57e+18 2.68e+18 2.29e+18 2.54e+18   2.23e+18 3.24e+18   2.05e+18 4.67e+18  
