# x= #alpha_{int} [deg] ,  y= D(#alpha_{int}) [GeV cm^{-2}]
#     x       y_pdf_median  y_pdf_mean  y_mostlikely  y_chi2_best    CL_lo_PDF   CL_up_PDF
#                                                                 |          68.0% CL         |          95.0% CL          
1.0000e-02 9.42e+14 9.56e+14 9.43e+14 8.46e+14   8.30e+14 1.11e+15   7.51e+14 1.16e+15  
1.2690e-02 1.51e+15 1.54e+15 1.51e+15 1.37e+15   1.34e+15 1.79e+15   1.21e+15 1.86e+15  
1.6103e-02 2.44e+15 2.48e+15 2.44e+15 2.20e+15   2.15e+15 2.89e+15   1.95e+15 2.99e+15  
2.0434e-02 3.91e+15 3.99e+15 3.91e+15 3.55e+15   3.47e+15 4.63e+15   3.13e+15 4.83e+15  
2.5929e-02 6.32e+15 6.43e+15 6.32e+15 5.72e+15   5.59e+15 7.50e+15   5.03e+15 7.77e+15  
3.2903e-02 1.01e+16 1.03e+16 1.01e+16 9.20e+15   8.98e+15 1.20e+16   8.09e+15 1.25e+16  
4.1753e-02 1.63e+16 1.67e+16 1.64e+16 1.48e+16   1.45e+16 1.94e+16   1.31e+16 2.02e+16  
5.2983e-02 2.64e+16 2.69e+16 2.64e+16 2.39e+16   2.34e+16 3.12e+16   2.11e+16 3.25e+16  
6.7234e-02 4.18e+16 4.29e+16 4.18e+16 3.82e+16   3.74e+16 5.00e+16   3.37e+16 5.20e+16  
8.5317e-02 6.77e+16 6.92e+16 8.08e+16 6.16e+16   6.02e+16 8.08e+16   5.41e+16 8.37e+16  
1.0826e-01 1.08e+17 1.11e+17 1.08e+17 9.91e+16   9.67e+16 1.29e+17   8.65e+16 1.35e+17  
1.3738e-01 1.72e+17 1.77e+17 1.71e+17 1.58e+17   1.56e+17 2.08e+17   1.38e+17 2.16e+17  
1.7433e-01 2.75e+17 2.82e+17 2.71e+17 2.53e+17   2.47e+17 3.32e+17   2.18e+17 3.46e+17  
2.2122e-01 4.40e+17 4.49e+17 4.05e+17 4.05e+17   3.92e+17 5.32e+17   3.44e+17 5.58e+17  
2.8072e-01 7.07e+17 7.09e+17 6.67e+17 6.46e+17   6.14e+17 8.53e+17   5.37e+17 8.93e+17  
3.5622e-01 1.12e+18 1.11e+18 1.02e+18 1.02e+18   9.52e+17 1.37e+18   8.24e+17 1.43e+18  
4.5204e-01 1.65e+18 1.72e+18 1.54e+18 1.61e+18   1.41e+18 2.18e+18   1.25e+18 2.28e+18  
5.7362e-01 2.50e+18 2.62e+18 2.26e+18 2.51e+18   2.03e+18 3.45e+18   1.84e+18 3.61e+18  
7.2790e-01 3.85e+18 3.86e+18 3.18e+18 3.84e+18   2.84e+18 5.42e+18   2.64e+18 5.75e+18  
9.2367e-01 5.75e+18 5.65e+18 3.89e+18 5.76e+18   3.87e+18 8.42e+18   3.66e+18 8.93e+18  
1.1721e+00 8.38e+18 8.07e+18 5.86e+18 8.43e+18   5.28e+18 1.30e+19   4.90e+18 1.39e+19  
1.4874e+00 1.20e+19 1.12e+19 7.50e+18 1.20e+19   6.64e+18 1.99e+19   6.32e+18 2.15e+19  
1.8874e+00 1.67e+19 1.52e+19 9.33e+18 1.66e+19   8.13e+18 2.94e+19   7.82e+18 3.23e+19  
2.3950e+00 2.20e+19 2.00e+19 1.12e+19 2.21e+19   9.64e+18 4.34e+19   9.15e+18 4.84e+19  
3.0392e+00 2.74e+19 2.50e+19 1.08e+19 2.80e+19   1.11e+19 5.94e+19   1.05e+19 6.71e+19  
3.8566e+00 3.42e+19 3.06e+19 1.20e+19 3.46e+19   1.26e+19 7.96e+19   1.16e+19 9.44e+19  
4.8939e+00 4.04e+19 3.51e+19 1.24e+19 4.05e+19   1.28e+19 1.01e+20   1.20e+19 1.23e+20  
6.2102e+00 4.54e+19 3.89e+19 1.23e+19 4.56e+19   1.31e+19 1.26e+20   1.18e+19 1.56e+20  
7.8805e+00 4.60e+19 4.17e+19 1.25e+19 4.70e+19   1.29e+19 1.51e+20   1.20e+19 2.00e+20  
1.0000e+01 4.53e+19 4.30e+19 1.57e+19 4.70e+19   1.30e+19 1.76e+20   1.16e+19 2.26e+20  
