# x= #alpha_{int} [deg] ,  y= D(#alpha_{int}) [GeV cm^{-2}]
#     x       y_pdf_median  y_pdf_mean  y_mostlikely  y_chi2_best    CL_lo_PDF   CL_up_PDF
#                                                                 |          68.0% CL         |          95.0% CL          
1.0000e-02 2.19e+15 2.21e+15 2.21e+15 2.37e+15   1.87e+15 2.61e+15   1.61e+15 3.13e+15  
1.2690e-02 3.52e+15 3.55e+15 3.57e+15 3.78e+15   3.02e+15 4.20e+15   2.61e+15 5.05e+15  
1.6103e-02 5.66e+15 5.71e+15 5.77e+15 6.12e+15   4.85e+15 6.75e+15   4.20e+15 8.07e+15  
2.0434e-02 9.12e+15 9.18e+15 9.26e+15 9.83e+15   7.80e+15 1.08e+16   6.76e+15 1.29e+16  
2.5929e-02 1.46e+16 1.47e+16 1.46e+16 1.56e+16   1.25e+16 1.73e+16   1.09e+16 2.05e+16  
3.2903e-02 2.34e+16 2.35e+16 2.34e+16 2.51e+16   2.01e+16 2.75e+16   1.75e+16 3.25e+16  
4.1753e-02 3.73e+16 3.75e+16 3.73e+16 4.00e+16   3.22e+16 4.38e+16   2.82e+16 5.12e+16  
5.2983e-02 5.92e+16 5.95e+16 5.95e+16 6.34e+16   5.13e+16 6.94e+16   4.50e+16 7.92e+16  
6.7234e-02 9.21e+16 9.25e+16 9.30e+16 9.81e+16   8.06e+16 1.07e+17   7.14e+16 1.21e+17  
8.5317e-02 1.46e+17 1.46e+17 1.37e+17 1.55e+17   1.28e+17 1.67e+17   1.14e+17 1.88e+17  
1.0826e-01 2.24e+17 2.24e+17 2.18e+17 2.35e+17   2.00e+17 2.51e+17   1.79e+17 2.78e+17  
1.3738e-01 3.42e+17 3.40e+17 3.47e+17 3.54e+17   3.08e+17 3.73e+17   2.79e+17 4.09e+17  
1.7433e-01 5.09e+17 5.05e+17 5.21e+17 5.21e+17   4.63e+17 5.47e+17   4.31e+17 5.91e+17  
2.2122e-01 7.35e+17 7.31e+17 7.42e+17 7.41e+17   6.72e+17 7.93e+17   6.31e+17 8.51e+17  
2.8072e-01 1.04e+18 1.04e+18 1.10e+18 1.04e+18   9.44e+17 1.16e+18   8.63e+17 1.25e+18  
3.5622e-01 1.43e+18 1.42e+18 1.49e+18 1.38e+18   1.22e+18 1.65e+18   1.07e+18 1.82e+18  
4.5204e-01 1.88e+18 1.88e+18 1.89e+18 1.77e+18   1.56e+18 2.28e+18   1.34e+18 2.66e+18  
5.7362e-01 2.39e+18 2.41e+18 2.37e+18 2.22e+18   1.93e+18 3.05e+18   1.60e+18 3.80e+18  
7.2790e-01 2.95e+18 3.00e+18 2.46e+18 2.70e+18   2.30e+18 3.96e+18   1.86e+18 5.21e+18  
9.2367e-01 3.55e+18 3.65e+18 3.48e+18 3.21e+18   2.71e+18 5.00e+18   2.17e+18 6.77e+18  
1.1721e+00 4.17e+18 4.32e+18 3.29e+18 3.73e+18   3.12e+18 6.06e+18   2.42e+18 8.59e+18  
1.4874e+00 4.76e+18 4.98e+18 4.68e+18 4.24e+18   3.50e+18 7.15e+18   2.65e+18 1.06e+19  
1.8874e+00 5.41e+18 5.66e+18 5.24e+18 4.74e+18   3.89e+18 8.36e+18   2.91e+18 1.26e+19  
2.3950e+00 5.98e+18 6.27e+18 5.82e+18 5.19e+18   4.20e+18 9.43e+18   3.09e+18 1.48e+19  
3.0392e+00 6.35e+18 6.70e+18 6.24e+18 5.49e+18   4.34e+18 1.05e+19   3.10e+18 1.67e+19  
3.8566e+00 6.46e+18 6.88e+18 6.22e+18 5.50e+18   4.34e+18 1.12e+19   3.10e+18 1.83e+19  
4.8939e+00 6.47e+18 6.92e+18 7.43e+18 5.50e+18   4.34e+18 1.12e+19   3.09e+18 1.93e+19  
6.2102e+00 6.46e+18 6.92e+18 7.41e+18 5.50e+18   4.34e+18 1.12e+19   3.11e+18 1.92e+19  
7.8805e+00 6.46e+18 6.92e+18 6.22e+18 5.50e+18   4.34e+18 1.12e+19   3.10e+18 1.93e+19  
1.0000e+01 6.46e+18 6.92e+18 6.22e+18 5.50e+18   4.34e+18 1.12e+19   3.10e+18 1.93e+19  
