# x= #alpha_{int} [deg] ,  y= D(#alpha_{int}) [GeV cm^{-2}]
#     x       y_pdf_median  y_pdf_mean  y_mostlikely  y_chi2_best    CL_lo_PDF   CL_up_PDF
#                                                                 |          68.0% CL         |          95.0% CL          
1.0000e-02 1.44e+16 1.17e+16 8.48e+16 3.04e+15   2.80e+15 4.81e+16   1.50e+15 8.88e+16  
1.2690e-02 2.46e+16 1.88e+16 1.37e+17 4.89e+15   4.50e+15 7.74e+16   2.40e+15 1.43e+17  
1.6103e-02 3.95e+16 3.02e+16 2.20e+17 7.87e+15   7.22e+15 1.25e+17   3.85e+15 2.30e+17  
2.0434e-02 5.98e+16 4.85e+16 3.53e+17 1.27e+16   1.15e+16 2.00e+17   6.14e+15 3.70e+17  
2.5929e-02 1.01e+17 7.81e+16 5.68e+17 2.03e+16   1.84e+16 3.21e+17   9.78e+15 5.95e+17  
3.2903e-02 1.62e+17 1.25e+17 9.14e+17 3.27e+16   2.92e+16 5.16e+17   1.55e+16 9.57e+17  
4.1753e-02 2.58e+17 2.01e+17 1.47e+18 5.24e+16   4.60e+16 8.26e+17   2.44e+16 1.54e+18  
5.2983e-02 4.08e+17 3.22e+17 2.36e+18 8.36e+16   7.62e+16 1.32e+18   3.79e+16 2.47e+18  
6.7234e-02 6.74e+17 5.12e+17 3.99e+18 1.32e+17   1.16e+17 2.22e+18   5.69e+16 4.19e+18  
8.5317e-02 1.06e+18 8.17e+17 6.40e+18 2.10e+17   1.78e+17 3.53e+18   8.69e+16 6.72e+18  
1.0826e-01 1.74e+18 1.29e+18 1.02e+19 3.31e+17   2.70e+17 5.57e+18   1.26e+17 1.07e+19  
1.3738e-01 2.82e+18 2.04e+18 1.63e+19 5.15e+17   4.19e+17 9.31e+18   1.83e+17 1.71e+19  
1.7433e-01 4.54e+18 3.18e+18 2.59e+19 7.75e+17   6.00e+17 1.46e+19   2.54e+17 2.73e+19  
2.2122e-01 7.42e+18 4.94e+18 4.12e+19 1.19e+18   8.56e+17 2.29e+19   3.40e+17 4.35e+19  
2.8072e-01 1.18e+19 7.61e+18 6.98e+19 1.77e+18   1.25e+18 3.79e+19   4.47e+17 7.39e+19  
3.5622e-01 1.85e+19 1.16e+19 5.68e+18 2.53e+18   1.71e+18 6.28e+19   5.73e+17 1.17e+20  
4.5204e-01 3.08e+19 1.74e+19 3.13e+19 3.51e+18   2.31e+18 9.58e+19   6.78e+17 1.85e+20  
5.7362e-01 4.70e+19 2.58e+19 4.79e+19 4.70e+18   3.03e+18 1.57e+20   8.25e+17 2.90e+20  
7.2790e-01 7.84e+19 3.78e+19 8.00e+19 6.08e+18   3.85e+18 2.58e+20   9.18e+17 4.96e+20  
9.2367e-01 1.21e+20 5.45e+19 1.23e+20 7.63e+18   4.68e+18 4.00e+20   1.09e+18 7.79e+20  
1.1721e+00 1.84e+20 7.73e+19 1.12e+21 9.32e+18   5.53e+18 6.41e+20   1.21e+18 1.22e+21  
1.4874e+00 3.08e+20 1.08e+20 3.14e+20 1.11e+19   6.49e+18 1.06e+21   1.30e+18 2.10e+21  
1.8874e+00 4.60e+20 1.48e+20 4.70e+20 1.28e+19   7.20e+18 1.61e+21   1.27e+18 3.26e+21  
2.3950e+00 6.38e+20 1.98e+20 4.57e+19 1.46e+19   7.82e+18 2.59e+21   1.34e+18 5.06e+21  
3.0392e+00 8.83e+20 2.60e+20 5.66e+19 1.62e+19   8.34e+18 4.29e+21   1.31e+18 7.75e+21  
3.8566e+00 1.25e+21 3.34e+20 6.11e+19 1.72e+19   8.92e+18 6.38e+21   1.40e+18 1.34e+22  
4.8939e+00 1.64e+21 4.18e+20 1.79e+22 1.72e+19   8.31e+18 1.03e+22   1.32e+18 2.02e+22  
6.2102e+00 2.05e+21 5.16e+20 7.65e+19 1.72e+19   8.67e+18 1.49e+22   1.25e+18 2.98e+22  
7.8805e+00 2.31e+21 6.19e+20 4.18e+21 1.72e+19   8.52e+18 2.37e+22   1.29e+18 4.28e+22  
1.0000e+01 2.88e+21 7.26e+20 7.61e+19 1.72e+19   8.27e+18 3.27e+22   1.35e+18 7.15e+22  
