# x= #alpha_{int} [deg] ,  y= D(#alpha_{int}) [GeV cm^{-2}]
#     x       y_pdf_median  y_pdf_mean  y_mostlikely  y_chi2_best    CL_lo_PDF   CL_up_PDF
#                                                                 |          68.0% CL         |          95.0% CL          
1.0000e-02 5.47e+15 7.56e+15 3.68e+15 4.70e+15   3.02e+15 2.61e+16   1.69e+15 9.16e+16  
1.2690e-02 8.68e+15 1.21e+16 5.85e+15 7.47e+15   4.80e+15 4.09e+16   2.71e+15 1.49e+17  
1.6103e-02 1.34e+16 1.92e+16 9.21e+15 1.18e+16   7.60e+15 6.63e+16   4.40e+15 2.35e+17  
2.0434e-02 2.14e+16 3.03e+16 1.49e+16 1.84e+16   1.18e+16 1.05e+17   6.84e+15 3.75e+17  
2.5929e-02 3.24e+16 4.76e+16 2.39e+16 2.84e+16   1.87e+16 1.70e+17   1.10e+16 6.09e+17  
3.2903e-02 4.93e+16 7.39e+16 2.87e+16 4.31e+16   2.81e+16 2.83e+17   1.71e+16 9.98e+17  
4.1753e-02 7.47e+16 1.13e+17 6.02e+16 6.40e+16   4.08e+16 4.40e+17   2.72e+16 1.62e+18  
5.2983e-02 1.09e+17 1.71e+17 8.74e+16 9.24e+16   5.85e+16 7.00e+17   4.03e+16 2.61e+18  
6.7234e-02 1.55e+17 2.53e+17 1.31e+17 1.29e+17   8.18e+16 1.13e+18   5.70e+16 4.12e+18  
8.5317e-02 2.13e+17 3.68e+17 2.02e+17 1.75e+17   1.09e+17 1.82e+18   7.54e+16 6.48e+18  
1.0826e-01 3.02e+17 5.26e+17 1.42e+17 2.30e+17   1.43e+17 2.94e+18   9.74e+16 1.08e+19  
1.3738e-01 4.00e+17 7.35e+17 1.84e+17 2.91e+17   1.84e+17 4.79e+18   1.20e+17 1.71e+19  
1.7433e-01 5.14e+17 1.01e+18 3.57e+17 3.61e+17   2.22e+17 7.89e+18   1.45e+17 2.70e+19  
2.2122e-01 6.92e+17 1.37e+18 4.34e+17 4.34e+17   2.73e+17 1.28e+19   1.79e+17 4.55e+19  
2.8072e-01 8.39e+17 1.81e+18 8.46e+17 5.11e+17   3.13e+17 2.01e+19   2.08e+17 7.26e+19  
3.5622e-01 1.05e+18 2.37e+18 3.42e+17 5.92e+17   3.60e+17 3.25e+19   2.42e+17 1.18e+20  
4.5204e-01 1.26e+18 3.05e+18 4.04e+17 6.77e+17   4.16e+17 5.24e+19   2.63e+17 1.93e+20  
5.7362e-01 1.44e+18 3.86e+18 7.89e+17 7.58e+17   4.69e+17 8.00e+19   2.88e+17 2.92e+20  
7.2790e-01 1.63e+18 4.83e+18 4.91e+17 8.42e+17   5.07e+17 1.32e+20   3.23e+17 4.82e+20  
9.2367e-01 1.88e+18 5.95e+18 1.94e+18 9.20e+17   5.55e+17 1.99e+20   3.53e+17 7.94e+20  
1.1721e+00 2.10e+18 7.18e+18 2.18e+18 9.86e+17   5.86e+17 3.18e+20   3.54e+17 1.23e+21  
1.4874e+00 2.20e+18 8.49e+18 2.29e+18 1.04e+18   6.02e+17 4.84e+20   3.58e+17 2.02e+21  
1.8874e+00 2.30e+18 9.83e+18 2.38e+18 1.04e+18   6.03e+17 7.40e+20   3.54e+17 3.42e+21  
2.3950e+00 2.28e+18 1.12e+19 2.36e+18 1.04e+18   6.04e+17 1.18e+21   3.52e+17 5.12e+21  
3.0392e+00 2.23e+18 1.26e+19 2.31e+18 1.04e+18   5.89e+17 1.87e+21   3.47e+17 7.80e+21  
3.8566e+00 2.41e+18 1.40e+19 5.96e+17 1.04e+18   6.04e+17 2.59e+21   3.57e+17 1.32e+22  
4.8939e+00 2.33e+18 1.55e+19 1.04e+18 1.04e+18   6.04e+17 3.62e+21   3.54e+17 1.95e+22  
6.2102e+00 2.35e+18 1.69e+19 5.49e+17 1.04e+18   5.85e+17 4.79e+21   3.52e+17 2.89e+22  
7.8805e+00 2.35e+18 1.83e+19 5.67e+17 1.04e+18   5.94e+17 6.48e+21   3.43e+17 4.08e+22  
1.0000e+01 2.38e+18 1.97e+19 5.84e+17 1.04e+18   6.11e+17 8.43e+21   3.45e+17 5.85e+22  
