# x= #alpha_{int} [deg] ,  y= D(#alpha_{int}) [GeV cm^{-2}]
#     x       y_pdf_median  y_pdf_mean  y_mostlikely  y_chi2_best    CL_lo_PDF   CL_up_PDF
#                                                                 |          68.0% CL         |          95.0% CL          
1.0000e-02 1.34e+14 2.48e+01 1.29e+15 2.03e+16   4.19e-27 5.72e+15   1.12e-58 6.64e+16  
1.2690e-02 2.18e+14 3.40e+01 2.05e+15 3.27e+16   2.21e-27 9.12e+15   1.16e-58 1.06e+17  
1.6103e-02 3.61e+14 4.67e+01 3.25e+15 5.27e+16   2.29e-27 1.47e+16   1.20e-58 1.70e+17  
2.0434e-02 5.62e+14 6.38e+01 4.85e+15 8.48e+16   4.32e-27 2.52e+16   1.46e-58 2.81e+17  
2.5929e-02 8.87e+14 8.74e+01 7.70e+15 1.37e+17   4.74e-27 4.03e+16   1.51e-58 4.50e+17  
3.2903e-02 1.40e+15 1.19e+02 1.22e+16 2.20e+17   4.28e-27 6.46e+16   1.57e-58 7.22e+17  
4.1753e-02 2.21e+15 1.62e+02 1.94e+16 3.54e+17   2.20e-27 1.03e+17   1.63e-58 1.16e+18  
5.2983e-02 3.43e+15 2.20e+02 2.89e+16 5.70e+17   3.43e-27 1.62e+17   1.98e-58 1.99e+18  
6.7234e-02 5.22e+15 2.93e+02 4.58e+16 9.18e+17   4.26e-27 2.58e+17   2.06e-58 3.19e+18  
8.5317e-02 8.33e+15 3.94e+02 7.26e+16 1.48e+18   4.65e-27 4.08e+17   1.83e-58 5.34e+18  
1.0826e-01 1.30e+16 5.24e+02 1.15e+17 2.38e+18   4.70e-27 6.48e+17   1.90e-58 8.56e+18  
1.3738e-01 1.97e+16 6.93e+02 1.83e+17 3.83e+18   2.09e-27 1.03e+18   1.97e-58 1.37e+19  
1.7433e-01 2.95e+16 9.06e+02 2.90e+17 6.17e+18   2.19e-27 1.66e+18   2.05e-58 2.20e+19  
2.2122e-01 4.52e+16 1.18e+03 4.31e+17 9.94e+18   3.99e-27 2.61e+18   2.50e-58 3.46e+19  
2.8072e-01 6.16e+16 1.51e+03 6.83e+17 1.60e+19   4.94e-27 4.07e+18   2.12e-58 5.54e+19  
3.5622e-01 7.38e+16 1.92e+03 1.08e+18 2.57e+19   4.34e-27 6.44e+18   2.20e-58 8.88e+19  
4.5204e-01 9.81e+16 2.40e+03 1.72e+18 4.14e+19   3.82e-27 9.61e+18   1.92e-58 1.42e+20  
5.7362e-01 1.26e+17 2.97e+03 2.72e+18 6.66e+19   1.96e-27 1.48e+19   1.99e-58 2.28e+20  
7.2790e-01 1.61e+17 3.62e+03 4.03e+18 1.07e+20   3.54e-27 2.27e+19   2.43e-58 3.89e+20  
9.2367e-01 2.00e+17 4.35e+03 6.37e+18 1.72e+20   4.37e-27 3.52e+19   2.52e-58 6.22e+20  
1.1721e+00 2.34e+17 5.15e+03 1.01e+19 2.76e+20   4.21e-27 5.39e+19   2.62e-58 9.94e+20  
1.4874e+00 2.53e+17 6.02e+03 1.59e+19 4.41e+20   4.67e-27 8.23e+19   2.71e-58 1.59e+21  
1.8874e+00 2.65e+17 6.94e+03 2.51e+19 7.04e+20   4.06e-27 1.22e+20   2.34e-58 2.43e+21  
2.3950e+00 2.96e+17 7.91e+03 3.94e+19 1.12e+21   2.02e-27 1.77e+20   2.42e-58 3.69e+21  
3.0392e+00 2.45e+17 8.87e+03 6.17e+19 1.76e+21   2.46e-27 2.54e+20   2.51e-58 5.58e+21  
3.8566e+00 2.57e+17 9.83e+03 9.60e+19 2.75e+21   2.94e-27 3.56e+20   2.60e-58 8.37e+21  
4.8939e+00 2.54e+17 1.08e+04 1.48e+20 4.25e+21   3.57e-27 4.69e+20   2.69e-58 1.30e+22  
6.2102e+00 2.54e+17 1.17e+04 2.59e+19 6.46e+21   3.69e-27 5.07e+20   2.78e-58 1.81e+22  
7.8805e+00 2.84e+17 1.25e+04 3.86e+19 9.62e+21   3.55e-27 6.37e+20   2.88e-58 2.59e+22  
1.0000e+01 2.49e+17 1.32e+04 5.65e+19 1.40e+22   3.54e-27 7.82e+20   2.96e-58 3.63e+22  
