# x= #alpha_{int} [deg] ,  y= D(#alpha_{int}) [GeV cm^{-2}]
#     x       y_pdf_median  y_pdf_mean  y_mostlikely  y_chi2_best    CL_lo_PDF   CL_up_PDF
#                                                                 |          68.0% CL         |          95.0% CL          
1.0000e-02 3.60e+12 1.15e+09 1.63e+14 1.30e+05   2.03e-02 2.74e+14   1.96e-04 5.83e+14  
1.2690e-02 5.58e+12 1.51e+09 2.61e+14 1.30e+05   1.17e-02 4.40e+14   1.99e-04 9.41e+14  
1.6103e-02 1.11e+13 1.97e+09 4.15e+14 1.30e+05   1.39e-02 7.04e+14   1.22e-04 1.51e+15  
2.0434e-02 1.61e+13 2.55e+09 6.46e+14 1.30e+05   2.14e-02 1.11e+15   1.76e-04 2.42e+15  
2.5929e-02 2.50e+13 3.31e+09 1.03e+15 1.30e+05   1.20e-02 1.77e+15   2.03e-04 3.90e+15  
3.2903e-02 2.75e+13 4.21e+09 1.60e+15 1.30e+05   1.84e-02 3.05e+15   1.32e-04 6.69e+15  
4.1753e-02 4.25e+13 5.31e+09 2.55e+15 1.30e+05   2.19e-02 4.88e+15   1.51e-04 1.08e+16  
5.2983e-02 2.91e+13 6.65e+09 4.10e+15 1.30e+05   1.19e-02 7.86e+15   1.74e-04 1.74e+16  
6.7234e-02 4.11e+13 8.12e+09 6.40e+15 1.30e+05   1.83e-02 1.24e+16   2.19e-04 2.81e+16  
8.5317e-02 2.68e+13 9.96e+09 1.01e+16 1.30e+05   2.16e-02 1.97e+16   1.25e-04 4.46e+16  
1.0826e-01 4.08e+13 1.21e+10 1.60e+16 1.30e+05   1.13e-02 3.58e+16   1.43e-04 7.47e+16  
1.3738e-01 5.65e+13 1.48e+10 2.50e+16 1.30e+05   1.73e-02 5.68e+16   2.07e-04 1.20e+17  
1.7433e-01 3.57e+13 1.80e+10 3.95e+16 1.30e+05   2.04e-02 9.03e+16   2.03e-04 1.92e+17  
2.2122e-01 5.41e+13 2.18e+10 6.28e+16 1.30e+05   2.41e-02 1.44e+17   2.32e-04 3.09e+17  
2.8072e-01 3.37e+13 2.64e+10 9.97e+16 1.30e+05   1.21e-02 2.31e+17   1.28e-04 4.96e+17  
3.5622e-01 4.45e+13 3.15e+10 1.55e+17 1.30e+05   1.86e-02 3.64e+17   1.85e-04 7.97e+17  
4.5204e-01 2.68e+13 3.70e+10 2.45e+17 1.30e+05   2.18e-02 5.79e+17   1.79e-04 1.27e+18  
5.7362e-01 3.97e+13 4.34e+10 3.86e+17 1.30e+05   1.06e-02 9.18e+17   2.03e-04 2.03e+18  
7.2790e-01 5.88e+13 5.05e+10 6.08e+17 1.30e+05   1.24e-02 1.45e+18   2.31e-04 3.23e+18  
9.2367e-01 2.89e+13 5.84e+10 9.20e+17 1.30e+05   1.88e-02 2.24e+18   1.55e-04 5.06e+18  
1.1721e+00 4.17e+13 6.64e+10 1.41e+18 1.30e+05   2.17e-02 2.99e+18   1.74e-04 7.50e+18  
1.4874e+00 5.96e+13 7.28e+10 2.16e+18 1.30e+05   2.51e-02 4.23e+18   1.95e-04 1.16e+19  
1.8874e+00 3.23e+13 7.68e+10 1.26e+18 1.30e+05   1.15e-02 4.43e+18   1.84e-04 1.60e+19  
2.3950e+00 5.24e+13 7.84e+10 1.87e+18 1.30e+05   2.38e-02 4.47e+18   1.87e-04 2.24e+19  
3.0392e+00 2.59e+13 7.90e+10 9.07e-03 1.30e+05   1.05e-02 6.00e+18   2.02e-04 2.17e+19  
3.8566e+00 3.00e+13 7.91e+10 1.16e+18 1.30e+05   1.11e-02 4.69e+18   1.79e-04 2.60e+19  
4.8939e+00 3.00e+13 7.91e+10 1.16e+18 1.30e+05   1.11e-02 4.69e+18   1.79e-04 2.60e+19  
6.2102e+00 3.00e+13 7.91e+10 1.16e+18 1.30e+05   1.11e-02 4.69e+18   1.79e-04 2.60e+19  
7.8805e+00 3.00e+13 7.91e+10 1.16e+18 1.30e+05   1.11e-02 4.69e+18   1.79e-04 2.60e+19  
1.0000e+01 3.00e+13 7.91e+10 1.16e+18 1.30e+05   1.11e-02 4.69e+18   1.79e-04 2.60e+19  
