# x= #alpha_{int} [deg] ,  y= D(#alpha_{int}) [GeV cm^{-2}]
#     x       y_pdf_median  y_pdf_mean  y_mostlikely  y_chi2_best    CL_lo_PDF   CL_up_PDF
#                                                                 |          68.0% CL         |          95.0% CL          
1.0000e-02 1.45e+16 5.78e+15 1.54e+16 1.27e+15   1.43e+15 2.02e+16   1.26e+15 2.10e+16  
1.2690e-02 5.63e+15 8.06e+15 2.53e+16 2.04e+15   2.32e+15 2.62e+16   1.98e+15 3.34e+16  
1.6103e-02 9.01e+15 1.29e+16 4.06e+16 3.28e+15   3.71e+15 4.22e+16   3.16e+15 5.37e+16  
2.0434e-02 6.04e+16 2.40e+16 6.41e+16 5.28e+15   5.84e+15 8.44e+16   5.15e+15 8.75e+16  
2.5929e-02 2.37e+16 3.33e+16 1.06e+17 8.49e+15   9.34e+15 1.10e+17   8.38e+15 1.39e+17  
3.2903e-02 1.55e+17 6.17e+16 1.65e+17 1.36e+16   1.47e+16 2.18e+17   1.37e+16 2.27e+17  
4.1753e-02 2.61e+17 9.84e+16 2.78e+17 2.19e+16   2.31e+16 3.49e+17   2.14e+16 3.63e+17  
5.2983e-02 4.21e+17 1.56e+17 4.48e+17 3.49e+16   3.56e+16 5.66e+17   3.29e+16 5.88e+17  
6.7234e-02 6.76e+17 2.47e+17 7.20e+17 5.51e+16   5.67e+16 9.10e+17   4.96e+16 9.46e+17  
8.5317e-02 1.09e+18 3.88e+17 1.16e+18 8.79e+16   8.89e+16 1.47e+18   7.33e+16 1.52e+18  
1.0826e-01 1.74e+18 6.06e+17 1.85e+18 1.38e+17   1.28e+17 2.36e+18   9.92e+16 2.45e+18  
1.3738e-01 2.73e+18 9.38e+17 2.93e+18 2.16e+17   1.72e+17 3.78e+18   1.39e+17 3.94e+18  
1.7433e-01 4.29e+18 1.44e+18 4.61e+18 3.34e+17   2.39e+17 6.06e+18   1.79e+17 6.34e+18  
2.2122e-01 7.20e+18 2.19e+18 7.77e+18 5.04e+17   2.99e+17 9.72e+18   2.35e+17 1.02e+19  
2.8072e-01 1.13e+19 3.30e+18 1.23e+19 7.49e+17   3.57e+17 1.56e+19   2.77e+17 1.64e+19  
3.5622e-01 1.76e+19 4.92e+18 1.92e+19 1.07e+18   4.53e+17 2.49e+19   3.43e+17 2.63e+19  
4.5204e-01 7.14e+18 5.96e+18 3.08e+19 1.49e+18   5.38e+17 3.29e+19   4.12e+17 4.20e+19  
5.7362e-01 1.07e+19 8.53e+18 4.81e+19 2.00e+18   5.84e+17 5.17e+19   4.78e+17 6.74e+19  
7.2790e-01 1.78e+19 1.21e+19 8.27e+19 2.59e+18   6.84e+17 8.95e+19   4.98e+17 1.08e+20  
9.2367e-01 2.82e+19 1.69e+19 1.30e+20 3.24e+18   7.06e+17 1.42e+20   5.59e+17 1.73e+20  
1.1721e+00 4.37e+19 2.32e+19 2.04e+20 3.94e+18   8.15e+17 2.23e+20   5.66e+17 2.78e+20  
1.4874e+00 6.66e+19 3.11e+19 3.17e+20 4.63e+18   7.55e+17 3.50e+20   5.73e+17 4.44e+20  
1.8874e+00 9.32e+19 4.12e+19 4.93e+20 5.24e+18   7.77e+17 5.49e+20   5.79e+17 7.08e+20  
2.3950e+00 1.30e+20 5.37e+19 7.66e+20 5.58e+18   8.00e+17 8.58e+20   5.85e+17 1.13e+21  
3.0392e+00 1.73e+20 6.84e+19 1.36e+21 5.58e+18   8.31e+17 1.54e+21   5.93e+17 1.78e+21  
3.8566e+00 2.39e+20 8.58e+19 2.11e+21 5.58e+18   7.29e+17 2.32e+21   5.99e+17 2.44e+21  
4.8939e+00 3.28e+20 1.06e+20 3.22e+21 5.58e+18   7.43e+17 3.57e+21   6.05e+17 3.76e+21  
6.2102e+00 3.72e+20 1.29e+20 4.85e+21 5.58e+18   7.58e+17 5.29e+21   6.11e+17 5.68e+21  
7.8805e+00 4.93e+20 1.54e+20 6.00e+21 5.58e+18   7.72e+17 6.68e+21   6.17e+17 7.06e+21  
1.0000e+01 5.32e+20 1.81e+20 8.61e+21 5.58e+18   7.85e+17 9.41e+21   6.22e+17 1.02e+22  
