# x= #alpha_{int} [deg] ,  y= D(#alpha_{int}) [GeV cm^{-2}]
#     x       y_pdf_median  y_pdf_mean  y_mostlikely  y_chi2_best    CL_lo_PDF   CL_up_PDF
#                                                                 |          68.0% CL         |          95.0% CL          
1.0000e-02 7.71e+12 9.63e-07 1.96e+15 7.28e+14   4.05e-44 3.45e+15   2.92e-64 2.64e+16  
1.2690e-02 1.21e+13 1.24e-06 3.12e+15 1.18e+15   4.74e-44 5.50e+15   3.07e-64 4.23e+16  
1.6103e-02 1.97e+13 1.60e-06 4.97e+15 1.89e+15   5.43e-44 8.91e+15   3.23e-64 6.77e+16  
2.0434e-02 3.10e+13 2.05e-06 7.90e+15 3.04e+15   6.07e-44 1.46e+16   3.39e-64 1.11e+17  
2.5929e-02 4.86e+13 2.63e-06 1.26e+16 4.91e+15   7.09e-44 2.33e+16   3.57e-64 1.77e+17  
3.2903e-02 7.64e+13 3.37e-06 2.00e+16 7.89e+15   6.65e-44 3.78e+16   3.75e-64 2.84e+17  
4.1753e-02 1.20e+14 4.32e-06 3.18e+16 1.27e+16   7.76e-44 6.02e+16   3.94e-64 4.54e+17  
5.2983e-02 1.89e+14 5.52e-06 5.06e+16 2.05e+16   8.76e-44 9.59e+16   4.14e-64 7.26e+17  
6.7234e-02 2.91e+14 6.98e-06 8.04e+16 3.25e+16   8.48e-44 1.53e+17   2.20e-64 1.16e+18  
8.5317e-02 4.48e+14 8.86e-06 1.28e+17 5.25e+16   7.54e-44 2.45e+17   2.16e-64 1.86e+18  
1.0826e-01 6.21e+14 1.12e-05 1.89e+17 8.36e+16   2.83e-44 3.92e+17   2.33e-64 2.90e+18  
1.3738e-01 9.55e+14 1.41e-05 3.01e+17 1.33e+17   3.29e-44 6.22e+17   2.45e-64 4.69e+18  
1.7433e-01 5.90e+14 1.75e-05 4.78e+17 2.11e+17   3.83e-44 9.90e+17   2.57e-64 7.51e+18  
2.2122e-01 2.98e+14 2.17e-05 7.60e+17 3.34e+17   4.46e-44 1.58e+18   2.70e-64 1.20e+19  
2.8072e-01 4.14e+14 2.67e-05 1.21e+18 5.24e+17   5.19e-44 2.43e+18   2.83e-64 1.92e+19  
3.5622e-01 4.38e+14 3.26e-05 1.92e+18 8.09e+17   5.92e-44 3.84e+18   2.97e-64 3.10e+19  
4.5204e-01 6.01e+14 3.93e-05 3.05e+18 1.23e+18   6.57e-44 6.06e+18   2.37e-64 4.96e+19  
5.7362e-01 8.32e+14 4.70e-05 4.84e+18 1.83e+18   7.63e-44 9.44e+18   2.49e-64 7.83e+19  
7.2790e-01 7.65e+14 5.57e-05 4.40e+17 2.63e+18   7.06e-44 1.33e+19   2.61e-64 1.26e+20  
9.2367e-01 6.46e+14 6.50e-05 6.92e+17 3.66e+18   8.20e-44 2.05e+19   2.74e-64 2.01e+20  
1.1721e+00 3.45e+14 7.53e-05 1.93e+19 4.90e+18   7.55e-44 3.13e+19   2.87e-64 3.12e+20  
1.4874e+00 3.82e+14 8.65e-05 3.04e+19 6.37e+18   8.75e-44 4.57e+19   2.70e-64 5.31e+20  
1.8874e+00 5.03e+14 9.84e-05 4.78e+19 7.87e+18   1.01e-43 7.12e+19   2.83e-64 8.41e+20  
2.3950e+00 6.91e+14 1.11e-04 7.48e+19 9.41e+18   8.83e-44 1.09e+20   2.96e-64 1.28e+21  
3.0392e+00 7.79e+14 1.22e-04 1.08e+20 1.04e+19   3.03e-44 1.58e+20   4.16e-64 2.54e+21  
3.8566e+00 6.54e+14 1.35e-04 1.65e+20 1.05e+19   3.47e-44 2.00e+20   4.35e-64 3.64e+21  
4.8939e+00 5.84e+14 1.47e-04 2.51e+20 1.05e+19   3.96e-44 2.53e+20   4.55e-64 5.55e+21  
6.2102e+00 3.28e+14 1.58e-04 4.03e+20 1.05e+19   1.96e-44 3.53e+20   3.51e-64 8.62e+21  
7.8805e+00 3.49e+14 1.69e-04 5.42e+20 1.05e+19   5.06e-44 3.73e+20   4.37e-64 1.21e+22  
1.0000e+01 4.51e+14 1.79e-04 7.66e+20 1.05e+19   5.65e-44 4.37e+20   4.53e-64 1.72e+22  
